<?xml version="1.0" encoding="UTF-8"?>
<TestRun id="248ade0d-0835-408d-96e7-d536829394c7" name="willem@WILLEM-PC 2012-11-24 23:31:46" runUser="willem-PC\willem" xmlns="http://microsoft.com/schemas/VisualStudio/TeamTest/2010">
  <TestSettings name="Default Test Settings" id="32a42c99-f4a6-410b-8aae-dc6a1d1c974d">
    <Deployment runDeploymentRoot="willem_WILLEM-PC 2012-11-24 23_31_46">
      <DeploymentItem filename="D:\code\MonackFr\MonackFr\MonackFr.Mvc\MonackFr.Mvc\Areas\UserManagement.Tests\bin\Debug\System.Web.Optimization.dll" />
      <DeploymentItem filename="C:\Program Files (x86)\Microsoft ASP.NET\ASP.NET Web Pages\v2.0\Assemblies\System.Web.WebPages.Deployment.dll" />
      <DeploymentItem filename="C:\Program Files (x86)\Microsoft ASP.NET\ASP.NET MVC 4\Assemblies\System.Net.Http.dll" />
      <DeploymentItem filename="C:\Program Files (x86)\Microsoft ASP.NET\ASP.NET MVC 4\Assemblies\System.Web.Http.dll" />
      <DeploymentItem filename="C:\Program Files (x86)\Microsoft ASP.NET\ASP.NET Web Pages\v2.0\Assemblies\System.Web.Helpers.dll" />
      <DeploymentItem filename="D:\code\MonackFr\MonackFr\MonackFr.Mvc\MonackFr.Mvc\Areas\UserManagement.Tests\bin\Debug\WebGrease.dll" />
      <DeploymentItem filename="C:\Program Files (x86)\Microsoft ASP.NET\ASP.NET Web Pages\v2.0\Assemblies\Microsoft.Web.Infrastructure.dll" />
      <DeploymentItem filename="C:\Program Files (x86)\Microsoft ASP.NET\ASP.NET MVC 4\Assemblies\System.Net.Http.Formatting.dll" />
      <DeploymentItem filename="D:\code\MonackFr\MonackFr\MonackFr.Mvc\MonackFr.Mvc\Areas\UserManagement.Tests\bin\Debug\Antlr3.Runtime.dll" />
      <DeploymentItem filename="C:\Program Files (x86)\Microsoft ASP.NET\ASP.NET Web Pages\v2.0\Assemblies\System.Web.Razor.dll" />
      <DeploymentItem filename="D:\code\MonackFr\MonackFr\MonackFr.Library\bin\Debug\MonackFr.dll" />
      <DeploymentItem filename="D:\code\MonackFr\MonackFr\MonackFr.Mvc\MonackFr.Mvc\bin\UserManagement.dll" />
      <DeploymentItem filename="C:\Program Files (x86)\Microsoft ASP.NET\ASP.NET Web Pages\v2.0\Assemblies\System.Web.WebPages.dll" />
      <DeploymentItem filename="D:\code\MonackFr\MonackFr\MonackFr.Mvc\MonackFr.Mvc\Areas\UserManagement.Tests\bin\Debug\EntityFramework.dll" />
      <DeploymentItem filename="C:\Program Files (x86)\Microsoft ASP.NET\ASP.NET Web Pages\v2.0\Assemblies\System.Web.WebPages.Razor.dll" />
      <DeploymentItem filename="C:\Program Files (x86)\Microsoft ASP.NET\ASP.NET MVC 4\Assemblies\System.Web.Mvc.dll" />
      <DeploymentItem filename="D:\code\MonackFr\MonackFr\MonackFr.Mvc\MonackFr.Mvc\bin\System.Web.Providers.dll" />
      <DeploymentItem filename="D:\code\MonackFr\MonackFr\MonackFr.Mvc\MonackFr.Mvc\Areas\UserManagement.Tests\bin\Debug\Newtonsoft.Json.dll" />
      <DeploymentItem filename="C:\Program Files (x86)\Microsoft ASP.NET\ASP.NET MVC 4\Assemblies\System.Web.Http.WebHost.dll" />
      <DeploymentItem filename="D:\code\MonackFr\MonackFr\MonackFr.Mvc\MonackFr.Mvc\bin\MonackFr.Mvc.dll" />
      <DeploymentItem filename="C:\Program Files (x86)\Microsoft ASP.NET\ASP.NET MVC 4\Assemblies\System.Net.Http.WebRequest.dll" />
    </Deployment>
    <Execution>
      <TestTypeSpecific />
      <AgentRule name="Execution Agents">
      </AgentRule>
    </Execution>
  </TestSettings>
  <Times creation="2012-11-24T23:31:46.2584547+01:00" queuing="2012-11-24T23:32:05.3084814+01:00" start="2012-11-24T23:32:05.4584816+01:00" finish="2012-11-24T23:32:19.1385008+01:00" />
  <ResultSummary outcome="Completed">
    <Counters total="9" executed="9" passed="9" error="0" failed="0" timeout="0" aborted="0" inconclusive="0" passedButRunAborted="0" notRunnable="0" notExecuted="0" disconnected="0" warning="0" completed="0" inProgress="0" pending="0" />
  </ResultSummary>
  <TestDefinitions>
    <UnitTest name="DeleteTest" storage="d:\code\monackfr\monackfr\monackfr.mvc\monackfr.mvc\areas\usermanagement.tests\bin\debug\usermanagement.tests.dll" id="4bb346d0-fecd-45be-06d6-bfa882cdd341">
      <Execution id="896d0773-34c7-42e6-9235-7a876e619d72" />
      <TestMethod codeBase="D:/code/MonackFr/MonackFr/MonackFr.Mvc/MonackFr.Mvc/Areas/UserManagement.Tests/bin/Debug/UserManagement.Tests.DLL" adapterTypeName="Microsoft.VisualStudio.TestTools.TestTypes.Unit.UnitTestAdapter, Microsoft.VisualStudio.QualityTools.Tips.UnitTest.Adapter, Version=10.0.0.0, Culture=neutral, PublicKeyToken=b03f5f7f11d50a3a" className="MonackFr.Mvc.Areas.UserManagement.Tests.UserControllerTest, UserManagement.Tests, Version=1.0.0.0, Culture=neutral, PublicKeyToken=null" name="DeleteTest" />
    </UnitTest>
    <UnitTest name="DetailsTest" storage="d:\code\monackfr\monackfr\monackfr.mvc\monackfr.mvc\areas\usermanagement.tests\bin\debug\usermanagement.tests.dll" id="fa99c4be-8c51-acef-7159-316bcb10e211">
      <Execution id="9ecfe92c-f810-443c-a784-d9297845337e" />
      <TestMethod codeBase="D:/code/MonackFr/MonackFr/MonackFr.Mvc/MonackFr.Mvc/Areas/UserManagement.Tests/bin/Debug/UserManagement.Tests.DLL" adapterTypeName="Microsoft.VisualStudio.TestTools.TestTypes.Unit.UnitTestAdapter, Microsoft.VisualStudio.QualityTools.Tips.UnitTest.Adapter, Version=10.0.0.0, Culture=neutral, PublicKeyToken=b03f5f7f11d50a3a" className="MonackFr.Mvc.Areas.UserManagement.Tests.UserControllerTest, UserManagement.Tests, Version=1.0.0.0, Culture=neutral, PublicKeyToken=null" name="DetailsTest" />
    </UnitTest>
    <UnitTest name="ViewEditTest" storage="d:\code\monackfr\monackfr\monackfr.mvc\monackfr.mvc\areas\usermanagement.tests\bin\debug\usermanagement.tests.dll" id="98e6d09e-5d45-31b4-f4ad-a051185f934e">
      <Execution id="fecb8524-32df-4cab-a07b-f8a11a6a3d67" />
      <TestMethod codeBase="D:/code/MonackFr/MonackFr/MonackFr.Mvc/MonackFr.Mvc/Areas/UserManagement.Tests/bin/Debug/UserManagement.Tests.DLL" adapterTypeName="Microsoft.VisualStudio.TestTools.TestTypes.Unit.UnitTestAdapter, Microsoft.VisualStudio.QualityTools.Tips.UnitTest.Adapter, Version=10.0.0.0, Culture=neutral, PublicKeyToken=b03f5f7f11d50a3a" className="MonackFr.Mvc.Areas.UserManagement.Tests.UserControllerTest, UserManagement.Tests, Version=1.0.0.0, Culture=neutral, PublicKeyToken=null" name="ViewEditTest" />
    </UnitTest>
    <UnitTest name="CreateTest" storage="d:\code\monackfr\monackfr\monackfr.mvc\monackfr.mvc\areas\usermanagement.tests\bin\debug\usermanagement.tests.dll" id="0ffe3f3f-460b-b06b-3a2a-c384149f3ccf">
      <Execution id="addc5c9a-3faa-4900-8bdf-e5e9bb7b756e" />
      <TestMethod codeBase="D:/code/MonackFr/MonackFr/MonackFr.Mvc/MonackFr.Mvc/Areas/UserManagement.Tests/bin/Debug/UserManagement.Tests.DLL" adapterTypeName="Microsoft.VisualStudio.TestTools.TestTypes.Unit.UnitTestAdapter, Microsoft.VisualStudio.QualityTools.Tips.UnitTest.Adapter, Version=10.0.0.0, Culture=neutral, PublicKeyToken=b03f5f7f11d50a3a" className="MonackFr.Mvc.Areas.UserManagement.Tests.UserControllerTest, UserManagement.Tests, Version=1.0.0.0, Culture=neutral, PublicKeyToken=null" name="CreateTest" />
    </UnitTest>
    <UnitTest name="LoginTest" storage="d:\code\monackfr\monackfr\monackfr.mvc\monackfr.mvc\areas\usermanagement.tests\bin\debug\usermanagement.tests.dll" id="28718a37-9df0-dd77-b04b-db02af780181">
      <Execution id="c31e3e88-f612-4b51-9abd-79167732ed3f" />
      <TestMethod codeBase="D:/code/MonackFr/MonackFr/MonackFr.Mvc/MonackFr.Mvc/Areas/UserManagement.Tests/bin/Debug/UserManagement.Tests.DLL" adapterTypeName="Microsoft.VisualStudio.TestTools.TestTypes.Unit.UnitTestAdapter, Microsoft.VisualStudio.QualityTools.Tips.UnitTest.Adapter, Version=10.0.0.0, Culture=neutral, PublicKeyToken=b03f5f7f11d50a3a" className="MonackFr.Mvc.Areas.UserManagement.Tests.UserControllerTest, UserManagement.Tests, Version=1.0.0.0, Culture=neutral, PublicKeyToken=null" name="LoginTest" />
    </UnitTest>
    <UnitTest name="EditTest" storage="d:\code\monackfr\monackfr\monackfr.mvc\monackfr.mvc\areas\usermanagement.tests\bin\debug\usermanagement.tests.dll" id="ea00d908-566b-2ad6-a5c3-6d84421bf1cf">
      <Execution id="e4f44d3e-1486-4903-be90-91f5251cd80b" />
      <TestMethod codeBase="D:/code/MonackFr/MonackFr/MonackFr.Mvc/MonackFr.Mvc/Areas/UserManagement.Tests/bin/Debug/UserManagement.Tests.DLL" adapterTypeName="Microsoft.VisualStudio.TestTools.TestTypes.Unit.UnitTestAdapter, Microsoft.VisualStudio.QualityTools.Tips.UnitTest.Adapter, Version=10.0.0.0, Culture=neutral, PublicKeyToken=b03f5f7f11d50a3a" className="MonackFr.Mvc.Areas.UserManagement.Tests.UserControllerTest, UserManagement.Tests, Version=1.0.0.0, Culture=neutral, PublicKeyToken=null" name="EditTest" />
    </UnitTest>
    <UnitTest name="ViewCreateTest" storage="d:\code\monackfr\monackfr\monackfr.mvc\monackfr.mvc\areas\usermanagement.tests\bin\debug\usermanagement.tests.dll" id="75bb7c3f-3909-c856-0e2b-78fc66ea1b7d">
      <Execution id="e14a414a-633f-4458-b0b8-5249cafc36b2" />
      <TestMethod codeBase="D:/code/MonackFr/MonackFr/MonackFr.Mvc/MonackFr.Mvc/Areas/UserManagement.Tests/bin/Debug/UserManagement.Tests.DLL" adapterTypeName="Microsoft.VisualStudio.TestTools.TestTypes.Unit.UnitTestAdapter, Microsoft.VisualStudio.QualityTools.Tips.UnitTest.Adapter, Version=10.0.0.0, Culture=neutral, PublicKeyToken=b03f5f7f11d50a3a" className="MonackFr.Mvc.Areas.UserManagement.Tests.UserControllerTest, UserManagement.Tests, Version=1.0.0.0, Culture=neutral, PublicKeyToken=null" name="ViewCreateTest" />
    </UnitTest>
    <UnitTest name="ViewCreateTest" storage="d:\code\monackfr\monackfr\monackfr.mvc\monackfr.mvc\areas\usermanagement.tests\bin\debug\usermanagement.tests.dll" id="2d882a6f-f685-06f5-e3fb-93ae3d4835c5">
      <Execution id="c96e352a-a3a3-44b9-87e5-4aff3ccc9547" />
      <TestMethod codeBase="D:/code/MonackFr/MonackFr/MonackFr.Mvc/MonackFr.Mvc/Areas/UserManagement.Tests/bin/Debug/UserManagement.Tests.DLL" adapterTypeName="Microsoft.VisualStudio.TestTools.TestTypes.Unit.UnitTestAdapter, Microsoft.VisualStudio.QualityTools.Tips.UnitTest.Adapter, Version=10.0.0.0, Culture=neutral, PublicKeyToken=b03f5f7f11d50a3a" className="MonackFr.Mvc.Areas.UserManagement.Tests.RoleControllerTest, UserManagement.Tests, Version=1.0.0.0, Culture=neutral, PublicKeyToken=null" name="ViewCreateTest" />
    </UnitTest>
    <UnitTest name="IndexTest" storage="d:\code\monackfr\monackfr\monackfr.mvc\monackfr.mvc\areas\usermanagement.tests\bin\debug\usermanagement.tests.dll" id="e746f793-e3b4-3d22-7668-20409ab89219">
      <Execution id="f6d67ebb-2704-4a30-a2de-80c658842938" />
      <TestMethod codeBase="D:/code/MonackFr/MonackFr/MonackFr.Mvc/MonackFr.Mvc/Areas/UserManagement.Tests/bin/Debug/UserManagement.Tests.DLL" adapterTypeName="Microsoft.VisualStudio.TestTools.TestTypes.Unit.UnitTestAdapter, Microsoft.VisualStudio.QualityTools.Tips.UnitTest.Adapter, Version=10.0.0.0, Culture=neutral, PublicKeyToken=b03f5f7f11d50a3a" className="MonackFr.Mvc.Areas.UserManagement.Tests.UserControllerTest, UserManagement.Tests, Version=1.0.0.0, Culture=neutral, PublicKeyToken=null" name="IndexTest" />
    </UnitTest>
  </TestDefinitions>
  <TestLists>
    <TestList name="Results Not in a List" id="8c84fa94-04c1-424b-9868-57a2d4851a1d" />
    <TestList name="All Loaded Results" id="19431567-8539-422a-85d7-44ee4e166bda" />
  </TestLists>
  <TestEntries>
    <TestEntry testId="75bb7c3f-3909-c856-0e2b-78fc66ea1b7d" executionId="e14a414a-633f-4458-b0b8-5249cafc36b2" testListId="8c84fa94-04c1-424b-9868-57a2d4851a1d" />
    <TestEntry testId="0ffe3f3f-460b-b06b-3a2a-c384149f3ccf" executionId="addc5c9a-3faa-4900-8bdf-e5e9bb7b756e" testListId="8c84fa94-04c1-424b-9868-57a2d4851a1d" />
    <TestEntry testId="e746f793-e3b4-3d22-7668-20409ab89219" executionId="f6d67ebb-2704-4a30-a2de-80c658842938" testListId="8c84fa94-04c1-424b-9868-57a2d4851a1d" />
    <TestEntry testId="98e6d09e-5d45-31b4-f4ad-a051185f934e" executionId="fecb8524-32df-4cab-a07b-f8a11a6a3d67" testListId="8c84fa94-04c1-424b-9868-57a2d4851a1d" />
    <TestEntry testId="ea00d908-566b-2ad6-a5c3-6d84421bf1cf" executionId="e4f44d3e-1486-4903-be90-91f5251cd80b" testListId="8c84fa94-04c1-424b-9868-57a2d4851a1d" />
    <TestEntry testId="fa99c4be-8c51-acef-7159-316bcb10e211" executionId="9ecfe92c-f810-443c-a784-d9297845337e" testListId="8c84fa94-04c1-424b-9868-57a2d4851a1d" />
    <TestEntry testId="4bb346d0-fecd-45be-06d6-bfa882cdd341" executionId="896d0773-34c7-42e6-9235-7a876e619d72" testListId="8c84fa94-04c1-424b-9868-57a2d4851a1d" />
    <TestEntry testId="28718a37-9df0-dd77-b04b-db02af780181" executionId="c31e3e88-f612-4b51-9abd-79167732ed3f" testListId="8c84fa94-04c1-424b-9868-57a2d4851a1d" />
    <TestEntry testId="2d882a6f-f685-06f5-e3fb-93ae3d4835c5" executionId="c96e352a-a3a3-44b9-87e5-4aff3ccc9547" testListId="8c84fa94-04c1-424b-9868-57a2d4851a1d" />
  </TestEntries>
  <Results>
    <UnitTestResult executionId="e14a414a-633f-4458-b0b8-5249cafc36b2" testId="75bb7c3f-3909-c856-0e2b-78fc66ea1b7d" testName="ViewCreateTest" computerName="WILLEM-PC" duration="00:00:00.1164895" startTime="2012-11-24T23:32:05.6384819+01:00" endTime="2012-11-24T23:32:07.3384843+01:00" testType="13cdc9d9-ddb5-4fa4-a97d-d965ccfc6d4b" outcome="Passed" testListId="8c84fa94-04c1-424b-9868-57a2d4851a1d" relativeResultsDirectory="e14a414a-633f-4458-b0b8-5249cafc36b2">
    </UnitTestResult>
    <UnitTestResult executionId="addc5c9a-3faa-4900-8bdf-e5e9bb7b756e" testId="0ffe3f3f-460b-b06b-3a2a-c384149f3ccf" testName="CreateTest" computerName="WILLEM-PC" duration="00:00:07.6158306" startTime="2012-11-24T23:32:07.3484843+01:00" endTime="2012-11-24T23:32:14.9784949+01:00" testType="13cdc9d9-ddb5-4fa4-a97d-d965ccfc6d4b" outcome="Passed" testListId="8c84fa94-04c1-424b-9868-57a2d4851a1d" relativeResultsDirectory="addc5c9a-3faa-4900-8bdf-e5e9bb7b756e">
    </UnitTestResult>
    <UnitTestResult executionId="f6d67ebb-2704-4a30-a2de-80c658842938" testId="e746f793-e3b4-3d22-7668-20409ab89219" testName="IndexTest" computerName="WILLEM-PC" duration="00:00:03.7345688" startTime="2012-11-24T23:32:14.9884950+01:00" endTime="2012-11-24T23:32:18.7285002+01:00" testType="13cdc9d9-ddb5-4fa4-a97d-d965ccfc6d4b" outcome="Passed" testListId="8c84fa94-04c1-424b-9868-57a2d4851a1d" relativeResultsDirectory="f6d67ebb-2704-4a30-a2de-80c658842938">
    </UnitTestResult>
    <UnitTestResult executionId="fecb8524-32df-4cab-a07b-f8a11a6a3d67" testId="98e6d09e-5d45-31b4-f4ad-a051185f934e" testName="ViewEditTest" computerName="WILLEM-PC" duration="00:00:00.0041385" startTime="2012-11-24T23:32:18.7485002+01:00" endTime="2012-11-24T23:32:18.7685003+01:00" testType="13cdc9d9-ddb5-4fa4-a97d-d965ccfc6d4b" outcome="Passed" testListId="8c84fa94-04c1-424b-9868-57a2d4851a1d" relativeResultsDirectory="fecb8524-32df-4cab-a07b-f8a11a6a3d67">
    </UnitTestResult>
    <UnitTestResult executionId="e4f44d3e-1486-4903-be90-91f5251cd80b" testId="ea00d908-566b-2ad6-a5c3-6d84421bf1cf" testName="EditTest" computerName="WILLEM-PC" duration="00:00:00.0029670" startTime="2012-11-24T23:32:18.7785003+01:00" endTime="2012-11-24T23:32:18.7785003+01:00" testType="13cdc9d9-ddb5-4fa4-a97d-d965ccfc6d4b" outcome="Passed" testListId="8c84fa94-04c1-424b-9868-57a2d4851a1d" relativeResultsDirectory="e4f44d3e-1486-4903-be90-91f5251cd80b">
    </UnitTestResult>
    <UnitTestResult executionId="9ecfe92c-f810-443c-a784-d9297845337e" testId="fa99c4be-8c51-acef-7159-316bcb10e211" testName="DetailsTest" computerName="WILLEM-PC" duration="00:00:00.0020720" startTime="2012-11-24T23:32:18.7885003+01:00" endTime="2012-11-24T23:32:18.7985003+01:00" testType="13cdc9d9-ddb5-4fa4-a97d-d965ccfc6d4b" outcome="Passed" testListId="8c84fa94-04c1-424b-9868-57a2d4851a1d" relativeResultsDirectory="9ecfe92c-f810-443c-a784-d9297845337e">
    </UnitTestResult>
    <UnitTestResult executionId="896d0773-34c7-42e6-9235-7a876e619d72" testId="4bb346d0-fecd-45be-06d6-bfa882cdd341" testName="DeleteTest" computerName="WILLEM-PC" duration="00:00:00.0034221" startTime="2012-11-24T23:32:18.7985003+01:00" endTime="2012-11-24T23:32:18.8085003+01:00" testType="13cdc9d9-ddb5-4fa4-a97d-d965ccfc6d4b" outcome="Passed" testListId="8c84fa94-04c1-424b-9868-57a2d4851a1d" relativeResultsDirectory="896d0773-34c7-42e6-9235-7a876e619d72">
    </UnitTestResult>
    <UnitTestResult executionId="c31e3e88-f612-4b51-9abd-79167732ed3f" testId="28718a37-9df0-dd77-b04b-db02af780181" testName="LoginTest" computerName="WILLEM-PC" duration="00:00:00.1940341" startTime="2012-11-24T23:32:18.8085003+01:00" endTime="2012-11-24T23:32:19.0085006+01:00" testType="13cdc9d9-ddb5-4fa4-a97d-d965ccfc6d4b" outcome="Passed" testListId="8c84fa94-04c1-424b-9868-57a2d4851a1d" relativeResultsDirectory="c31e3e88-f612-4b51-9abd-79167732ed3f">
    </UnitTestResult>
    <UnitTestResult executionId="c96e352a-a3a3-44b9-87e5-4aff3ccc9547" testId="2d882a6f-f685-06f5-e3fb-93ae3d4835c5" testName="ViewCreateTest" computerName="WILLEM-PC" duration="00:00:00.0015938" startTime="2012-11-24T23:32:19.0185006+01:00" endTime="2012-11-24T23:32:19.0285006+01:00" testType="13cdc9d9-ddb5-4fa4-a97d-d965ccfc6d4b" outcome="Passed" testListId="8c84fa94-04c1-424b-9868-57a2d4851a1d" relativeResultsDirectory="c96e352a-a3a3-44b9-87e5-4aff3ccc9547">
    </UnitTestResult>
  </Results>
</TestRun>