<?xml version="1.0" encoding="UTF-8"?>
<TestRun id="9fe9a5e2-d62a-4acb-bd82-c476b67f3d5a" name="willem@WILLEM-PC 2012-11-24 23:32:57" runUser="willem-PC\willem" xmlns="http://microsoft.com/schemas/VisualStudio/TeamTest/2010">
  <TestSettings name="Default Test Settings" id="eea6c898-2c78-4695-a93d-023e5b4ae970">
    <Deployment runDeploymentRoot="willem_WILLEM-PC 2012-11-24 23_32_57">
      <DeploymentItem filename="D:\code\MonackFr\MonackFr\MonackFr.Mvc\MonackFr.Mvc\Areas\UserManagement.Tests\bin\Debug\System.Web.Optimization.dll" />
      <DeploymentItem filename="C:\Program Files (x86)\Microsoft ASP.NET\ASP.NET Web Pages\v2.0\Assemblies\System.Web.WebPages.Deployment.dll" />
      <DeploymentItem filename="C:\Program Files (x86)\Microsoft ASP.NET\ASP.NET MVC 4\Assemblies\System.Net.Http.dll" />
      <DeploymentItem filename="C:\Program Files (x86)\Microsoft ASP.NET\ASP.NET MVC 4\Assemblies\System.Web.Http.dll" />
      <DeploymentItem filename="C:\Program Files (x86)\Microsoft ASP.NET\ASP.NET Web Pages\v2.0\Assemblies\System.Web.Helpers.dll" />
      <DeploymentItem filename="D:\code\MonackFr\MonackFr\MonackFr.Mvc\MonackFr.Mvc\Areas\UserManagement.Tests\bin\Debug\WebGrease.dll" />
      <DeploymentItem filename="C:\Program Files (x86)\Microsoft ASP.NET\ASP.NET Web Pages\v2.0\Assemblies\Microsoft.Web.Infrastructure.dll" />
      <DeploymentItem filename="C:\Program Files (x86)\Microsoft ASP.NET\ASP.NET MVC 4\Assemblies\System.Net.Http.Formatting.dll" />
      <DeploymentItem filename="D:\code\MonackFr\MonackFr\MonackFr.Mvc\MonackFr.Mvc\Areas\UserManagement.Tests\bin\Debug\Antlr3.Runtime.dll" />
      <DeploymentItem filename="C:\Program Files (x86)\Microsoft ASP.NET\ASP.NET Web Pages\v2.0\Assemblies\System.Web.Razor.dll" />
      <DeploymentItem filename="D:\code\MonackFr\MonackFr\MonackFr.Library\bin\Debug\MonackFr.dll" />
      <DeploymentItem filename="D:\code\MonackFr\MonackFr\MonackFr.Mvc\MonackFr.Mvc\bin\UserManagement.dll" />
      <DeploymentItem filename="C:\Program Files (x86)\Microsoft ASP.NET\ASP.NET Web Pages\v2.0\Assemblies\System.Web.WebPages.dll" />
      <DeploymentItem filename="D:\code\MonackFr\MonackFr\MonackFr.Mvc\MonackFr.Mvc\Areas\UserManagement.Tests\bin\Debug\EntityFramework.dll" />
      <DeploymentItem filename="C:\Program Files (x86)\Microsoft ASP.NET\ASP.NET Web Pages\v2.0\Assemblies\System.Web.WebPages.Razor.dll" />
      <DeploymentItem filename="C:\Program Files (x86)\Microsoft ASP.NET\ASP.NET MVC 4\Assemblies\System.Web.Mvc.dll" />
      <DeploymentItem filename="D:\code\MonackFr\MonackFr\MonackFr.Mvc\MonackFr.Mvc\bin\System.Web.Providers.dll" />
      <DeploymentItem filename="D:\code\MonackFr\MonackFr\MonackFr.Mvc\MonackFr.Mvc\Areas\UserManagement.Tests\bin\Debug\Newtonsoft.Json.dll" />
      <DeploymentItem filename="C:\Program Files (x86)\Microsoft ASP.NET\ASP.NET MVC 4\Assemblies\System.Web.Http.WebHost.dll" />
      <DeploymentItem filename="D:\code\MonackFr\MonackFr\MonackFr.Mvc\MonackFr.Mvc\bin\MonackFr.Mvc.dll" />
      <DeploymentItem filename="C:\Program Files (x86)\Microsoft ASP.NET\ASP.NET MVC 4\Assemblies\System.Net.Http.WebRequest.dll" />
    </Deployment>
    <Execution>
      <TestTypeSpecific />
      <AgentRule name="Execution Agents">
      </AgentRule>
    </Execution>
  </TestSettings>
  <Times creation="2012-11-24T23:32:57.7886062+01:00" queuing="2012-11-24T23:32:59.2186082+01:00" start="2012-11-24T23:32:59.3586084+01:00" finish="2012-11-24T23:33:01.7686118+01:00" />
  <ResultSummary outcome="Completed">
    <Counters total="9" executed="9" passed="9" error="0" failed="0" timeout="0" aborted="0" inconclusive="0" passedButRunAborted="0" notRunnable="0" notExecuted="0" disconnected="0" warning="0" completed="0" inProgress="0" pending="0" />
  </ResultSummary>
  <TestDefinitions>
    <UnitTest name="DeleteTest" storage="d:\code\monackfr\monackfr\monackfr.mvc\monackfr.mvc\areas\usermanagement.tests\bin\debug\usermanagement.tests.dll" id="4bb346d0-fecd-45be-06d6-bfa882cdd341">
      <Execution id="cabe69c9-8996-4889-a489-0d35dbe80df4" />
      <TestMethod codeBase="D:/code/MonackFr/MonackFr/MonackFr.Mvc/MonackFr.Mvc/Areas/UserManagement.Tests/bin/Debug/UserManagement.Tests.DLL" adapterTypeName="Microsoft.VisualStudio.TestTools.TestTypes.Unit.UnitTestAdapter, Microsoft.VisualStudio.QualityTools.Tips.UnitTest.Adapter, Version=10.0.0.0, Culture=neutral, PublicKeyToken=b03f5f7f11d50a3a" className="MonackFr.Mvc.Areas.UserManagement.Tests.UserControllerTest, UserManagement.Tests, Version=1.0.0.0, Culture=neutral, PublicKeyToken=null" name="DeleteTest" />
    </UnitTest>
    <UnitTest name="DetailsTest" storage="d:\code\monackfr\monackfr\monackfr.mvc\monackfr.mvc\areas\usermanagement.tests\bin\debug\usermanagement.tests.dll" id="fa99c4be-8c51-acef-7159-316bcb10e211">
      <Execution id="4c8b6f7d-1cbe-4027-a565-ecd3eb772539" />
      <TestMethod codeBase="D:/code/MonackFr/MonackFr/MonackFr.Mvc/MonackFr.Mvc/Areas/UserManagement.Tests/bin/Debug/UserManagement.Tests.DLL" adapterTypeName="Microsoft.VisualStudio.TestTools.TestTypes.Unit.UnitTestAdapter, Microsoft.VisualStudio.QualityTools.Tips.UnitTest.Adapter, Version=10.0.0.0, Culture=neutral, PublicKeyToken=b03f5f7f11d50a3a" className="MonackFr.Mvc.Areas.UserManagement.Tests.UserControllerTest, UserManagement.Tests, Version=1.0.0.0, Culture=neutral, PublicKeyToken=null" name="DetailsTest" />
    </UnitTest>
    <UnitTest name="ViewEditTest" storage="d:\code\monackfr\monackfr\monackfr.mvc\monackfr.mvc\areas\usermanagement.tests\bin\debug\usermanagement.tests.dll" id="98e6d09e-5d45-31b4-f4ad-a051185f934e">
      <Execution id="f00d0e76-3f53-47fc-b432-1f17258e3b68" />
      <TestMethod codeBase="D:/code/MonackFr/MonackFr/MonackFr.Mvc/MonackFr.Mvc/Areas/UserManagement.Tests/bin/Debug/UserManagement.Tests.DLL" adapterTypeName="Microsoft.VisualStudio.TestTools.TestTypes.Unit.UnitTestAdapter, Microsoft.VisualStudio.QualityTools.Tips.UnitTest.Adapter, Version=10.0.0.0, Culture=neutral, PublicKeyToken=b03f5f7f11d50a3a" className="MonackFr.Mvc.Areas.UserManagement.Tests.UserControllerTest, UserManagement.Tests, Version=1.0.0.0, Culture=neutral, PublicKeyToken=null" name="ViewEditTest" />
    </UnitTest>
    <UnitTest name="CreateTest" storage="d:\code\monackfr\monackfr\monackfr.mvc\monackfr.mvc\areas\usermanagement.tests\bin\debug\usermanagement.tests.dll" id="0ffe3f3f-460b-b06b-3a2a-c384149f3ccf">
      <Execution id="7312b124-31a3-446a-95f9-ead170f335a6" />
      <TestMethod codeBase="D:/code/MonackFr/MonackFr/MonackFr.Mvc/MonackFr.Mvc/Areas/UserManagement.Tests/bin/Debug/UserManagement.Tests.DLL" adapterTypeName="Microsoft.VisualStudio.TestTools.TestTypes.Unit.UnitTestAdapter, Microsoft.VisualStudio.QualityTools.Tips.UnitTest.Adapter, Version=10.0.0.0, Culture=neutral, PublicKeyToken=b03f5f7f11d50a3a" className="MonackFr.Mvc.Areas.UserManagement.Tests.UserControllerTest, UserManagement.Tests, Version=1.0.0.0, Culture=neutral, PublicKeyToken=null" name="CreateTest" />
    </UnitTest>
    <UnitTest name="LoginTest" storage="d:\code\monackfr\monackfr\monackfr.mvc\monackfr.mvc\areas\usermanagement.tests\bin\debug\usermanagement.tests.dll" id="28718a37-9df0-dd77-b04b-db02af780181">
      <Execution id="d6d6d035-95f9-4e23-b65e-4fb1f806dfcc" />
      <TestMethod codeBase="D:/code/MonackFr/MonackFr/MonackFr.Mvc/MonackFr.Mvc/Areas/UserManagement.Tests/bin/Debug/UserManagement.Tests.DLL" adapterTypeName="Microsoft.VisualStudio.TestTools.TestTypes.Unit.UnitTestAdapter, Microsoft.VisualStudio.QualityTools.Tips.UnitTest.Adapter, Version=10.0.0.0, Culture=neutral, PublicKeyToken=b03f5f7f11d50a3a" className="MonackFr.Mvc.Areas.UserManagement.Tests.UserControllerTest, UserManagement.Tests, Version=1.0.0.0, Culture=neutral, PublicKeyToken=null" name="LoginTest" />
    </UnitTest>
    <UnitTest name="RoleViewCreateTest" storage="d:\code\monackfr\monackfr\monackfr.mvc\monackfr.mvc\areas\usermanagement.tests\bin\debug\usermanagement.tests.dll" id="bf368af5-d12a-81f9-7565-bf4d441723be">
      <Execution id="10f284bb-e46c-4044-a453-82caaa369aa1" />
      <TestMethod codeBase="D:/code/MonackFr/MonackFr/MonackFr.Mvc/MonackFr.Mvc/Areas/UserManagement.Tests/bin/Debug/UserManagement.Tests.DLL" adapterTypeName="Microsoft.VisualStudio.TestTools.TestTypes.Unit.UnitTestAdapter, Microsoft.VisualStudio.QualityTools.Tips.UnitTest.Adapter, Version=10.0.0.0, Culture=neutral, PublicKeyToken=b03f5f7f11d50a3a" className="MonackFr.Mvc.Areas.UserManagement.Tests.RoleControllerTest, UserManagement.Tests, Version=1.0.0.0, Culture=neutral, PublicKeyToken=null" name="RoleViewCreateTest" />
    </UnitTest>
    <UnitTest name="EditTest" storage="d:\code\monackfr\monackfr\monackfr.mvc\monackfr.mvc\areas\usermanagement.tests\bin\debug\usermanagement.tests.dll" id="ea00d908-566b-2ad6-a5c3-6d84421bf1cf">
      <Execution id="2ee0f71e-32e2-4ac8-96e4-d1370833d869" />
      <TestMethod codeBase="D:/code/MonackFr/MonackFr/MonackFr.Mvc/MonackFr.Mvc/Areas/UserManagement.Tests/bin/Debug/UserManagement.Tests.DLL" adapterTypeName="Microsoft.VisualStudio.TestTools.TestTypes.Unit.UnitTestAdapter, Microsoft.VisualStudio.QualityTools.Tips.UnitTest.Adapter, Version=10.0.0.0, Culture=neutral, PublicKeyToken=b03f5f7f11d50a3a" className="MonackFr.Mvc.Areas.UserManagement.Tests.UserControllerTest, UserManagement.Tests, Version=1.0.0.0, Culture=neutral, PublicKeyToken=null" name="EditTest" />
    </UnitTest>
    <UnitTest name="ViewCreateTest" storage="d:\code\monackfr\monackfr\monackfr.mvc\monackfr.mvc\areas\usermanagement.tests\bin\debug\usermanagement.tests.dll" id="75bb7c3f-3909-c856-0e2b-78fc66ea1b7d">
      <Execution id="02b62298-59a3-4cc2-a1e6-754323a03159" />
      <TestMethod codeBase="D:/code/MonackFr/MonackFr/MonackFr.Mvc/MonackFr.Mvc/Areas/UserManagement.Tests/bin/Debug/UserManagement.Tests.DLL" adapterTypeName="Microsoft.VisualStudio.TestTools.TestTypes.Unit.UnitTestAdapter, Microsoft.VisualStudio.QualityTools.Tips.UnitTest.Adapter, Version=10.0.0.0, Culture=neutral, PublicKeyToken=b03f5f7f11d50a3a" className="MonackFr.Mvc.Areas.UserManagement.Tests.UserControllerTest, UserManagement.Tests, Version=1.0.0.0, Culture=neutral, PublicKeyToken=null" name="ViewCreateTest" />
    </UnitTest>
    <UnitTest name="IndexTest" storage="d:\code\monackfr\monackfr\monackfr.mvc\monackfr.mvc\areas\usermanagement.tests\bin\debug\usermanagement.tests.dll" id="e746f793-e3b4-3d22-7668-20409ab89219">
      <Execution id="9a32e7c5-dccd-4ccb-bb13-fb6e80f454dd" />
      <TestMethod codeBase="D:/code/MonackFr/MonackFr/MonackFr.Mvc/MonackFr.Mvc/Areas/UserManagement.Tests/bin/Debug/UserManagement.Tests.DLL" adapterTypeName="Microsoft.VisualStudio.TestTools.TestTypes.Unit.UnitTestAdapter, Microsoft.VisualStudio.QualityTools.Tips.UnitTest.Adapter, Version=10.0.0.0, Culture=neutral, PublicKeyToken=b03f5f7f11d50a3a" className="MonackFr.Mvc.Areas.UserManagement.Tests.UserControllerTest, UserManagement.Tests, Version=1.0.0.0, Culture=neutral, PublicKeyToken=null" name="IndexTest" />
    </UnitTest>
  </TestDefinitions>
  <TestLists>
    <TestList name="Results Not in a List" id="8c84fa94-04c1-424b-9868-57a2d4851a1d" />
    <TestList name="All Loaded Results" id="19431567-8539-422a-85d7-44ee4e166bda" />
  </TestLists>
  <TestEntries>
    <TestEntry testId="75bb7c3f-3909-c856-0e2b-78fc66ea1b7d" executionId="02b62298-59a3-4cc2-a1e6-754323a03159" testListId="8c84fa94-04c1-424b-9868-57a2d4851a1d" />
    <TestEntry testId="0ffe3f3f-460b-b06b-3a2a-c384149f3ccf" executionId="7312b124-31a3-446a-95f9-ead170f335a6" testListId="8c84fa94-04c1-424b-9868-57a2d4851a1d" />
    <TestEntry testId="e746f793-e3b4-3d22-7668-20409ab89219" executionId="9a32e7c5-dccd-4ccb-bb13-fb6e80f454dd" testListId="8c84fa94-04c1-424b-9868-57a2d4851a1d" />
    <TestEntry testId="98e6d09e-5d45-31b4-f4ad-a051185f934e" executionId="f00d0e76-3f53-47fc-b432-1f17258e3b68" testListId="8c84fa94-04c1-424b-9868-57a2d4851a1d" />
    <TestEntry testId="ea00d908-566b-2ad6-a5c3-6d84421bf1cf" executionId="2ee0f71e-32e2-4ac8-96e4-d1370833d869" testListId="8c84fa94-04c1-424b-9868-57a2d4851a1d" />
    <TestEntry testId="fa99c4be-8c51-acef-7159-316bcb10e211" executionId="4c8b6f7d-1cbe-4027-a565-ecd3eb772539" testListId="8c84fa94-04c1-424b-9868-57a2d4851a1d" />
    <TestEntry testId="4bb346d0-fecd-45be-06d6-bfa882cdd341" executionId="cabe69c9-8996-4889-a489-0d35dbe80df4" testListId="8c84fa94-04c1-424b-9868-57a2d4851a1d" />
    <TestEntry testId="28718a37-9df0-dd77-b04b-db02af780181" executionId="d6d6d035-95f9-4e23-b65e-4fb1f806dfcc" testListId="8c84fa94-04c1-424b-9868-57a2d4851a1d" />
    <TestEntry testId="bf368af5-d12a-81f9-7565-bf4d441723be" executionId="10f284bb-e46c-4044-a453-82caaa369aa1" testListId="8c84fa94-04c1-424b-9868-57a2d4851a1d" />
  </TestEntries>
  <Results>
    <UnitTestResult executionId="02b62298-59a3-4cc2-a1e6-754323a03159" testId="75bb7c3f-3909-c856-0e2b-78fc66ea1b7d" testName="ViewCreateTest" computerName="WILLEM-PC" duration="00:00:00.1120138" startTime="2012-11-24T23:32:59.5486087+01:00" endTime="2012-11-24T23:33:01.2886111+01:00" testType="13cdc9d9-ddb5-4fa4-a97d-d965ccfc6d4b" outcome="Passed" testListId="8c84fa94-04c1-424b-9868-57a2d4851a1d" relativeResultsDirectory="02b62298-59a3-4cc2-a1e6-754323a03159">
    </UnitTestResult>
    <UnitTestResult executionId="7312b124-31a3-446a-95f9-ead170f335a6" testId="0ffe3f3f-460b-b06b-3a2a-c384149f3ccf" testName="CreateTest" computerName="WILLEM-PC" duration="00:00:00.0146904" startTime="2012-11-24T23:33:01.2986111+01:00" endTime="2012-11-24T23:33:01.3186112+01:00" testType="13cdc9d9-ddb5-4fa4-a97d-d965ccfc6d4b" outcome="Passed" testListId="8c84fa94-04c1-424b-9868-57a2d4851a1d" relativeResultsDirectory="7312b124-31a3-446a-95f9-ead170f335a6">
    </UnitTestResult>
    <UnitTestResult executionId="9a32e7c5-dccd-4ccb-bb13-fb6e80f454dd" testId="e746f793-e3b4-3d22-7668-20409ab89219" testName="IndexTest" computerName="WILLEM-PC" duration="00:00:00.0006629" startTime="2012-11-24T23:33:01.3286112+01:00" endTime="2012-11-24T23:33:01.3286112+01:00" testType="13cdc9d9-ddb5-4fa4-a97d-d965ccfc6d4b" outcome="Passed" testListId="8c84fa94-04c1-424b-9868-57a2d4851a1d" relativeResultsDirectory="9a32e7c5-dccd-4ccb-bb13-fb6e80f454dd">
    </UnitTestResult>
    <UnitTestResult executionId="f00d0e76-3f53-47fc-b432-1f17258e3b68" testId="98e6d09e-5d45-31b4-f4ad-a051185f934e" testName="ViewEditTest" computerName="WILLEM-PC" duration="00:00:00.0030398" startTime="2012-11-24T23:33:01.3486112+01:00" endTime="2012-11-24T23:33:01.3586112+01:00" testType="13cdc9d9-ddb5-4fa4-a97d-d965ccfc6d4b" outcome="Passed" testListId="8c84fa94-04c1-424b-9868-57a2d4851a1d" relativeResultsDirectory="f00d0e76-3f53-47fc-b432-1f17258e3b68">
    </UnitTestResult>
    <UnitTestResult executionId="2ee0f71e-32e2-4ac8-96e4-d1370833d869" testId="ea00d908-566b-2ad6-a5c3-6d84421bf1cf" testName="EditTest" computerName="WILLEM-PC" duration="00:00:00.0030173" startTime="2012-11-24T23:33:01.3686112+01:00" endTime="2012-11-24T23:33:01.3686112+01:00" testType="13cdc9d9-ddb5-4fa4-a97d-d965ccfc6d4b" outcome="Passed" testListId="8c84fa94-04c1-424b-9868-57a2d4851a1d" relativeResultsDirectory="2ee0f71e-32e2-4ac8-96e4-d1370833d869">
    </UnitTestResult>
    <UnitTestResult executionId="4c8b6f7d-1cbe-4027-a565-ecd3eb772539" testId="fa99c4be-8c51-acef-7159-316bcb10e211" testName="DetailsTest" computerName="WILLEM-PC" duration="00:00:00.0021300" startTime="2012-11-24T23:33:01.3786112+01:00" endTime="2012-11-24T23:33:01.3886113+01:00" testType="13cdc9d9-ddb5-4fa4-a97d-d965ccfc6d4b" outcome="Passed" testListId="8c84fa94-04c1-424b-9868-57a2d4851a1d" relativeResultsDirectory="4c8b6f7d-1cbe-4027-a565-ecd3eb772539">
    </UnitTestResult>
    <UnitTestResult executionId="cabe69c9-8996-4889-a489-0d35dbe80df4" testId="4bb346d0-fecd-45be-06d6-bfa882cdd341" testName="DeleteTest" computerName="WILLEM-PC" duration="00:00:00.0034078" startTime="2012-11-24T23:33:01.3886113+01:00" endTime="2012-11-24T23:33:01.3986113+01:00" testType="13cdc9d9-ddb5-4fa4-a97d-d965ccfc6d4b" outcome="Passed" testListId="8c84fa94-04c1-424b-9868-57a2d4851a1d" relativeResultsDirectory="cabe69c9-8996-4889-a489-0d35dbe80df4">
    </UnitTestResult>
    <UnitTestResult executionId="d6d6d035-95f9-4e23-b65e-4fb1f806dfcc" testId="28718a37-9df0-dd77-b04b-db02af780181" testName="LoginTest" computerName="WILLEM-PC" duration="00:00:00.2589295" startTime="2012-11-24T23:33:01.4086113+01:00" endTime="2012-11-24T23:33:01.6686116+01:00" testType="13cdc9d9-ddb5-4fa4-a97d-d965ccfc6d4b" outcome="Passed" testListId="8c84fa94-04c1-424b-9868-57a2d4851a1d" relativeResultsDirectory="d6d6d035-95f9-4e23-b65e-4fb1f806dfcc">
    </UnitTestResult>
    <UnitTestResult executionId="10f284bb-e46c-4044-a453-82caaa369aa1" testId="bf368af5-d12a-81f9-7565-bf4d441723be" testName="RoleViewCreateTest" computerName="WILLEM-PC" duration="00:00:00.0017472" startTime="2012-11-24T23:33:01.6786117+01:00" endTime="2012-11-24T23:33:01.6886117+01:00" testType="13cdc9d9-ddb5-4fa4-a97d-d965ccfc6d4b" outcome="Passed" testListId="8c84fa94-04c1-424b-9868-57a2d4851a1d" relativeResultsDirectory="10f284bb-e46c-4044-a453-82caaa369aa1">
    </UnitTestResult>
  </Results>
</TestRun>