<?xml version="1.0" encoding="UTF-8"?>
<TestRun id="4f1249c9-b64f-41be-940f-fd99ffdec8f6" name="willem@WILLEM-PC 2012-11-25 22:32:33" runUser="willem-PC\willem" xmlns="http://microsoft.com/schemas/VisualStudio/TeamTest/2010">
  <TestSettings name="Default Test Settings" id="877e7759-ad52-4d80-8c56-2ef33d13a5b4">
    <Deployment runDeploymentRoot="willem_WILLEM-PC 2012-11-25 22_32_33">
      <DeploymentItem filename="D:\code\MonackFr\MonackFr\MonackFr.Mvc\MonackFr.Mvc\Areas\UserManagement.Tests\bin\Debug\System.Web.Optimization.dll" />
      <DeploymentItem filename="C:\Program Files (x86)\Microsoft ASP.NET\ASP.NET Web Pages\v2.0\Assemblies\System.Web.WebPages.Deployment.dll" />
      <DeploymentItem filename="C:\Program Files (x86)\Microsoft ASP.NET\ASP.NET MVC 4\Assemblies\System.Net.Http.dll" />
      <DeploymentItem filename="C:\Program Files (x86)\Microsoft ASP.NET\ASP.NET MVC 4\Assemblies\System.Web.Http.dll" />
      <DeploymentItem filename="C:\Program Files (x86)\Microsoft ASP.NET\ASP.NET Web Pages\v2.0\Assemblies\System.Web.Helpers.dll" />
      <DeploymentItem filename="D:\code\MonackFr\MonackFr\MonackFr.Mvc\MonackFr.Mvc\Areas\UserManagement.Tests\bin\Debug\WebGrease.dll" />
      <DeploymentItem filename="C:\Program Files (x86)\Microsoft ASP.NET\ASP.NET Web Pages\v2.0\Assemblies\Microsoft.Web.Infrastructure.dll" />
      <DeploymentItem filename="C:\Program Files (x86)\Microsoft ASP.NET\ASP.NET MVC 4\Assemblies\System.Net.Http.Formatting.dll" />
      <DeploymentItem filename="D:\code\MonackFr\MonackFr\MonackFr.Mvc\MonackFr.Mvc\Areas\UserManagement.Tests\bin\Debug\Antlr3.Runtime.dll" />
      <DeploymentItem filename="C:\Program Files (x86)\Microsoft ASP.NET\ASP.NET Web Pages\v2.0\Assemblies\System.Web.Razor.dll" />
      <DeploymentItem filename="D:\code\MonackFr\MonackFr\MonackFr.Library\bin\Debug\MonackFr.dll" />
      <DeploymentItem filename="D:\code\MonackFr\MonackFr\MonackFr.Mvc\MonackFr.Mvc\bin\UserManagement.dll" />
      <DeploymentItem filename="C:\Program Files (x86)\Microsoft ASP.NET\ASP.NET Web Pages\v2.0\Assemblies\System.Web.WebPages.dll" />
      <DeploymentItem filename="D:\code\MonackFr\MonackFr\MonackFr.Mvc\MonackFr.Mvc\Areas\UserManagement.Tests\bin\Debug\EntityFramework.dll" />
      <DeploymentItem filename="C:\Program Files (x86)\Microsoft ASP.NET\ASP.NET Web Pages\v2.0\Assemblies\System.Web.WebPages.Razor.dll" />
      <DeploymentItem filename="C:\Program Files (x86)\Microsoft ASP.NET\ASP.NET MVC 4\Assemblies\System.Web.Mvc.dll" />
      <DeploymentItem filename="D:\code\MonackFr\MonackFr\MonackFr.Mvc\MonackFr.Mvc\bin\System.Web.Providers.dll" />
      <DeploymentItem filename="D:\code\MonackFr\MonackFr\MonackFr.Mvc\MonackFr.Mvc\Areas\UserManagement.Tests\bin\Debug\Newtonsoft.Json.dll" />
      <DeploymentItem filename="C:\Program Files (x86)\Microsoft ASP.NET\ASP.NET MVC 4\Assemblies\System.Web.Http.WebHost.dll" />
      <DeploymentItem filename="D:\code\MonackFr\MonackFr\MonackFr.Mvc\MonackFr.Mvc\bin\MonackFr.Mvc.dll" />
      <DeploymentItem filename="C:\Program Files (x86)\Microsoft ASP.NET\ASP.NET MVC 4\Assemblies\System.Net.Http.WebRequest.dll" />
    </Deployment>
    <Execution>
      <TestTypeSpecific />
      <AgentRule name="Execution Agents">
      </AgentRule>
    </Execution>
  </TestSettings>
  <Times creation="2012-11-25T22:32:33.6431325+01:00" queuing="2012-11-25T22:32:34.7361390+01:00" start="2012-11-25T22:32:34.8711391+01:00" finish="2012-11-25T22:32:50.3561608+01:00" />
  <ResultSummary outcome="Failed">
    <Counters total="17" executed="17" passed="13" error="0" failed="4" timeout="0" aborted="0" inconclusive="0" passedButRunAborted="0" notRunnable="0" notExecuted="0" disconnected="0" warning="0" completed="0" inProgress="0" pending="0" />
  </ResultSummary>
  <TestDefinitions>
    <UnitTest name="UserDeleteTest" storage="d:\code\monackfr\monackfr\monackfr.mvc\monackfr.mvc\areas\usermanagement.tests\bin\debug\usermanagement.tests.dll" id="8e11e5c2-6ee6-6c7f-ab88-445603b773f0">
      <Execution id="16756a38-51be-471c-b468-66cbc823b3f1" />
      <TestMethod codeBase="D:/code/MonackFr/MonackFr/MonackFr.Mvc/MonackFr.Mvc/Areas/UserManagement.Tests/bin/Debug/UserManagement.Tests.DLL" adapterTypeName="Microsoft.VisualStudio.TestTools.TestTypes.Unit.UnitTestAdapter, Microsoft.VisualStudio.QualityTools.Tips.UnitTest.Adapter, Version=10.0.0.0, Culture=neutral, PublicKeyToken=b03f5f7f11d50a3a" className="MonackFr.Mvc.Areas.UserManagement.Tests.UserControllerTest, UserManagement.Tests, Version=1.0.0.0, Culture=neutral, PublicKeyToken=null" name="UserDeleteTest" />
    </UnitTest>
    <UnitTest name="UserLoginTest" storage="d:\code\monackfr\monackfr\monackfr.mvc\monackfr.mvc\areas\usermanagement.tests\bin\debug\usermanagement.tests.dll" id="070a1889-8ea7-06cd-2ab2-65373eb035fd">
      <Execution id="a91186bd-a284-4411-a0d2-dc84a1dce987" />
      <TestMethod codeBase="D:/code/MonackFr/MonackFr/MonackFr.Mvc/MonackFr.Mvc/Areas/UserManagement.Tests/bin/Debug/UserManagement.Tests.DLL" adapterTypeName="Microsoft.VisualStudio.TestTools.TestTypes.Unit.UnitTestAdapter, Microsoft.VisualStudio.QualityTools.Tips.UnitTest.Adapter, Version=10.0.0.0, Culture=neutral, PublicKeyToken=b03f5f7f11d50a3a" className="MonackFr.Mvc.Areas.UserManagement.Tests.UserControllerTest, UserManagement.Tests, Version=1.0.0.0, Culture=neutral, PublicKeyToken=null" name="UserLoginTest" />
    </UnitTest>
    <UnitTest name="RoleViewIndexTest" storage="d:\code\monackfr\monackfr\monackfr.mvc\monackfr.mvc\areas\usermanagement.tests\bin\debug\usermanagement.tests.dll" id="f3cb49de-26ac-f68d-93ed-fdf9c818252d">
      <Execution id="e4501f26-fc31-49d7-956b-40bd3b7be784" />
      <TestMethod codeBase="D:/code/MonackFr/MonackFr/MonackFr.Mvc/MonackFr.Mvc/Areas/UserManagement.Tests/bin/Debug/UserManagement.Tests.DLL" adapterTypeName="Microsoft.VisualStudio.TestTools.TestTypes.Unit.UnitTestAdapter, Microsoft.VisualStudio.QualityTools.Tips.UnitTest.Adapter, Version=10.0.0.0, Culture=neutral, PublicKeyToken=b03f5f7f11d50a3a" className="MonackFr.Mvc.Areas.UserManagement.Tests.RoleControllerTest, UserManagement.Tests, Version=1.0.0.0, Culture=neutral, PublicKeyToken=null" name="RoleViewIndexTest" />
    </UnitTest>
    <UnitTest name="UserViewLoginTest" storage="d:\code\monackfr\monackfr\monackfr.mvc\monackfr.mvc\areas\usermanagement.tests\bin\debug\usermanagement.tests.dll" id="12d02056-2321-0564-00d6-da78e4c7e5f3">
      <Execution id="c27b4d6e-71e2-4653-b164-4faabc4bdaf3" />
      <TestMethod codeBase="D:/code/MonackFr/MonackFr/MonackFr.Mvc/MonackFr.Mvc/Areas/UserManagement.Tests/bin/Debug/UserManagement.Tests.DLL" adapterTypeName="Microsoft.VisualStudio.TestTools.TestTypes.Unit.UnitTestAdapter, Microsoft.VisualStudio.QualityTools.Tips.UnitTest.Adapter, Version=10.0.0.0, Culture=neutral, PublicKeyToken=b03f5f7f11d50a3a" className="MonackFr.Mvc.Areas.UserManagement.Tests.UserControllerTest, UserManagement.Tests, Version=1.0.0.0, Culture=neutral, PublicKeyToken=null" name="UserViewLoginTest" />
    </UnitTest>
    <UnitTest name="UserDetailsTest" storage="d:\code\monackfr\monackfr\monackfr.mvc\monackfr.mvc\areas\usermanagement.tests\bin\debug\usermanagement.tests.dll" id="e08ad432-739d-1b2e-f91a-caa9f450f7cb">
      <Execution id="74c73b82-0eae-45ec-bb4c-554974fce654" />
      <TestMethod codeBase="D:/code/MonackFr/MonackFr/MonackFr.Mvc/MonackFr.Mvc/Areas/UserManagement.Tests/bin/Debug/UserManagement.Tests.DLL" adapterTypeName="Microsoft.VisualStudio.TestTools.TestTypes.Unit.UnitTestAdapter, Microsoft.VisualStudio.QualityTools.Tips.UnitTest.Adapter, Version=10.0.0.0, Culture=neutral, PublicKeyToken=b03f5f7f11d50a3a" className="MonackFr.Mvc.Areas.UserManagement.Tests.UserControllerTest, UserManagement.Tests, Version=1.0.0.0, Culture=neutral, PublicKeyToken=null" name="UserDetailsTest" />
    </UnitTest>
    <UnitTest name="RoleViewCreateTest" storage="d:\code\monackfr\monackfr\monackfr.mvc\monackfr.mvc\areas\usermanagement.tests\bin\debug\usermanagement.tests.dll" id="bf368af5-d12a-81f9-7565-bf4d441723be">
      <Execution id="eb5e07ab-6ddf-4a60-a759-443db7b5b431" />
      <TestMethod codeBase="D:/code/MonackFr/MonackFr/MonackFr.Mvc/MonackFr.Mvc/Areas/UserManagement.Tests/bin/Debug/UserManagement.Tests.DLL" adapterTypeName="Microsoft.VisualStudio.TestTools.TestTypes.Unit.UnitTestAdapter, Microsoft.VisualStudio.QualityTools.Tips.UnitTest.Adapter, Version=10.0.0.0, Culture=neutral, PublicKeyToken=b03f5f7f11d50a3a" className="MonackFr.Mvc.Areas.UserManagement.Tests.RoleControllerTest, UserManagement.Tests, Version=1.0.0.0, Culture=neutral, PublicKeyToken=null" name="RoleViewCreateTest" />
    </UnitTest>
    <UnitTest name="UserCreateTest" storage="d:\code\monackfr\monackfr\monackfr.mvc\monackfr.mvc\areas\usermanagement.tests\bin\debug\usermanagement.tests.dll" id="8f8eb222-85c9-f7ac-03ad-ca3aed0f0a41">
      <Execution id="d5926766-60bf-4b4c-bb73-b04d35e36ef2" />
      <TestMethod codeBase="D:/code/MonackFr/MonackFr/MonackFr.Mvc/MonackFr.Mvc/Areas/UserManagement.Tests/bin/Debug/UserManagement.Tests.DLL" adapterTypeName="Microsoft.VisualStudio.TestTools.TestTypes.Unit.UnitTestAdapter, Microsoft.VisualStudio.QualityTools.Tips.UnitTest.Adapter, Version=10.0.0.0, Culture=neutral, PublicKeyToken=b03f5f7f11d50a3a" className="MonackFr.Mvc.Areas.UserManagement.Tests.UserControllerTest, UserManagement.Tests, Version=1.0.0.0, Culture=neutral, PublicKeyToken=null" name="UserCreateTest" />
    </UnitTest>
    <UnitTest name="UserEditTest" storage="d:\code\monackfr\monackfr\monackfr.mvc\monackfr.mvc\areas\usermanagement.tests\bin\debug\usermanagement.tests.dll" id="00267992-6885-a3ac-6132-31d3cbee82bf">
      <Execution id="2ecafc4e-6372-490c-98b7-7fa829a41935" />
      <TestMethod codeBase="D:/code/MonackFr/MonackFr/MonackFr.Mvc/MonackFr.Mvc/Areas/UserManagement.Tests/bin/Debug/UserManagement.Tests.DLL" adapterTypeName="Microsoft.VisualStudio.TestTools.TestTypes.Unit.UnitTestAdapter, Microsoft.VisualStudio.QualityTools.Tips.UnitTest.Adapter, Version=10.0.0.0, Culture=neutral, PublicKeyToken=b03f5f7f11d50a3a" className="MonackFr.Mvc.Areas.UserManagement.Tests.UserControllerTest, UserManagement.Tests, Version=1.0.0.0, Culture=neutral, PublicKeyToken=null" name="UserEditTest" />
    </UnitTest>
    <UnitTest name="RoleViewEditTest" storage="d:\code\monackfr\monackfr\monackfr.mvc\monackfr.mvc\areas\usermanagement.tests\bin\debug\usermanagement.tests.dll" id="17c70e26-185c-03e5-196e-c842b0338bff">
      <Execution id="c237d85d-26f1-44dd-8c4e-2047dd3adcd6" />
      <TestMethod codeBase="D:/code/MonackFr/MonackFr/MonackFr.Mvc/MonackFr.Mvc/Areas/UserManagement.Tests/bin/Debug/UserManagement.Tests.DLL" adapterTypeName="Microsoft.VisualStudio.TestTools.TestTypes.Unit.UnitTestAdapter, Microsoft.VisualStudio.QualityTools.Tips.UnitTest.Adapter, Version=10.0.0.0, Culture=neutral, PublicKeyToken=b03f5f7f11d50a3a" className="MonackFr.Mvc.Areas.UserManagement.Tests.RoleControllerTest, UserManagement.Tests, Version=1.0.0.0, Culture=neutral, PublicKeyToken=null" name="RoleViewEditTest" />
    </UnitTest>
    <UnitTest name="UserViewCreateTest" storage="d:\code\monackfr\monackfr\monackfr.mvc\monackfr.mvc\areas\usermanagement.tests\bin\debug\usermanagement.tests.dll" id="ef9fba92-e647-2b8b-0276-4069d00074e7">
      <Execution id="435fed17-80bf-4399-9c2f-4e9b6f42220b" />
      <TestMethod codeBase="D:/code/MonackFr/MonackFr/MonackFr.Mvc/MonackFr.Mvc/Areas/UserManagement.Tests/bin/Debug/UserManagement.Tests.DLL" adapterTypeName="Microsoft.VisualStudio.TestTools.TestTypes.Unit.UnitTestAdapter, Microsoft.VisualStudio.QualityTools.Tips.UnitTest.Adapter, Version=10.0.0.0, Culture=neutral, PublicKeyToken=b03f5f7f11d50a3a" className="MonackFr.Mvc.Areas.UserManagement.Tests.UserControllerTest, UserManagement.Tests, Version=1.0.0.0, Culture=neutral, PublicKeyToken=null" name="UserViewCreateTest" />
    </UnitTest>
    <UnitTest name="RoleDetailsTest" storage="d:\code\monackfr\monackfr\monackfr.mvc\monackfr.mvc\areas\usermanagement.tests\bin\debug\usermanagement.tests.dll" id="5e34d363-fd5f-2fbe-d8b7-80ddef23572c">
      <Execution id="8d25c977-53f6-4509-a06e-e803dbb506a6" />
      <TestMethod codeBase="D:/code/MonackFr/MonackFr/MonackFr.Mvc/MonackFr.Mvc/Areas/UserManagement.Tests/bin/Debug/UserManagement.Tests.DLL" adapterTypeName="Microsoft.VisualStudio.TestTools.TestTypes.Unit.UnitTestAdapter, Microsoft.VisualStudio.QualityTools.Tips.UnitTest.Adapter, Version=10.0.0.0, Culture=neutral, PublicKeyToken=b03f5f7f11d50a3a" className="MonackFr.Mvc.Areas.UserManagement.Tests.RoleControllerTest, UserManagement.Tests, Version=1.0.0.0, Culture=neutral, PublicKeyToken=null" name="RoleDetailsTest" />
      <AspNet webSiteUrl="http://mvc/test3" />
    </UnitTest>
    <UnitTest name="RoleEditTest" storage="d:\code\monackfr\monackfr\monackfr.mvc\monackfr.mvc\areas\usermanagement.tests\bin\debug\usermanagement.tests.dll" id="7c4f1a59-92ba-9aca-9e04-ed2e606f66c7">
      <Execution id="a6bc42e6-9dfe-4815-9755-88e364b6a988" />
      <TestMethod codeBase="D:/code/MonackFr/MonackFr/MonackFr.Mvc/MonackFr.Mvc/Areas/UserManagement.Tests/bin/Debug/UserManagement.Tests.DLL" adapterTypeName="Microsoft.VisualStudio.TestTools.TestTypes.Unit.UnitTestAdapter, Microsoft.VisualStudio.QualityTools.Tips.UnitTest.Adapter, Version=10.0.0.0, Culture=neutral, PublicKeyToken=b03f5f7f11d50a3a" className="MonackFr.Mvc.Areas.UserManagement.Tests.RoleControllerTest, UserManagement.Tests, Version=1.0.0.0, Culture=neutral, PublicKeyToken=null" name="RoleEditTest" />
    </UnitTest>
    <UnitTest name="UserViewEditTest" storage="d:\code\monackfr\monackfr\monackfr.mvc\monackfr.mvc\areas\usermanagement.tests\bin\debug\usermanagement.tests.dll" id="e256cfce-9c5e-23cc-40a6-afd755f033ce">
      <Execution id="11e563b5-5a0c-4507-8367-8ea91f2169a3" />
      <TestMethod codeBase="D:/code/MonackFr/MonackFr/MonackFr.Mvc/MonackFr.Mvc/Areas/UserManagement.Tests/bin/Debug/UserManagement.Tests.DLL" adapterTypeName="Microsoft.VisualStudio.TestTools.TestTypes.Unit.UnitTestAdapter, Microsoft.VisualStudio.QualityTools.Tips.UnitTest.Adapter, Version=10.0.0.0, Culture=neutral, PublicKeyToken=b03f5f7f11d50a3a" className="MonackFr.Mvc.Areas.UserManagement.Tests.UserControllerTest, UserManagement.Tests, Version=1.0.0.0, Culture=neutral, PublicKeyToken=null" name="UserViewEditTest" />
    </UnitTest>
    <UnitTest name="RoleCreateTest" storage="d:\code\monackfr\monackfr\monackfr.mvc\monackfr.mvc\areas\usermanagement.tests\bin\debug\usermanagement.tests.dll" id="d6d32a9d-7bfb-4b24-077c-6462f35be74d">
      <Execution id="066e12c9-260f-4686-ae6d-559f473a7cb7" />
      <TestMethod codeBase="D:/code/MonackFr/MonackFr/MonackFr.Mvc/MonackFr.Mvc/Areas/UserManagement.Tests/bin/Debug/UserManagement.Tests.DLL" adapterTypeName="Microsoft.VisualStudio.TestTools.TestTypes.Unit.UnitTestAdapter, Microsoft.VisualStudio.QualityTools.Tips.UnitTest.Adapter, Version=10.0.0.0, Culture=neutral, PublicKeyToken=b03f5f7f11d50a3a" className="MonackFr.Mvc.Areas.UserManagement.Tests.RoleControllerTest, UserManagement.Tests, Version=1.0.0.0, Culture=neutral, PublicKeyToken=null" name="RoleCreateTest" />
    </UnitTest>
    <UnitTest name="RoleDeleteTest" storage="d:\code\monackfr\monackfr\monackfr.mvc\monackfr.mvc\areas\usermanagement.tests\bin\debug\usermanagement.tests.dll" id="2507fc50-19d7-9651-4f47-76d0b6cf6be1">
      <Execution id="ae437d02-888d-4476-9cde-7d565aeee79e" />
      <TestMethod codeBase="D:/code/MonackFr/MonackFr/MonackFr.Mvc/MonackFr.Mvc/Areas/UserManagement.Tests/bin/Debug/UserManagement.Tests.DLL" adapterTypeName="Microsoft.VisualStudio.TestTools.TestTypes.Unit.UnitTestAdapter, Microsoft.VisualStudio.QualityTools.Tips.UnitTest.Adapter, Version=10.0.0.0, Culture=neutral, PublicKeyToken=b03f5f7f11d50a3a" className="MonackFr.Mvc.Areas.UserManagement.Tests.RoleControllerTest, UserManagement.Tests, Version=1.0.0.0, Culture=neutral, PublicKeyToken=null" name="RoleDeleteTest" />
      <AspNet webSiteUrl="http://mvc/test3" />
    </UnitTest>
    <UnitTest name="UserIndexTest" storage="d:\code\monackfr\monackfr\monackfr.mvc\monackfr.mvc\areas\usermanagement.tests\bin\debug\usermanagement.tests.dll" id="f30632f4-ac48-c657-e69a-c38e1ba5f63d">
      <Execution id="2b878f84-ec88-4d36-a639-444910901066" />
      <TestMethod codeBase="D:/code/MonackFr/MonackFr/MonackFr.Mvc/MonackFr.Mvc/Areas/UserManagement.Tests/bin/Debug/UserManagement.Tests.DLL" adapterTypeName="Microsoft.VisualStudio.TestTools.TestTypes.Unit.UnitTestAdapter, Microsoft.VisualStudio.QualityTools.Tips.UnitTest.Adapter, Version=10.0.0.0, Culture=neutral, PublicKeyToken=b03f5f7f11d50a3a" className="MonackFr.Mvc.Areas.UserManagement.Tests.UserControllerTest, UserManagement.Tests, Version=1.0.0.0, Culture=neutral, PublicKeyToken=null" name="UserIndexTest" />
    </UnitTest>
    <UnitTest name="UserLoginFailedTest" storage="d:\code\monackfr\monackfr\monackfr.mvc\monackfr.mvc\areas\usermanagement.tests\bin\debug\usermanagement.tests.dll" id="1d60ebd6-5120-558e-6cf5-95bb839e21a3">
      <Execution id="a7b1ffec-b002-450c-a1e4-eafbe64f95ea" />
      <TestMethod codeBase="D:/code/MonackFr/MonackFr/MonackFr.Mvc/MonackFr.Mvc/Areas/UserManagement.Tests/bin/Debug/UserManagement.Tests.DLL" adapterTypeName="Microsoft.VisualStudio.TestTools.TestTypes.Unit.UnitTestAdapter, Microsoft.VisualStudio.QualityTools.Tips.UnitTest.Adapter, Version=10.0.0.0, Culture=neutral, PublicKeyToken=b03f5f7f11d50a3a" className="MonackFr.Mvc.Areas.UserManagement.Tests.UserControllerTest, UserManagement.Tests, Version=1.0.0.0, Culture=neutral, PublicKeyToken=null" name="UserLoginFailedTest" />
    </UnitTest>
  </TestDefinitions>
  <TestLists>
    <TestList name="Results Not in a List" id="8c84fa94-04c1-424b-9868-57a2d4851a1d" />
    <TestList name="All Loaded Results" id="19431567-8539-422a-85d7-44ee4e166bda" />
  </TestLists>
  <TestEntries>
    <TestEntry testId="f30632f4-ac48-c657-e69a-c38e1ba5f63d" executionId="2b878f84-ec88-4d36-a639-444910901066" testListId="8c84fa94-04c1-424b-9868-57a2d4851a1d" />
    <TestEntry testId="12d02056-2321-0564-00d6-da78e4c7e5f3" executionId="c27b4d6e-71e2-4653-b164-4faabc4bdaf3" testListId="8c84fa94-04c1-424b-9868-57a2d4851a1d" />
    <TestEntry testId="070a1889-8ea7-06cd-2ab2-65373eb035fd" executionId="a91186bd-a284-4411-a0d2-dc84a1dce987" testListId="8c84fa94-04c1-424b-9868-57a2d4851a1d" />
    <TestEntry testId="1d60ebd6-5120-558e-6cf5-95bb839e21a3" executionId="a7b1ffec-b002-450c-a1e4-eafbe64f95ea" testListId="8c84fa94-04c1-424b-9868-57a2d4851a1d" />
    <TestEntry testId="e08ad432-739d-1b2e-f91a-caa9f450f7cb" executionId="74c73b82-0eae-45ec-bb4c-554974fce654" testListId="8c84fa94-04c1-424b-9868-57a2d4851a1d" />
    <TestEntry testId="ef9fba92-e647-2b8b-0276-4069d00074e7" executionId="435fed17-80bf-4399-9c2f-4e9b6f42220b" testListId="8c84fa94-04c1-424b-9868-57a2d4851a1d" />
    <TestEntry testId="8f8eb222-85c9-f7ac-03ad-ca3aed0f0a41" executionId="d5926766-60bf-4b4c-bb73-b04d35e36ef2" testListId="8c84fa94-04c1-424b-9868-57a2d4851a1d" />
    <TestEntry testId="e256cfce-9c5e-23cc-40a6-afd755f033ce" executionId="11e563b5-5a0c-4507-8367-8ea91f2169a3" testListId="8c84fa94-04c1-424b-9868-57a2d4851a1d" />
    <TestEntry testId="00267992-6885-a3ac-6132-31d3cbee82bf" executionId="2ecafc4e-6372-490c-98b7-7fa829a41935" testListId="8c84fa94-04c1-424b-9868-57a2d4851a1d" />
    <TestEntry testId="8e11e5c2-6ee6-6c7f-ab88-445603b773f0" executionId="16756a38-51be-471c-b468-66cbc823b3f1" testListId="8c84fa94-04c1-424b-9868-57a2d4851a1d" />
    <TestEntry testId="f3cb49de-26ac-f68d-93ed-fdf9c818252d" executionId="e4501f26-fc31-49d7-956b-40bd3b7be784" testListId="8c84fa94-04c1-424b-9868-57a2d4851a1d" />
    <TestEntry testId="bf368af5-d12a-81f9-7565-bf4d441723be" executionId="eb5e07ab-6ddf-4a60-a759-443db7b5b431" testListId="8c84fa94-04c1-424b-9868-57a2d4851a1d" />
    <TestEntry testId="d6d32a9d-7bfb-4b24-077c-6462f35be74d" executionId="066e12c9-260f-4686-ae6d-559f473a7cb7" testListId="8c84fa94-04c1-424b-9868-57a2d4851a1d" />
    <TestEntry testId="17c70e26-185c-03e5-196e-c842b0338bff" executionId="c237d85d-26f1-44dd-8c4e-2047dd3adcd6" testListId="8c84fa94-04c1-424b-9868-57a2d4851a1d" />
    <TestEntry testId="7c4f1a59-92ba-9aca-9e04-ed2e606f66c7" executionId="a6bc42e6-9dfe-4815-9755-88e364b6a988" testListId="8c84fa94-04c1-424b-9868-57a2d4851a1d" />
    <TestEntry testId="5e34d363-fd5f-2fbe-d8b7-80ddef23572c" executionId="8d25c977-53f6-4509-a06e-e803dbb506a6" testListId="8c84fa94-04c1-424b-9868-57a2d4851a1d" />
    <TestEntry testId="2507fc50-19d7-9651-4f47-76d0b6cf6be1" executionId="ae437d02-888d-4476-9cde-7d565aeee79e" testListId="8c84fa94-04c1-424b-9868-57a2d4851a1d" />
  </TestEntries>
  <Results>
    <UnitTestResult executionId="2b878f84-ec88-4d36-a639-444910901066" testId="f30632f4-ac48-c657-e69a-c38e1ba5f63d" testName="UserIndexTest" computerName="WILLEM-PC" duration="00:00:00.1135055" startTime="2012-11-25T22:32:35.0361394+01:00" endTime="2012-11-25T22:32:36.8011418+01:00" testType="13cdc9d9-ddb5-4fa4-a97d-d965ccfc6d4b" outcome="Passed" testListId="8c84fa94-04c1-424b-9868-57a2d4851a1d" relativeResultsDirectory="2b878f84-ec88-4d36-a639-444910901066">
    </UnitTestResult>
    <UnitTestResult executionId="c27b4d6e-71e2-4653-b164-4faabc4bdaf3" testId="12d02056-2321-0564-00d6-da78e4c7e5f3" testName="UserViewLoginTest" computerName="WILLEM-PC" duration="00:00:00.1875550" startTime="2012-11-25T22:32:36.8111419+01:00" endTime="2012-11-25T22:32:37.0011421+01:00" testType="13cdc9d9-ddb5-4fa4-a97d-d965ccfc6d4b" outcome="Passed" testListId="8c84fa94-04c1-424b-9868-57a2d4851a1d" relativeResultsDirectory="c27b4d6e-71e2-4653-b164-4faabc4bdaf3">
    </UnitTestResult>
    <UnitTestResult executionId="a91186bd-a284-4411-a0d2-dc84a1dce987" testId="070a1889-8ea7-06cd-2ab2-65373eb035fd" testName="UserLoginTest" computerName="WILLEM-PC" duration="00:00:11.2565362" startTime="2012-11-25T22:32:37.0111421+01:00" endTime="2012-11-25T22:32:48.2761579+01:00" testType="13cdc9d9-ddb5-4fa4-a97d-d965ccfc6d4b" outcome="Failed" testListId="8c84fa94-04c1-424b-9868-57a2d4851a1d" relativeResultsDirectory="a91186bd-a284-4411-a0d2-dc84a1dce987">
      <Output>
        <ErrorInfo>
          <Message>Assert.Fail failed. </Message>
          <StackTrace>   at MonackFr.Mvc.Areas.UserManagement.Tests.UserControllerTest.UserLoginTest() in D:\code\MonackFr\MonackFr\MonackFr.Mvc\MonackFr.Mvc\Areas\UserManagement.Tests\UserControllerTest.cs:line 47
</StackTrace>
        </ErrorInfo>
      </Output>
    </UnitTestResult>
    <UnitTestResult executionId="a7b1ffec-b002-450c-a1e4-eafbe64f95ea" testId="1d60ebd6-5120-558e-6cf5-95bb839e21a3" testName="UserLoginFailedTest" computerName="WILLEM-PC" duration="00:00:00.7010529" startTime="2012-11-25T22:32:48.2811579+01:00" endTime="2012-11-25T22:32:48.9911589+01:00" testType="13cdc9d9-ddb5-4fa4-a97d-d965ccfc6d4b" outcome="Failed" testListId="8c84fa94-04c1-424b-9868-57a2d4851a1d" relativeResultsDirectory="a7b1ffec-b002-450c-a1e4-eafbe64f95ea">
      <Output>
        <ErrorInfo>
          <Message>Assert.Fail failed. </Message>
          <StackTrace>   at MonackFr.Mvc.Areas.UserManagement.Tests.UserControllerTest.UserLoginFailedTest() in D:\code\MonackFr\MonackFr\MonackFr.Mvc\MonackFr.Mvc\Areas\UserManagement.Tests\UserControllerTest.cs:line 56
</StackTrace>
        </ErrorInfo>
      </Output>
    </UnitTestResult>
    <UnitTestResult executionId="74c73b82-0eae-45ec-bb4c-554974fce654" testId="e08ad432-739d-1b2e-f91a-caa9f450f7cb" testName="UserDetailsTest" computerName="WILLEM-PC" duration="00:00:00.0055353" startTime="2012-11-25T22:32:48.9961589+01:00" endTime="2012-11-25T22:32:49.0061589+01:00" testType="13cdc9d9-ddb5-4fa4-a97d-d965ccfc6d4b" outcome="Passed" testListId="8c84fa94-04c1-424b-9868-57a2d4851a1d" relativeResultsDirectory="74c73b82-0eae-45ec-bb4c-554974fce654">
    </UnitTestResult>
    <UnitTestResult executionId="435fed17-80bf-4399-9c2f-4e9b6f42220b" testId="ef9fba92-e647-2b8b-0276-4069d00074e7" testName="UserViewCreateTest" computerName="WILLEM-PC" duration="00:00:00.0003710" startTime="2012-11-25T22:32:49.0161590+01:00" endTime="2012-11-25T22:32:49.0211590+01:00" testType="13cdc9d9-ddb5-4fa4-a97d-d965ccfc6d4b" outcome="Passed" testListId="8c84fa94-04c1-424b-9868-57a2d4851a1d" relativeResultsDirectory="435fed17-80bf-4399-9c2f-4e9b6f42220b">
    </UnitTestResult>
    <UnitTestResult executionId="d5926766-60bf-4b4c-bb73-b04d35e36ef2" testId="8f8eb222-85c9-f7ac-03ad-ca3aed0f0a41" testName="UserCreateTest" computerName="WILLEM-PC" duration="00:00:00.0057231" startTime="2012-11-25T22:32:49.0261590+01:00" endTime="2012-11-25T22:32:49.0411590+01:00" testType="13cdc9d9-ddb5-4fa4-a97d-d965ccfc6d4b" outcome="Passed" testListId="8c84fa94-04c1-424b-9868-57a2d4851a1d" relativeResultsDirectory="d5926766-60bf-4b4c-bb73-b04d35e36ef2">
    </UnitTestResult>
    <UnitTestResult executionId="11e563b5-5a0c-4507-8367-8ea91f2169a3" testId="e256cfce-9c5e-23cc-40a6-afd755f033ce" testName="UserViewEditTest" computerName="WILLEM-PC" duration="00:00:00.0021536" startTime="2012-11-25T22:32:49.0461590+01:00" endTime="2012-11-25T22:32:49.0511590+01:00" testType="13cdc9d9-ddb5-4fa4-a97d-d965ccfc6d4b" outcome="Passed" testListId="8c84fa94-04c1-424b-9868-57a2d4851a1d" relativeResultsDirectory="11e563b5-5a0c-4507-8367-8ea91f2169a3">
    </UnitTestResult>
    <UnitTestResult executionId="2ecafc4e-6372-490c-98b7-7fa829a41935" testId="00267992-6885-a3ac-6132-31d3cbee82bf" testName="UserEditTest" computerName="WILLEM-PC" duration="00:00:00.0030711" startTime="2012-11-25T22:32:49.0611590+01:00" endTime="2012-11-25T22:32:49.0661590+01:00" testType="13cdc9d9-ddb5-4fa4-a97d-d965ccfc6d4b" outcome="Passed" testListId="8c84fa94-04c1-424b-9868-57a2d4851a1d" relativeResultsDirectory="2ecafc4e-6372-490c-98b7-7fa829a41935">
    </UnitTestResult>
    <UnitTestResult executionId="16756a38-51be-471c-b468-66cbc823b3f1" testId="8e11e5c2-6ee6-6c7f-ab88-445603b773f0" testName="UserDeleteTest" computerName="WILLEM-PC" duration="00:00:00.0033262" startTime="2012-11-25T22:32:49.0761590+01:00" endTime="2012-11-25T22:32:49.0911591+01:00" testType="13cdc9d9-ddb5-4fa4-a97d-d965ccfc6d4b" outcome="Passed" testListId="8c84fa94-04c1-424b-9868-57a2d4851a1d" relativeResultsDirectory="16756a38-51be-471c-b468-66cbc823b3f1">
    </UnitTestResult>
    <UnitTestResult executionId="e4501f26-fc31-49d7-956b-40bd3b7be784" testId="f3cb49de-26ac-f68d-93ed-fdf9c818252d" testName="RoleViewIndexTest" computerName="WILLEM-PC" duration="00:00:00.0020254" startTime="2012-11-25T22:32:49.1111591+01:00" endTime="2012-11-25T22:32:49.1211591+01:00" testType="13cdc9d9-ddb5-4fa4-a97d-d965ccfc6d4b" outcome="Passed" testListId="8c84fa94-04c1-424b-9868-57a2d4851a1d" relativeResultsDirectory="e4501f26-fc31-49d7-956b-40bd3b7be784">
    </UnitTestResult>
    <UnitTestResult executionId="eb5e07ab-6ddf-4a60-a759-443db7b5b431" testId="bf368af5-d12a-81f9-7565-bf4d441723be" testName="RoleViewCreateTest" computerName="WILLEM-PC" duration="00:00:00.0003653" startTime="2012-11-25T22:32:49.1311591+01:00" endTime="2012-11-25T22:32:49.1411591+01:00" testType="13cdc9d9-ddb5-4fa4-a97d-d965ccfc6d4b" outcome="Passed" testListId="8c84fa94-04c1-424b-9868-57a2d4851a1d" relativeResultsDirectory="eb5e07ab-6ddf-4a60-a759-443db7b5b431">
    </UnitTestResult>
    <UnitTestResult executionId="066e12c9-260f-4686-ae6d-559f473a7cb7" testId="d6d32a9d-7bfb-4b24-077c-6462f35be74d" testName="RoleCreateTest" computerName="WILLEM-PC" duration="00:00:00.0039096" startTime="2012-11-25T22:32:49.1461591+01:00" endTime="2012-11-25T22:32:49.1511591+01:00" testType="13cdc9d9-ddb5-4fa4-a97d-d965ccfc6d4b" outcome="Passed" testListId="8c84fa94-04c1-424b-9868-57a2d4851a1d" relativeResultsDirectory="066e12c9-260f-4686-ae6d-559f473a7cb7">
    </UnitTestResult>
    <UnitTestResult executionId="c237d85d-26f1-44dd-8c4e-2047dd3adcd6" testId="17c70e26-185c-03e5-196e-c842b0338bff" testName="RoleViewEditTest" computerName="WILLEM-PC" duration="00:00:00.0025344" startTime="2012-11-25T22:32:49.1611592+01:00" endTime="2012-11-25T22:32:49.1661592+01:00" testType="13cdc9d9-ddb5-4fa4-a97d-d965ccfc6d4b" outcome="Passed" testListId="8c84fa94-04c1-424b-9868-57a2d4851a1d" relativeResultsDirectory="c237d85d-26f1-44dd-8c4e-2047dd3adcd6">
    </UnitTestResult>
    <UnitTestResult executionId="a6bc42e6-9dfe-4815-9755-88e364b6a988" testId="7c4f1a59-92ba-9aca-9e04-ed2e606f66c7" testName="RoleEditTest" computerName="WILLEM-PC" duration="00:00:00.0030409" startTime="2012-11-25T22:32:49.1711592+01:00" endTime="2012-11-25T22:32:49.1811592+01:00" testType="13cdc9d9-ddb5-4fa4-a97d-d965ccfc6d4b" outcome="Passed" testListId="8c84fa94-04c1-424b-9868-57a2d4851a1d" relativeResultsDirectory="a6bc42e6-9dfe-4815-9755-88e364b6a988">
    </UnitTestResult>
    <UnitTestResult executionId="8d25c977-53f6-4509-a06e-e803dbb506a6" testId="5e34d363-fd5f-2fbe-d8b7-80ddef23572c" testName="RoleDetailsTest" computerName="WILLEM-PC" startTime="2012-11-25T22:32:49.9611603+01:00" endTime="2012-11-25T22:32:50.1761606+01:00" testType="13cdc9d9-ddb5-4fa4-a97d-d965ccfc6d4b" outcome="Failed" testListId="8c84fa94-04c1-424b-9868-57a2d4851a1d" relativeResultsDirectory="8d25c977-53f6-4509-a06e-e803dbb506a6">
      <Output>
        <ErrorInfo>
          <Message>The URL specified ('http://mvc/test3') does not correspond to a valid directory. Tests configured to run in ASP.NET in IIS require a valid directory to exist for the URL. The URL may be invalid or may not point to a valid Web application.</Message>
        </ErrorInfo>
      </Output>
    </UnitTestResult>
    <UnitTestResult executionId="ae437d02-888d-4476-9cde-7d565aeee79e" testId="2507fc50-19d7-9651-4f47-76d0b6cf6be1" testName="RoleDeleteTest" computerName="WILLEM-PC" startTime="2012-11-25T22:32:50.1811606+01:00" endTime="2012-11-25T22:32:50.2611607+01:00" testType="13cdc9d9-ddb5-4fa4-a97d-d965ccfc6d4b" outcome="Failed" testListId="8c84fa94-04c1-424b-9868-57a2d4851a1d" relativeResultsDirectory="ae437d02-888d-4476-9cde-7d565aeee79e">
      <Output>
        <ErrorInfo>
          <Message>The URL specified ('http://mvc/test3') does not correspond to a valid directory. Tests configured to run in ASP.NET in IIS require a valid directory to exist for the URL. The URL may be invalid or may not point to a valid Web application.</Message>
        </ErrorInfo>
      </Output>
    </UnitTestResult>
  </Results>
</TestRun>