<?xml version="1.0" encoding="UTF-8"?>
<TestRun id="d5ced8f2-2d51-411b-b745-60ed4efabb7e" name="willem@WILLEM-PC 2013-02-04 16:29:15" runUser="willem-PC\willem" xmlns="http://microsoft.com/schemas/VisualStudio/TeamTest/2010">
  <TestSettings name="Default Test Settings" id="1d86be91-882a-4700-8179-25c93d070a15">
    <Deployment runDeploymentRoot="willem_WILLEM-PC 2013-02-04 16_29_15">
      <DeploymentItem filename="D:\code\MonackFr\MonackFr\MonackFr.Mvc\MonackFr.Mvc\Areas\UserManagement.Tests\bin\Debug\System.Web.Optimization.dll" />
      <DeploymentItem filename="C:\Program Files (x86)\Microsoft ASP.NET\ASP.NET Web Pages\v2.0\Assemblies\System.Web.WebPages.Deployment.dll" />
      <DeploymentItem filename="C:\Program Files (x86)\Microsoft ASP.NET\ASP.NET MVC 4\Assemblies\System.Net.Http.dll" />
      <DeploymentItem filename="C:\Program Files (x86)\Microsoft ASP.NET\ASP.NET MVC 4\Assemblies\System.Web.Http.dll" />
      <DeploymentItem filename="C:\Program Files (x86)\Microsoft ASP.NET\ASP.NET Web Pages\v2.0\Assemblies\System.Web.Helpers.dll" />
      <DeploymentItem filename="D:\code\MonackFr\MonackFr\MonackFr.Mvc\MonackFr.Mvc\Areas\UserManagement.Tests\bin\Debug\WebGrease.dll" />
      <DeploymentItem filename="C:\Program Files (x86)\Microsoft ASP.NET\ASP.NET Web Pages\v2.0\Assemblies\Microsoft.Web.Infrastructure.dll" />
      <DeploymentItem filename="C:\Program Files (x86)\Microsoft ASP.NET\ASP.NET MVC 4\Assemblies\System.Net.Http.Formatting.dll" />
      <DeploymentItem filename="D:\code\MonackFr\MonackFr\MonackFr.Mvc\MonackFr.Mvc\Areas\UserManagement.Tests\bin\Debug\Antlr3.Runtime.dll" />
      <DeploymentItem filename="C:\Program Files (x86)\Microsoft ASP.NET\ASP.NET Web Pages\v2.0\Assemblies\System.Web.Razor.dll" />
      <DeploymentItem filename="D:\code\MonackFr\MonackFr\MonackFr.Library\bin\Debug\MonackFr.dll" />
      <DeploymentItem filename="D:\code\MonackFr\MonackFr\MonackFr.Mvc\MonackFr.Mvc\bin\UserManagement.dll" />
      <DeploymentItem filename="C:\Program Files (x86)\Microsoft ASP.NET\ASP.NET Web Pages\v2.0\Assemblies\System.Web.WebPages.dll" />
      <DeploymentItem filename="D:\code\MonackFr\MonackFr\MonackFr.Mvc\MonackFr.Mvc\Areas\UserManagement.Tests\bin\Debug\EntityFramework.dll" />
      <DeploymentItem filename="C:\Program Files (x86)\Microsoft ASP.NET\ASP.NET Web Pages\v2.0\Assemblies\System.Web.WebPages.Razor.dll" />
      <DeploymentItem filename="C:\Program Files (x86)\Microsoft ASP.NET\ASP.NET MVC 4\Assemblies\System.Web.Mvc.dll" />
      <DeploymentItem filename="D:\code\MonackFr\MonackFr\MonackFr.Mvc\MonackFr.Mvc\bin\System.Web.Providers.dll" />
      <DeploymentItem filename="D:\code\MonackFr\MonackFr\MonackFr.Mvc\MonackFr.Mvc\Areas\UserManagement.Tests\bin\Debug\Newtonsoft.Json.dll" />
      <DeploymentItem filename="C:\Program Files (x86)\Microsoft ASP.NET\ASP.NET MVC 4\Assemblies\System.Web.Http.WebHost.dll" />
      <DeploymentItem filename="D:\code\MonackFr\MonackFr\MonackFr.Mvc\MonackFr.Mvc\bin\MonackFr.Mvc.dll" />
      <DeploymentItem filename="C:\Program Files (x86)\Microsoft ASP.NET\ASP.NET MVC 4\Assemblies\System.Net.Http.WebRequest.dll" />
    </Deployment>
    <Execution>
      <TestTypeSpecific />
      <AgentRule name="Execution Agents">
      </AgentRule>
    </Execution>
  </TestSettings>
  <Times creation="2013-02-04T16:29:15.2225074+01:00" queuing="2013-02-04T16:29:16.6625095+01:00" start="2013-02-04T16:29:16.8025097+01:00" finish="2013-02-04T16:30:03.4025749+01:00" />
  <ResultSummary outcome="Failed">
    <Counters total="17" executed="17" passed="12" error="0" failed="5" timeout="0" aborted="0" inconclusive="0" passedButRunAborted="0" notRunnable="0" notExecuted="0" disconnected="0" warning="0" completed="0" inProgress="0" pending="0" />
  </ResultSummary>
  <TestDefinitions>
    <UnitTest name="UserDeleteTest" storage="d:\code\monackfr\monackfr\monackfr.mvc\monackfr.mvc\areas\usermanagement.tests\bin\debug\usermanagement.tests.dll" id="8e11e5c2-6ee6-6c7f-ab88-445603b773f0">
      <Execution id="cad4e0d8-86ad-40a0-9d5f-5587f5b77526" />
      <TestMethod codeBase="D:/code/MonackFr/MonackFr/MonackFr.Mvc/MonackFr.Mvc/Areas/UserManagement.Tests/bin/Debug/UserManagement.Tests.DLL" adapterTypeName="Microsoft.VisualStudio.TestTools.TestTypes.Unit.UnitTestAdapter, Microsoft.VisualStudio.QualityTools.Tips.UnitTest.Adapter, Version=10.0.0.0, Culture=neutral, PublicKeyToken=b03f5f7f11d50a3a" className="MonackFr.Mvc.Areas.UserManagement.Tests.UserControllerTest, UserManagement.Tests, Version=1.0.0.0, Culture=neutral, PublicKeyToken=null" name="UserDeleteTest" />
    </UnitTest>
    <UnitTest name="UserLoginTest" storage="d:\code\monackfr\monackfr\monackfr.mvc\monackfr.mvc\areas\usermanagement.tests\bin\debug\usermanagement.tests.dll" id="070a1889-8ea7-06cd-2ab2-65373eb035fd">
      <Execution id="c2b31c6f-c549-4300-b312-81840f122677" />
      <TestMethod codeBase="D:/code/MonackFr/MonackFr/MonackFr.Mvc/MonackFr.Mvc/Areas/UserManagement.Tests/bin/Debug/UserManagement.Tests.DLL" adapterTypeName="Microsoft.VisualStudio.TestTools.TestTypes.Unit.UnitTestAdapter, Microsoft.VisualStudio.QualityTools.Tips.UnitTest.Adapter, Version=10.0.0.0, Culture=neutral, PublicKeyToken=b03f5f7f11d50a3a" className="MonackFr.Mvc.Areas.UserManagement.Tests.UserControllerTest, UserManagement.Tests, Version=1.0.0.0, Culture=neutral, PublicKeyToken=null" name="UserLoginTest" />
    </UnitTest>
    <UnitTest name="RoleViewIndexTest" storage="d:\code\monackfr\monackfr\monackfr.mvc\monackfr.mvc\areas\usermanagement.tests\bin\debug\usermanagement.tests.dll" id="f3cb49de-26ac-f68d-93ed-fdf9c818252d">
      <Execution id="1732a84a-81e3-4f7a-a512-a689e8bb6540" />
      <TestMethod codeBase="D:/code/MonackFr/MonackFr/MonackFr.Mvc/MonackFr.Mvc/Areas/UserManagement.Tests/bin/Debug/UserManagement.Tests.DLL" adapterTypeName="Microsoft.VisualStudio.TestTools.TestTypes.Unit.UnitTestAdapter, Microsoft.VisualStudio.QualityTools.Tips.UnitTest.Adapter, Version=10.0.0.0, Culture=neutral, PublicKeyToken=b03f5f7f11d50a3a" className="MonackFr.Mvc.Areas.UserManagement.Tests.RoleControllerTest, UserManagement.Tests, Version=1.0.0.0, Culture=neutral, PublicKeyToken=null" name="RoleViewIndexTest" />
    </UnitTest>
    <UnitTest name="UserViewLoginTest" storage="d:\code\monackfr\monackfr\monackfr.mvc\monackfr.mvc\areas\usermanagement.tests\bin\debug\usermanagement.tests.dll" id="12d02056-2321-0564-00d6-da78e4c7e5f3">
      <Execution id="631dbe1e-b6f1-4a5b-b851-77c1875ba63f" />
      <TestMethod codeBase="D:/code/MonackFr/MonackFr/MonackFr.Mvc/MonackFr.Mvc/Areas/UserManagement.Tests/bin/Debug/UserManagement.Tests.DLL" adapterTypeName="Microsoft.VisualStudio.TestTools.TestTypes.Unit.UnitTestAdapter, Microsoft.VisualStudio.QualityTools.Tips.UnitTest.Adapter, Version=10.0.0.0, Culture=neutral, PublicKeyToken=b03f5f7f11d50a3a" className="MonackFr.Mvc.Areas.UserManagement.Tests.UserControllerTest, UserManagement.Tests, Version=1.0.0.0, Culture=neutral, PublicKeyToken=null" name="UserViewLoginTest" />
    </UnitTest>
    <UnitTest name="DeleteTest" storage="d:\code\monackfr\monackfr\monackfr.mvc\monackfr.mvc\areas\usermanagement.tests\bin\debug\usermanagement.tests.dll" id="59df5c91-5b96-158d-5c2f-3fae64b479ff">
      <Execution id="a0461ae8-aae3-4d84-9cd4-dbab0e5f6089" />
      <TestMethod codeBase="D:/code/MonackFr/MonackFr/MonackFr.Mvc/MonackFr.Mvc/Areas/UserManagement.Tests/bin/Debug/UserManagement.Tests.DLL" adapterTypeName="Microsoft.VisualStudio.TestTools.TestTypes.Unit.UnitTestAdapter, Microsoft.VisualStudio.QualityTools.Tips.UnitTest.Adapter, Version=10.0.0.0, Culture=neutral, PublicKeyToken=b03f5f7f11d50a3a" className="MonackFr.Mvc.Areas.UserManagement.Tests.RoleControllerTest, UserManagement.Tests, Version=1.0.0.0, Culture=neutral, PublicKeyToken=null" name="DeleteTest" />
      <AspNet webSiteUrl="http://mvc/test3" />
    </UnitTest>
    <UnitTest name="UserDetailsTest" storage="d:\code\monackfr\monackfr\monackfr.mvc\monackfr.mvc\areas\usermanagement.tests\bin\debug\usermanagement.tests.dll" id="e08ad432-739d-1b2e-f91a-caa9f450f7cb">
      <Execution id="177228f3-efdb-4297-adfb-0403d687bbc3" />
      <TestMethod codeBase="D:/code/MonackFr/MonackFr/MonackFr.Mvc/MonackFr.Mvc/Areas/UserManagement.Tests/bin/Debug/UserManagement.Tests.DLL" adapterTypeName="Microsoft.VisualStudio.TestTools.TestTypes.Unit.UnitTestAdapter, Microsoft.VisualStudio.QualityTools.Tips.UnitTest.Adapter, Version=10.0.0.0, Culture=neutral, PublicKeyToken=b03f5f7f11d50a3a" className="MonackFr.Mvc.Areas.UserManagement.Tests.UserControllerTest, UserManagement.Tests, Version=1.0.0.0, Culture=neutral, PublicKeyToken=null" name="UserDetailsTest" />
    </UnitTest>
    <UnitTest name="RoleViewCreateTest" storage="d:\code\monackfr\monackfr\monackfr.mvc\monackfr.mvc\areas\usermanagement.tests\bin\debug\usermanagement.tests.dll" id="bf368af5-d12a-81f9-7565-bf4d441723be">
      <Execution id="b29685e9-8ba5-433e-a5fd-1ca3eb423c2f" />
      <TestMethod codeBase="D:/code/MonackFr/MonackFr/MonackFr.Mvc/MonackFr.Mvc/Areas/UserManagement.Tests/bin/Debug/UserManagement.Tests.DLL" adapterTypeName="Microsoft.VisualStudio.TestTools.TestTypes.Unit.UnitTestAdapter, Microsoft.VisualStudio.QualityTools.Tips.UnitTest.Adapter, Version=10.0.0.0, Culture=neutral, PublicKeyToken=b03f5f7f11d50a3a" className="MonackFr.Mvc.Areas.UserManagement.Tests.RoleControllerTest, UserManagement.Tests, Version=1.0.0.0, Culture=neutral, PublicKeyToken=null" name="RoleViewCreateTest" />
    </UnitTest>
    <UnitTest name="UserCreateTest" storage="d:\code\monackfr\monackfr\monackfr.mvc\monackfr.mvc\areas\usermanagement.tests\bin\debug\usermanagement.tests.dll" id="8f8eb222-85c9-f7ac-03ad-ca3aed0f0a41">
      <Execution id="b2f633be-f419-47d0-a80d-de6278f8c272" />
      <TestMethod codeBase="D:/code/MonackFr/MonackFr/MonackFr.Mvc/MonackFr.Mvc/Areas/UserManagement.Tests/bin/Debug/UserManagement.Tests.DLL" adapterTypeName="Microsoft.VisualStudio.TestTools.TestTypes.Unit.UnitTestAdapter, Microsoft.VisualStudio.QualityTools.Tips.UnitTest.Adapter, Version=10.0.0.0, Culture=neutral, PublicKeyToken=b03f5f7f11d50a3a" className="MonackFr.Mvc.Areas.UserManagement.Tests.UserControllerTest, UserManagement.Tests, Version=1.0.0.0, Culture=neutral, PublicKeyToken=null" name="UserCreateTest" />
    </UnitTest>
    <UnitTest name="UserEditTest" storage="d:\code\monackfr\monackfr\monackfr.mvc\monackfr.mvc\areas\usermanagement.tests\bin\debug\usermanagement.tests.dll" id="00267992-6885-a3ac-6132-31d3cbee82bf">
      <Execution id="08378f9d-bc92-4f7d-bdbf-a77db3ea314f" />
      <TestMethod codeBase="D:/code/MonackFr/MonackFr/MonackFr.Mvc/MonackFr.Mvc/Areas/UserManagement.Tests/bin/Debug/UserManagement.Tests.DLL" adapterTypeName="Microsoft.VisualStudio.TestTools.TestTypes.Unit.UnitTestAdapter, Microsoft.VisualStudio.QualityTools.Tips.UnitTest.Adapter, Version=10.0.0.0, Culture=neutral, PublicKeyToken=b03f5f7f11d50a3a" className="MonackFr.Mvc.Areas.UserManagement.Tests.UserControllerTest, UserManagement.Tests, Version=1.0.0.0, Culture=neutral, PublicKeyToken=null" name="UserEditTest" />
    </UnitTest>
    <UnitTest name="RoleViewEditTest" storage="d:\code\monackfr\monackfr\monackfr.mvc\monackfr.mvc\areas\usermanagement.tests\bin\debug\usermanagement.tests.dll" id="17c70e26-185c-03e5-196e-c842b0338bff">
      <Execution id="8ed0e8ee-5026-4e39-97d1-e90664d7075e" />
      <TestMethod codeBase="D:/code/MonackFr/MonackFr/MonackFr.Mvc/MonackFr.Mvc/Areas/UserManagement.Tests/bin/Debug/UserManagement.Tests.DLL" adapterTypeName="Microsoft.VisualStudio.TestTools.TestTypes.Unit.UnitTestAdapter, Microsoft.VisualStudio.QualityTools.Tips.UnitTest.Adapter, Version=10.0.0.0, Culture=neutral, PublicKeyToken=b03f5f7f11d50a3a" className="MonackFr.Mvc.Areas.UserManagement.Tests.RoleControllerTest, UserManagement.Tests, Version=1.0.0.0, Culture=neutral, PublicKeyToken=null" name="RoleViewEditTest" />
    </UnitTest>
    <UnitTest name="UserViewCreateTest" storage="d:\code\monackfr\monackfr\monackfr.mvc\monackfr.mvc\areas\usermanagement.tests\bin\debug\usermanagement.tests.dll" id="ef9fba92-e647-2b8b-0276-4069d00074e7">
      <Execution id="514a0d04-fad5-424b-8860-a1b887db8f8a" />
      <TestMethod codeBase="D:/code/MonackFr/MonackFr/MonackFr.Mvc/MonackFr.Mvc/Areas/UserManagement.Tests/bin/Debug/UserManagement.Tests.DLL" adapterTypeName="Microsoft.VisualStudio.TestTools.TestTypes.Unit.UnitTestAdapter, Microsoft.VisualStudio.QualityTools.Tips.UnitTest.Adapter, Version=10.0.0.0, Culture=neutral, PublicKeyToken=b03f5f7f11d50a3a" className="MonackFr.Mvc.Areas.UserManagement.Tests.UserControllerTest, UserManagement.Tests, Version=1.0.0.0, Culture=neutral, PublicKeyToken=null" name="UserViewCreateTest" />
    </UnitTest>
    <UnitTest name="DetailsTest" storage="d:\code\monackfr\monackfr\monackfr.mvc\monackfr.mvc\areas\usermanagement.tests\bin\debug\usermanagement.tests.dll" id="e3c0688c-2f97-ed5e-7815-34b7bc68f621">
      <Execution id="3679fb0f-1766-4db7-8ca8-25b3aa2d9ee4" />
      <TestMethod codeBase="D:/code/MonackFr/MonackFr/MonackFr.Mvc/MonackFr.Mvc/Areas/UserManagement.Tests/bin/Debug/UserManagement.Tests.DLL" adapterTypeName="Microsoft.VisualStudio.TestTools.TestTypes.Unit.UnitTestAdapter, Microsoft.VisualStudio.QualityTools.Tips.UnitTest.Adapter, Version=10.0.0.0, Culture=neutral, PublicKeyToken=b03f5f7f11d50a3a" className="MonackFr.Mvc.Areas.UserManagement.Tests.RoleControllerTest, UserManagement.Tests, Version=1.0.0.0, Culture=neutral, PublicKeyToken=null" name="DetailsTest" />
      <AspNet webSiteUrl="http://mvc/test3" />
    </UnitTest>
    <UnitTest name="RoleEditTest" storage="d:\code\monackfr\monackfr\monackfr.mvc\monackfr.mvc\areas\usermanagement.tests\bin\debug\usermanagement.tests.dll" id="7c4f1a59-92ba-9aca-9e04-ed2e606f66c7">
      <Execution id="665ab71d-93b7-44cf-981c-524bc3c883f2" />
      <TestMethod codeBase="D:/code/MonackFr/MonackFr/MonackFr.Mvc/MonackFr.Mvc/Areas/UserManagement.Tests/bin/Debug/UserManagement.Tests.DLL" adapterTypeName="Microsoft.VisualStudio.TestTools.TestTypes.Unit.UnitTestAdapter, Microsoft.VisualStudio.QualityTools.Tips.UnitTest.Adapter, Version=10.0.0.0, Culture=neutral, PublicKeyToken=b03f5f7f11d50a3a" className="MonackFr.Mvc.Areas.UserManagement.Tests.RoleControllerTest, UserManagement.Tests, Version=1.0.0.0, Culture=neutral, PublicKeyToken=null" name="RoleEditTest" />
    </UnitTest>
    <UnitTest name="UserViewEditTest" storage="d:\code\monackfr\monackfr\monackfr.mvc\monackfr.mvc\areas\usermanagement.tests\bin\debug\usermanagement.tests.dll" id="e256cfce-9c5e-23cc-40a6-afd755f033ce">
      <Execution id="43b89ccc-e94c-4068-93cd-151f57e0297e" />
      <TestMethod codeBase="D:/code/MonackFr/MonackFr/MonackFr.Mvc/MonackFr.Mvc/Areas/UserManagement.Tests/bin/Debug/UserManagement.Tests.DLL" adapterTypeName="Microsoft.VisualStudio.TestTools.TestTypes.Unit.UnitTestAdapter, Microsoft.VisualStudio.QualityTools.Tips.UnitTest.Adapter, Version=10.0.0.0, Culture=neutral, PublicKeyToken=b03f5f7f11d50a3a" className="MonackFr.Mvc.Areas.UserManagement.Tests.UserControllerTest, UserManagement.Tests, Version=1.0.0.0, Culture=neutral, PublicKeyToken=null" name="UserViewEditTest" />
    </UnitTest>
    <UnitTest name="RoleCreateTest" storage="d:\code\monackfr\monackfr\monackfr.mvc\monackfr.mvc\areas\usermanagement.tests\bin\debug\usermanagement.tests.dll" id="d6d32a9d-7bfb-4b24-077c-6462f35be74d">
      <Execution id="e759fc20-dffc-4ca8-9bd1-b2cef666b8f1" />
      <TestMethod codeBase="D:/code/MonackFr/MonackFr/MonackFr.Mvc/MonackFr.Mvc/Areas/UserManagement.Tests/bin/Debug/UserManagement.Tests.DLL" adapterTypeName="Microsoft.VisualStudio.TestTools.TestTypes.Unit.UnitTestAdapter, Microsoft.VisualStudio.QualityTools.Tips.UnitTest.Adapter, Version=10.0.0.0, Culture=neutral, PublicKeyToken=b03f5f7f11d50a3a" className="MonackFr.Mvc.Areas.UserManagement.Tests.RoleControllerTest, UserManagement.Tests, Version=1.0.0.0, Culture=neutral, PublicKeyToken=null" name="RoleCreateTest" />
    </UnitTest>
    <UnitTest name="UserIndexTest" storage="d:\code\monackfr\monackfr\monackfr.mvc\monackfr.mvc\areas\usermanagement.tests\bin\debug\usermanagement.tests.dll" id="f30632f4-ac48-c657-e69a-c38e1ba5f63d">
      <Execution id="3900d23d-0df3-4220-be1c-8f556801e2e1" />
      <TestMethod codeBase="D:/code/MonackFr/MonackFr/MonackFr.Mvc/MonackFr.Mvc/Areas/UserManagement.Tests/bin/Debug/UserManagement.Tests.DLL" adapterTypeName="Microsoft.VisualStudio.TestTools.TestTypes.Unit.UnitTestAdapter, Microsoft.VisualStudio.QualityTools.Tips.UnitTest.Adapter, Version=10.0.0.0, Culture=neutral, PublicKeyToken=b03f5f7f11d50a3a" className="MonackFr.Mvc.Areas.UserManagement.Tests.UserControllerTest, UserManagement.Tests, Version=1.0.0.0, Culture=neutral, PublicKeyToken=null" name="UserIndexTest" />
    </UnitTest>
    <UnitTest name="UserLoginFailedTest" storage="d:\code\monackfr\monackfr\monackfr.mvc\monackfr.mvc\areas\usermanagement.tests\bin\debug\usermanagement.tests.dll" id="1d60ebd6-5120-558e-6cf5-95bb839e21a3">
      <Execution id="42c73f06-1372-42f3-8fc1-56e1357a913b" />
      <TestMethod codeBase="D:/code/MonackFr/MonackFr/MonackFr.Mvc/MonackFr.Mvc/Areas/UserManagement.Tests/bin/Debug/UserManagement.Tests.DLL" adapterTypeName="Microsoft.VisualStudio.TestTools.TestTypes.Unit.UnitTestAdapter, Microsoft.VisualStudio.QualityTools.Tips.UnitTest.Adapter, Version=10.0.0.0, Culture=neutral, PublicKeyToken=b03f5f7f11d50a3a" className="MonackFr.Mvc.Areas.UserManagement.Tests.UserControllerTest, UserManagement.Tests, Version=1.0.0.0, Culture=neutral, PublicKeyToken=null" name="UserLoginFailedTest" />
    </UnitTest>
  </TestDefinitions>
  <TestLists>
    <TestList name="Results Not in a List" id="8c84fa94-04c1-424b-9868-57a2d4851a1d" />
    <TestList name="All Loaded Results" id="19431567-8539-422a-85d7-44ee4e166bda" />
  </TestLists>
  <TestEntries>
    <TestEntry testId="f30632f4-ac48-c657-e69a-c38e1ba5f63d" executionId="3900d23d-0df3-4220-be1c-8f556801e2e1" testListId="8c84fa94-04c1-424b-9868-57a2d4851a1d" />
    <TestEntry testId="12d02056-2321-0564-00d6-da78e4c7e5f3" executionId="631dbe1e-b6f1-4a5b-b851-77c1875ba63f" testListId="8c84fa94-04c1-424b-9868-57a2d4851a1d" />
    <TestEntry testId="070a1889-8ea7-06cd-2ab2-65373eb035fd" executionId="c2b31c6f-c549-4300-b312-81840f122677" testListId="8c84fa94-04c1-424b-9868-57a2d4851a1d" />
    <TestEntry testId="1d60ebd6-5120-558e-6cf5-95bb839e21a3" executionId="42c73f06-1372-42f3-8fc1-56e1357a913b" testListId="8c84fa94-04c1-424b-9868-57a2d4851a1d" />
    <TestEntry testId="e08ad432-739d-1b2e-f91a-caa9f450f7cb" executionId="177228f3-efdb-4297-adfb-0403d687bbc3" testListId="8c84fa94-04c1-424b-9868-57a2d4851a1d" />
    <TestEntry testId="ef9fba92-e647-2b8b-0276-4069d00074e7" executionId="514a0d04-fad5-424b-8860-a1b887db8f8a" testListId="8c84fa94-04c1-424b-9868-57a2d4851a1d" />
    <TestEntry testId="8f8eb222-85c9-f7ac-03ad-ca3aed0f0a41" executionId="b2f633be-f419-47d0-a80d-de6278f8c272" testListId="8c84fa94-04c1-424b-9868-57a2d4851a1d" />
    <TestEntry testId="e256cfce-9c5e-23cc-40a6-afd755f033ce" executionId="43b89ccc-e94c-4068-93cd-151f57e0297e" testListId="8c84fa94-04c1-424b-9868-57a2d4851a1d" />
    <TestEntry testId="00267992-6885-a3ac-6132-31d3cbee82bf" executionId="08378f9d-bc92-4f7d-bdbf-a77db3ea314f" testListId="8c84fa94-04c1-424b-9868-57a2d4851a1d" />
    <TestEntry testId="8e11e5c2-6ee6-6c7f-ab88-445603b773f0" executionId="cad4e0d8-86ad-40a0-9d5f-5587f5b77526" testListId="8c84fa94-04c1-424b-9868-57a2d4851a1d" />
    <TestEntry testId="f3cb49de-26ac-f68d-93ed-fdf9c818252d" executionId="1732a84a-81e3-4f7a-a512-a689e8bb6540" testListId="8c84fa94-04c1-424b-9868-57a2d4851a1d" />
    <TestEntry testId="e3c0688c-2f97-ed5e-7815-34b7bc68f621" executionId="3679fb0f-1766-4db7-8ca8-25b3aa2d9ee4" testListId="8c84fa94-04c1-424b-9868-57a2d4851a1d" />
    <TestEntry testId="bf368af5-d12a-81f9-7565-bf4d441723be" executionId="b29685e9-8ba5-433e-a5fd-1ca3eb423c2f" testListId="8c84fa94-04c1-424b-9868-57a2d4851a1d" />
    <TestEntry testId="d6d32a9d-7bfb-4b24-077c-6462f35be74d" executionId="e759fc20-dffc-4ca8-9bd1-b2cef666b8f1" testListId="8c84fa94-04c1-424b-9868-57a2d4851a1d" />
    <TestEntry testId="17c70e26-185c-03e5-196e-c842b0338bff" executionId="8ed0e8ee-5026-4e39-97d1-e90664d7075e" testListId="8c84fa94-04c1-424b-9868-57a2d4851a1d" />
    <TestEntry testId="7c4f1a59-92ba-9aca-9e04-ed2e606f66c7" executionId="665ab71d-93b7-44cf-981c-524bc3c883f2" testListId="8c84fa94-04c1-424b-9868-57a2d4851a1d" />
    <TestEntry testId="59df5c91-5b96-158d-5c2f-3fae64b479ff" executionId="a0461ae8-aae3-4d84-9cd4-dbab0e5f6089" testListId="8c84fa94-04c1-424b-9868-57a2d4851a1d" />
  </TestEntries>
  <Results>
    <UnitTestResult executionId="3900d23d-0df3-4220-be1c-8f556801e2e1" testId="f30632f4-ac48-c657-e69a-c38e1ba5f63d" testName="UserIndexTest" computerName="WILLEM-PC" duration="00:00:00.1231912" startTime="2013-02-04T16:29:16.9625099+01:00" endTime="2013-02-04T16:29:18.3925119+01:00" testType="13cdc9d9-ddb5-4fa4-a97d-d965ccfc6d4b" outcome="Passed" testListId="8c84fa94-04c1-424b-9868-57a2d4851a1d" relativeResultsDirectory="3900d23d-0df3-4220-be1c-8f556801e2e1">
    </UnitTestResult>
    <UnitTestResult executionId="631dbe1e-b6f1-4a5b-b851-77c1875ba63f" testId="12d02056-2321-0564-00d6-da78e4c7e5f3" testName="UserViewLoginTest" computerName="WILLEM-PC" duration="00:00:00.2651525" startTime="2013-02-04T16:29:18.4225119+01:00" endTime="2013-02-04T16:29:18.6925123+01:00" testType="13cdc9d9-ddb5-4fa4-a97d-d965ccfc6d4b" outcome="Passed" testListId="8c84fa94-04c1-424b-9868-57a2d4851a1d" relativeResultsDirectory="631dbe1e-b6f1-4a5b-b851-77c1875ba63f">
    </UnitTestResult>
    <UnitTestResult executionId="c2b31c6f-c549-4300-b312-81840f122677" testId="070a1889-8ea7-06cd-2ab2-65373eb035fd" testName="UserLoginTest" computerName="WILLEM-PC" duration="00:00:31.6581644" startTime="2013-02-04T16:29:18.6925123+01:00" endTime="2013-02-04T16:29:50.4725568+01:00" testType="13cdc9d9-ddb5-4fa4-a97d-d965ccfc6d4b" outcome="Failed" testListId="8c84fa94-04c1-424b-9868-57a2d4851a1d" relativeResultsDirectory="c2b31c6f-c549-4300-b312-81840f122677">
      <Output>
        <ErrorInfo>
          <Message>Test method MonackFr.Mvc.Areas.UserManagement.Tests.UserControllerTest.UserLoginTest threw exception: 
System.NullReferenceException: Object reference not set to an instance of an object.</Message>
          <StackTrace>    at MonackFr.Mvc.Areas.UserManagement.Controllers.UserController.Login(LoginUser loginUser, String returnUrl) in D:\code\MonackFr\MonackFr\MonackFr.Mvc\MonackFr.Mvc\Areas\UserManagement\Controllers\UserController.cs:line 75
   at MonackFr.Mvc.Areas.UserManagement.Tests.UserControllerTest.UserLoginTest() in D:\code\MonackFr\MonackFr\MonackFr.Mvc\MonackFr.Mvc\Areas\UserManagement.Tests\UserControllerTest.cs:line 52
</StackTrace>
        </ErrorInfo>
      </Output>
    </UnitTestResult>
    <UnitTestResult executionId="42c73f06-1372-42f3-8fc1-56e1357a913b" testId="1d60ebd6-5120-558e-6cf5-95bb839e21a3" testName="UserLoginFailedTest" computerName="WILLEM-PC" duration="00:00:09.4853018" startTime="2013-02-04T16:29:50.4725568+01:00" endTime="2013-02-04T16:30:00.1125703+01:00" testType="13cdc9d9-ddb5-4fa4-a97d-d965ccfc6d4b" outcome="Failed" testListId="8c84fa94-04c1-424b-9868-57a2d4851a1d" relativeResultsDirectory="42c73f06-1372-42f3-8fc1-56e1357a913b">
      <Output>
        <ErrorInfo>
          <Message>Assert.Fail failed. </Message>
          <StackTrace>   at MonackFr.Mvc.Areas.UserManagement.Tests.UserControllerTest.UserLoginFailedTest() in D:\code\MonackFr\MonackFr\MonackFr.Mvc\MonackFr.Mvc\Areas\UserManagement.Tests\UserControllerTest.cs:line 63
</StackTrace>
        </ErrorInfo>
      </Output>
    </UnitTestResult>
    <UnitTestResult executionId="177228f3-efdb-4297-adfb-0403d687bbc3" testId="e08ad432-739d-1b2e-f91a-caa9f450f7cb" testName="UserDetailsTest" computerName="WILLEM-PC" duration="00:00:00.0065734" startTime="2013-02-04T16:30:00.1225703+01:00" endTime="2013-02-04T16:30:00.1325703+01:00" testType="13cdc9d9-ddb5-4fa4-a97d-d965ccfc6d4b" outcome="Passed" testListId="8c84fa94-04c1-424b-9868-57a2d4851a1d" relativeResultsDirectory="177228f3-efdb-4297-adfb-0403d687bbc3">
    </UnitTestResult>
    <UnitTestResult executionId="514a0d04-fad5-424b-8860-a1b887db8f8a" testId="ef9fba92-e647-2b8b-0276-4069d00074e7" testName="UserViewCreateTest" computerName="WILLEM-PC" duration="00:00:00.0004254" startTime="2013-02-04T16:30:00.1525703+01:00" endTime="2013-02-04T16:30:00.1525703+01:00" testType="13cdc9d9-ddb5-4fa4-a97d-d965ccfc6d4b" outcome="Passed" testListId="8c84fa94-04c1-424b-9868-57a2d4851a1d" relativeResultsDirectory="514a0d04-fad5-424b-8860-a1b887db8f8a">
    </UnitTestResult>
    <UnitTestResult executionId="b2f633be-f419-47d0-a80d-de6278f8c272" testId="8f8eb222-85c9-f7ac-03ad-ca3aed0f0a41" testName="UserCreateTest" computerName="WILLEM-PC" duration="00:00:00.0019176" startTime="2013-02-04T16:30:00.1625704+01:00" endTime="2013-02-04T16:30:00.1725704+01:00" testType="13cdc9d9-ddb5-4fa4-a97d-d965ccfc6d4b" outcome="Passed" testListId="8c84fa94-04c1-424b-9868-57a2d4851a1d" relativeResultsDirectory="b2f633be-f419-47d0-a80d-de6278f8c272">
    </UnitTestResult>
    <UnitTestResult executionId="43b89ccc-e94c-4068-93cd-151f57e0297e" testId="e256cfce-9c5e-23cc-40a6-afd755f033ce" testName="UserViewEditTest" computerName="WILLEM-PC" duration="00:00:00.0021624" startTime="2013-02-04T16:30:00.1825704+01:00" endTime="2013-02-04T16:30:00.1825704+01:00" testType="13cdc9d9-ddb5-4fa4-a97d-d965ccfc6d4b" outcome="Passed" testListId="8c84fa94-04c1-424b-9868-57a2d4851a1d" relativeResultsDirectory="43b89ccc-e94c-4068-93cd-151f57e0297e">
    </UnitTestResult>
    <UnitTestResult executionId="08378f9d-bc92-4f7d-bdbf-a77db3ea314f" testId="00267992-6885-a3ac-6132-31d3cbee82bf" testName="UserEditTest" computerName="WILLEM-PC" duration="00:00:02.0401513" startTime="2013-02-04T16:30:00.1925704+01:00" endTime="2013-02-04T16:30:02.2325733+01:00" testType="13cdc9d9-ddb5-4fa4-a97d-d965ccfc6d4b" outcome="Failed" testListId="8c84fa94-04c1-424b-9868-57a2d4851a1d" relativeResultsDirectory="08378f9d-bc92-4f7d-bdbf-a77db3ea314f">
      <Output>
        <ErrorInfo>
          <Message>Assert.Fail failed. </Message>
          <StackTrace>   at MonackFr.Mvc.Areas.UserManagement.Tests.UserControllerTest.UserEditTest() in D:\code\MonackFr\MonackFr\MonackFr.Mvc\MonackFr.Mvc\Areas\UserManagement.Tests\UserControllerTest.cs:line 139
</StackTrace>
        </ErrorInfo>
      </Output>
    </UnitTestResult>
    <UnitTestResult executionId="cad4e0d8-86ad-40a0-9d5f-5587f5b77526" testId="8e11e5c2-6ee6-6c7f-ab88-445603b773f0" testName="UserDeleteTest" computerName="WILLEM-PC" duration="00:00:00.0038147" startTime="2013-02-04T16:30:02.2525733+01:00" endTime="2013-02-04T16:30:02.2625733+01:00" testType="13cdc9d9-ddb5-4fa4-a97d-d965ccfc6d4b" outcome="Passed" testListId="8c84fa94-04c1-424b-9868-57a2d4851a1d" relativeResultsDirectory="cad4e0d8-86ad-40a0-9d5f-5587f5b77526">
    </UnitTestResult>
    <UnitTestResult executionId="1732a84a-81e3-4f7a-a512-a689e8bb6540" testId="f3cb49de-26ac-f68d-93ed-fdf9c818252d" testName="RoleViewIndexTest" computerName="WILLEM-PC" duration="00:00:00.0019612" startTime="2013-02-04T16:30:02.2625733+01:00" endTime="2013-02-04T16:30:02.2725733+01:00" testType="13cdc9d9-ddb5-4fa4-a97d-d965ccfc6d4b" outcome="Passed" testListId="8c84fa94-04c1-424b-9868-57a2d4851a1d" relativeResultsDirectory="1732a84a-81e3-4f7a-a512-a689e8bb6540">
    </UnitTestResult>
    <UnitTestResult executionId="3679fb0f-1766-4db7-8ca8-25b3aa2d9ee4" testId="e3c0688c-2f97-ed5e-7815-34b7bc68f621" testName="DetailsTest" computerName="WILLEM-PC" startTime="2013-02-04T16:30:02.9025742+01:00" endTime="2013-02-04T16:30:03.1225745+01:00" testType="13cdc9d9-ddb5-4fa4-a97d-d965ccfc6d4b" outcome="Failed" testListId="8c84fa94-04c1-424b-9868-57a2d4851a1d" relativeResultsDirectory="3679fb0f-1766-4db7-8ca8-25b3aa2d9ee4">
      <Output>
        <ErrorInfo>
          <Message>The URL specified ('http://mvc/test3') does not correspond to a valid directory. Tests configured to run in ASP.NET in IIS require a valid directory to exist for the URL. The URL may be invalid or may not point to a valid Web application.</Message>
        </ErrorInfo>
      </Output>
    </UnitTestResult>
    <UnitTestResult executionId="b29685e9-8ba5-433e-a5fd-1ca3eb423c2f" testId="bf368af5-d12a-81f9-7565-bf4d441723be" testName="RoleViewCreateTest" computerName="WILLEM-PC" duration="00:00:00.0003679" startTime="2013-02-04T16:30:03.1425745+01:00" endTime="2013-02-04T16:30:03.1425745+01:00" testType="13cdc9d9-ddb5-4fa4-a97d-d965ccfc6d4b" outcome="Passed" testListId="8c84fa94-04c1-424b-9868-57a2d4851a1d" relativeResultsDirectory="b29685e9-8ba5-433e-a5fd-1ca3eb423c2f">
    </UnitTestResult>
    <UnitTestResult executionId="e759fc20-dffc-4ca8-9bd1-b2cef666b8f1" testId="d6d32a9d-7bfb-4b24-077c-6462f35be74d" testName="RoleCreateTest" computerName="WILLEM-PC" duration="00:00:00.0033221" startTime="2013-02-04T16:30:03.1725746+01:00" endTime="2013-02-04T16:30:03.1825746+01:00" testType="13cdc9d9-ddb5-4fa4-a97d-d965ccfc6d4b" outcome="Passed" testListId="8c84fa94-04c1-424b-9868-57a2d4851a1d" relativeResultsDirectory="e759fc20-dffc-4ca8-9bd1-b2cef666b8f1">
    </UnitTestResult>
    <UnitTestResult executionId="8ed0e8ee-5026-4e39-97d1-e90664d7075e" testId="17c70e26-185c-03e5-196e-c842b0338bff" testName="RoleViewEditTest" computerName="WILLEM-PC" duration="00:00:00.0025606" startTime="2013-02-04T16:30:03.1925746+01:00" endTime="2013-02-04T16:30:03.2025746+01:00" testType="13cdc9d9-ddb5-4fa4-a97d-d965ccfc6d4b" outcome="Passed" testListId="8c84fa94-04c1-424b-9868-57a2d4851a1d" relativeResultsDirectory="8ed0e8ee-5026-4e39-97d1-e90664d7075e">
    </UnitTestResult>
    <UnitTestResult executionId="665ab71d-93b7-44cf-981c-524bc3c883f2" testId="7c4f1a59-92ba-9aca-9e04-ed2e606f66c7" testName="RoleEditTest" computerName="WILLEM-PC" duration="00:00:00.0030316" startTime="2013-02-04T16:30:03.2025746+01:00" endTime="2013-02-04T16:30:03.2125746+01:00" testType="13cdc9d9-ddb5-4fa4-a97d-d965ccfc6d4b" outcome="Passed" testListId="8c84fa94-04c1-424b-9868-57a2d4851a1d" relativeResultsDirectory="665ab71d-93b7-44cf-981c-524bc3c883f2">
    </UnitTestResult>
    <UnitTestResult executionId="a0461ae8-aae3-4d84-9cd4-dbab0e5f6089" testId="59df5c91-5b96-158d-5c2f-3fae64b479ff" testName="DeleteTest" computerName="WILLEM-PC" startTime="2013-02-04T16:30:03.2225746+01:00" endTime="2013-02-04T16:30:03.3025748+01:00" testType="13cdc9d9-ddb5-4fa4-a97d-d965ccfc6d4b" outcome="Failed" testListId="8c84fa94-04c1-424b-9868-57a2d4851a1d" relativeResultsDirectory="a0461ae8-aae3-4d84-9cd4-dbab0e5f6089">
      <Output>
        <ErrorInfo>
          <Message>The URL specified ('http://mvc/test3') does not correspond to a valid directory. Tests configured to run in ASP.NET in IIS require a valid directory to exist for the URL. The URL may be invalid or may not point to a valid Web application.</Message>
        </ErrorInfo>
      </Output>
    </UnitTestResult>
  </Results>
</TestRun>