<?xml version="1.0" encoding="UTF-8"?>
<TestRun id="e8ba8d1b-e8dc-4e81-be94-5a609e394927" name="willem@WILLEM-PC 2013-02-04 14:53:10" runUser="willem-PC\willem" xmlns="http://microsoft.com/schemas/VisualStudio/TeamTest/2010">
  <TestSettings name="Default Test Settings" id="8bd59595-e66f-401d-9293-991849cda61f">
    <Deployment runDeploymentRoot="willem_WILLEM-PC 2013-02-04 14_53_10">
      <DeploymentItem filename="D:\code\MonackFr\MonackFr\MonackFr.Mvc\MonackFr.Mvc\Areas\UserManagement.Tests\bin\Debug\System.Web.Optimization.dll" />
      <DeploymentItem filename="C:\Program Files (x86)\Microsoft ASP.NET\ASP.NET Web Pages\v2.0\Assemblies\System.Web.WebPages.Deployment.dll" />
      <DeploymentItem filename="C:\Program Files (x86)\Microsoft ASP.NET\ASP.NET MVC 4\Assemblies\System.Net.Http.dll" />
      <DeploymentItem filename="C:\Program Files (x86)\Microsoft ASP.NET\ASP.NET MVC 4\Assemblies\System.Web.Http.dll" />
      <DeploymentItem filename="C:\Program Files (x86)\Microsoft ASP.NET\ASP.NET Web Pages\v2.0\Assemblies\System.Web.Helpers.dll" />
      <DeploymentItem filename="D:\code\MonackFr\MonackFr\MonackFr.Mvc\MonackFr.Mvc\Areas\UserManagement.Tests\bin\Debug\WebGrease.dll" />
      <DeploymentItem filename="C:\Program Files (x86)\Microsoft ASP.NET\ASP.NET Web Pages\v2.0\Assemblies\Microsoft.Web.Infrastructure.dll" />
      <DeploymentItem filename="C:\Program Files (x86)\Microsoft ASP.NET\ASP.NET MVC 4\Assemblies\System.Net.Http.Formatting.dll" />
      <DeploymentItem filename="D:\code\MonackFr\MonackFr\MonackFr.Mvc\MonackFr.Mvc\Areas\UserManagement.Tests\bin\Debug\Antlr3.Runtime.dll" />
      <DeploymentItem filename="C:\Program Files (x86)\Microsoft ASP.NET\ASP.NET Web Pages\v2.0\Assemblies\System.Web.Razor.dll" />
      <DeploymentItem filename="D:\code\MonackFr\MonackFr\MonackFr.Library\bin\Debug\MonackFr.dll" />
      <DeploymentItem filename="D:\code\MonackFr\MonackFr\MonackFr.Mvc\MonackFr.Mvc\bin\UserManagement.dll" />
      <DeploymentItem filename="C:\Program Files (x86)\Microsoft ASP.NET\ASP.NET Web Pages\v2.0\Assemblies\System.Web.WebPages.dll" />
      <DeploymentItem filename="D:\code\MonackFr\MonackFr\MonackFr.Mvc\MonackFr.Mvc\Areas\UserManagement.Tests\bin\Debug\EntityFramework.dll" />
      <DeploymentItem filename="C:\Program Files (x86)\Microsoft ASP.NET\ASP.NET Web Pages\v2.0\Assemblies\System.Web.WebPages.Razor.dll" />
      <DeploymentItem filename="C:\Program Files (x86)\Microsoft ASP.NET\ASP.NET MVC 4\Assemblies\System.Web.Mvc.dll" />
      <DeploymentItem filename="D:\code\MonackFr\MonackFr\MonackFr.Mvc\MonackFr.Mvc\bin\System.Web.Providers.dll" />
      <DeploymentItem filename="D:\code\MonackFr\MonackFr\MonackFr.Mvc\MonackFr.Mvc\Areas\UserManagement.Tests\bin\Debug\Newtonsoft.Json.dll" />
      <DeploymentItem filename="C:\Program Files (x86)\Microsoft ASP.NET\ASP.NET MVC 4\Assemblies\System.Web.Http.WebHost.dll" />
      <DeploymentItem filename="D:\code\MonackFr\MonackFr\MonackFr.Mvc\MonackFr.Mvc\bin\MonackFr.Mvc.dll" />
      <DeploymentItem filename="C:\Program Files (x86)\Microsoft ASP.NET\ASP.NET MVC 4\Assemblies\System.Net.Http.WebRequest.dll" />
    </Deployment>
    <Execution>
      <TestTypeSpecific />
      <AgentRule name="Execution Agents">
      </AgentRule>
    </Execution>
  </TestSettings>
  <Times creation="2013-02-04T14:53:10.9685076+01:00" queuing="2013-02-04T14:53:13.3117121+01:00" start="2013-02-04T14:53:13.4677124+01:00" finish="2013-02-04T15:13:05.7586382+01:00" />
  <ResultSummary outcome="Error">
    <Counters total="17" executed="16" passed="11" error="0" failed="4" timeout="0" aborted="1" inconclusive="0" passedButRunAborted="0" notRunnable="0" notExecuted="1" disconnected="0" warning="0" completed="0" inProgress="0" pending="0" />
    <RunInfos>
      <RunInfo computerName="WILLEM-PC" outcome="Warning" timestamp="2013-02-04T14:53:11.9513093+01:00">
        <Text>Warning: conflict during test run deployment: deployment item 'd:\code\monackfr\monackfr\monackfr.mvc\monackfr.mvc\areas\usermanagement.tests\bin\debug\System.Web.Http.dll' directly or indirectly referenced by the test container 'd:\code\monackfr\monackfr\monackfr.mvc\monackfr.mvc\areas\usermanagement.tests\bin\debug\usermanagement.tests.dll' cannot be deployed to 'System.Web.Http.dll' because otherwise the file 'd:\code\monackfr\monackfr\monackfr.mvc\monackfr.mvc\areas\usermanagement.tests\bin\debug\System.Web.Http.dll' would overwrite deployment item 'C:\Program Files (x86)\Microsoft ASP.NET\ASP.NET MVC 4\Assemblies\System.Web.Http.dll' directly or indirectly referenced by D:\code\MonackFr\MonackFr\MonackFr.Mvc\MonackFr.Mvc\Areas\UserManagement.Tests\bin\Debug\UserManagement.Tests.dll.</Text>
      </RunInfo>
      <RunInfo computerName="WILLEM-PC" outcome="Warning" timestamp="2013-02-04T14:53:11.9513093+01:00">
        <Text>Warning: conflict during test run deployment: deployment item 'd:\code\monackfr\monackfr\monackfr.mvc\monackfr.mvc\areas\usermanagement.tests\bin\debug\System.Net.Http.dll' directly or indirectly referenced by the test container 'd:\code\monackfr\monackfr\monackfr.mvc\monackfr.mvc\areas\usermanagement.tests\bin\debug\usermanagement.tests.dll' cannot be deployed to 'System.Net.Http.dll' because otherwise the file 'd:\code\monackfr\monackfr\monackfr.mvc\monackfr.mvc\areas\usermanagement.tests\bin\debug\System.Net.Http.dll' would overwrite deployment item 'C:\Program Files (x86)\Microsoft ASP.NET\ASP.NET MVC 4\Assemblies\System.Net.Http.dll' directly or indirectly referenced by D:\code\MonackFr\MonackFr\MonackFr.Mvc\MonackFr.Mvc\Areas\UserManagement.Tests\bin\Debug\UserManagement.Tests.dll.</Text>
      </RunInfo>
      <RunInfo computerName="WILLEM-PC" outcome="Warning" timestamp="2013-02-04T14:53:11.9513093+01:00">
        <Text>Warning: conflict during test run deployment: deployment item 'd:\code\monackfr\monackfr\monackfr.mvc\monackfr.mvc\areas\usermanagement.tests\bin\debug\System.Net.Http.Formatting.dll' directly or indirectly referenced by the test container 'd:\code\monackfr\monackfr\monackfr.mvc\monackfr.mvc\areas\usermanagement.tests\bin\debug\usermanagement.tests.dll' cannot be deployed to 'System.Net.Http.Formatting.dll' because otherwise the file 'd:\code\monackfr\monackfr\monackfr.mvc\monackfr.mvc\areas\usermanagement.tests\bin\debug\System.Net.Http.Formatting.dll' would overwrite deployment item 'C:\Program Files (x86)\Microsoft ASP.NET\ASP.NET MVC 4\Assemblies\System.Net.Http.Formatting.dll' directly or indirectly referenced by D:\code\MonackFr\MonackFr\MonackFr.Mvc\MonackFr.Mvc\Areas\UserManagement.Tests\bin\Debug\UserManagement.Tests.dll.</Text>
      </RunInfo>
      <RunInfo computerName="WILLEM-PC" outcome="Warning" timestamp="2013-02-04T14:53:11.9513093+01:00">
        <Text>Warning: conflict during test run deployment: deployment item 'd:\code\monackfr\monackfr\monackfr.mvc\monackfr.mvc\areas\usermanagement.tests\bin\debug\System.Web.Http.WebHost.dll' directly or indirectly referenced by the test container 'd:\code\monackfr\monackfr\monackfr.mvc\monackfr.mvc\areas\usermanagement.tests\bin\debug\usermanagement.tests.dll' cannot be deployed to 'System.Web.Http.WebHost.dll' because otherwise the file 'd:\code\monackfr\monackfr\monackfr.mvc\monackfr.mvc\areas\usermanagement.tests\bin\debug\System.Web.Http.WebHost.dll' would overwrite deployment item 'C:\Program Files (x86)\Microsoft ASP.NET\ASP.NET MVC 4\Assemblies\System.Web.Http.WebHost.dll' directly or indirectly referenced by D:\code\MonackFr\MonackFr\MonackFr.Mvc\MonackFr.Mvc\Areas\UserManagement.Tests\bin\Debug\UserManagement.Tests.dll.</Text>
      </RunInfo>
      <RunInfo computerName="WILLEM-PC" outcome="Error" timestamp="2013-02-04T15:13:05.7486381+01:00">
        <Text>Test host process exited unexpectedly.</Text>
      </RunInfo>
    </RunInfos>
  </ResultSummary>
  <TestDefinitions>
    <UnitTest name="UserDeleteTest" storage="d:\code\monackfr\monackfr\monackfr.mvc\monackfr.mvc\areas\usermanagement.tests\bin\debug\usermanagement.tests.dll" id="8e11e5c2-6ee6-6c7f-ab88-445603b773f0">
      <Execution id="03b830a6-1621-4b11-a3f4-22001c5d12a5" />
      <TestMethod codeBase="D:/code/MonackFr/MonackFr/MonackFr.Mvc/MonackFr.Mvc/Areas/UserManagement.Tests/bin/Debug/UserManagement.Tests.DLL" adapterTypeName="Microsoft.VisualStudio.TestTools.TestTypes.Unit.UnitTestAdapter, Microsoft.VisualStudio.QualityTools.Tips.UnitTest.Adapter, Version=10.0.0.0, Culture=neutral, PublicKeyToken=b03f5f7f11d50a3a" className="MonackFr.Mvc.Areas.UserManagement.Tests.UserControllerTest, UserManagement.Tests, Version=1.0.0.0, Culture=neutral, PublicKeyToken=null" name="UserDeleteTest" />
    </UnitTest>
    <UnitTest name="UserLoginTest" storage="d:\code\monackfr\monackfr\monackfr.mvc\monackfr.mvc\areas\usermanagement.tests\bin\debug\usermanagement.tests.dll" id="070a1889-8ea7-06cd-2ab2-65373eb035fd">
      <Execution id="bd8dbe84-fc25-45cf-86dd-c3041c7d8738" />
      <TestMethod codeBase="D:/code/MonackFr/MonackFr/MonackFr.Mvc/MonackFr.Mvc/Areas/UserManagement.Tests/bin/Debug/UserManagement.Tests.DLL" adapterTypeName="Microsoft.VisualStudio.TestTools.TestTypes.Unit.UnitTestAdapter, Microsoft.VisualStudio.QualityTools.Tips.UnitTest.Adapter, Version=10.0.0.0, Culture=neutral, PublicKeyToken=b03f5f7f11d50a3a" className="MonackFr.Mvc.Areas.UserManagement.Tests.UserControllerTest, UserManagement.Tests, Version=1.0.0.0, Culture=neutral, PublicKeyToken=null" name="UserLoginTest" />
    </UnitTest>
    <UnitTest name="RoleViewIndexTest" storage="d:\code\monackfr\monackfr\monackfr.mvc\monackfr.mvc\areas\usermanagement.tests\bin\debug\usermanagement.tests.dll" id="f3cb49de-26ac-f68d-93ed-fdf9c818252d">
      <Execution id="44ab694c-f2b7-4f77-b27c-d7dbf4ec3d4c" />
      <TestMethod codeBase="D:/code/MonackFr/MonackFr/MonackFr.Mvc/MonackFr.Mvc/Areas/UserManagement.Tests/bin/Debug/UserManagement.Tests.DLL" adapterTypeName="Microsoft.VisualStudio.TestTools.TestTypes.Unit.UnitTestAdapter, Microsoft.VisualStudio.QualityTools.Tips.UnitTest.Adapter, Version=10.0.0.0, Culture=neutral, PublicKeyToken=b03f5f7f11d50a3a" className="MonackFr.Mvc.Areas.UserManagement.Tests.RoleControllerTest, UserManagement.Tests, Version=1.0.0.0, Culture=neutral, PublicKeyToken=null" name="RoleViewIndexTest" />
    </UnitTest>
    <UnitTest name="UserViewLoginTest" storage="d:\code\monackfr\monackfr\monackfr.mvc\monackfr.mvc\areas\usermanagement.tests\bin\debug\usermanagement.tests.dll" id="12d02056-2321-0564-00d6-da78e4c7e5f3">
      <Execution id="b2e5e317-035c-40f5-b356-aed8533f003c" />
      <TestMethod codeBase="D:/code/MonackFr/MonackFr/MonackFr.Mvc/MonackFr.Mvc/Areas/UserManagement.Tests/bin/Debug/UserManagement.Tests.DLL" adapterTypeName="Microsoft.VisualStudio.TestTools.TestTypes.Unit.UnitTestAdapter, Microsoft.VisualStudio.QualityTools.Tips.UnitTest.Adapter, Version=10.0.0.0, Culture=neutral, PublicKeyToken=b03f5f7f11d50a3a" className="MonackFr.Mvc.Areas.UserManagement.Tests.UserControllerTest, UserManagement.Tests, Version=1.0.0.0, Culture=neutral, PublicKeyToken=null" name="UserViewLoginTest" />
    </UnitTest>
    <UnitTest name="DeleteTest" storage="d:\code\monackfr\monackfr\monackfr.mvc\monackfr.mvc\areas\usermanagement.tests\bin\debug\usermanagement.tests.dll" id="59df5c91-5b96-158d-5c2f-3fae64b479ff">
      <Execution id="78661cf3-c2fd-42b8-bd82-ab18c71cda91" />
      <TestMethod codeBase="D:/code/MonackFr/MonackFr/MonackFr.Mvc/MonackFr.Mvc/Areas/UserManagement.Tests/bin/Debug/UserManagement.Tests.DLL" adapterTypeName="Microsoft.VisualStudio.TestTools.TestTypes.Unit.UnitTestAdapter, Microsoft.VisualStudio.QualityTools.Tips.UnitTest.Adapter, Version=10.0.0.0, Culture=neutral, PublicKeyToken=b03f5f7f11d50a3a" className="MonackFr.Mvc.Areas.UserManagement.Tests.RoleControllerTest, UserManagement.Tests, Version=1.0.0.0, Culture=neutral, PublicKeyToken=null" name="DeleteTest" />
      <AspNet webSiteUrl="http://mvc/test3" />
    </UnitTest>
    <UnitTest name="UserDetailsTest" storage="d:\code\monackfr\monackfr\monackfr.mvc\monackfr.mvc\areas\usermanagement.tests\bin\debug\usermanagement.tests.dll" id="e08ad432-739d-1b2e-f91a-caa9f450f7cb">
      <Execution id="261c1b5d-928e-409b-b327-fb8e4048d49d" />
      <TestMethod codeBase="D:/code/MonackFr/MonackFr/MonackFr.Mvc/MonackFr.Mvc/Areas/UserManagement.Tests/bin/Debug/UserManagement.Tests.DLL" adapterTypeName="Microsoft.VisualStudio.TestTools.TestTypes.Unit.UnitTestAdapter, Microsoft.VisualStudio.QualityTools.Tips.UnitTest.Adapter, Version=10.0.0.0, Culture=neutral, PublicKeyToken=b03f5f7f11d50a3a" className="MonackFr.Mvc.Areas.UserManagement.Tests.UserControllerTest, UserManagement.Tests, Version=1.0.0.0, Culture=neutral, PublicKeyToken=null" name="UserDetailsTest" />
    </UnitTest>
    <UnitTest name="RoleViewCreateTest" storage="d:\code\monackfr\monackfr\monackfr.mvc\monackfr.mvc\areas\usermanagement.tests\bin\debug\usermanagement.tests.dll" id="bf368af5-d12a-81f9-7565-bf4d441723be">
      <Execution id="f63e6b90-8e50-47ef-a782-cb32becbea2e" />
      <TestMethod codeBase="D:/code/MonackFr/MonackFr/MonackFr.Mvc/MonackFr.Mvc/Areas/UserManagement.Tests/bin/Debug/UserManagement.Tests.DLL" adapterTypeName="Microsoft.VisualStudio.TestTools.TestTypes.Unit.UnitTestAdapter, Microsoft.VisualStudio.QualityTools.Tips.UnitTest.Adapter, Version=10.0.0.0, Culture=neutral, PublicKeyToken=b03f5f7f11d50a3a" className="MonackFr.Mvc.Areas.UserManagement.Tests.RoleControllerTest, UserManagement.Tests, Version=1.0.0.0, Culture=neutral, PublicKeyToken=null" name="RoleViewCreateTest" />
    </UnitTest>
    <UnitTest name="UserCreateTest" storage="d:\code\monackfr\monackfr\monackfr.mvc\monackfr.mvc\areas\usermanagement.tests\bin\debug\usermanagement.tests.dll" id="8f8eb222-85c9-f7ac-03ad-ca3aed0f0a41">
      <Execution id="d02973a4-11ed-464d-bb6f-f69583dbf1db" />
      <TestMethod codeBase="D:/code/MonackFr/MonackFr/MonackFr.Mvc/MonackFr.Mvc/Areas/UserManagement.Tests/bin/Debug/UserManagement.Tests.DLL" adapterTypeName="Microsoft.VisualStudio.TestTools.TestTypes.Unit.UnitTestAdapter, Microsoft.VisualStudio.QualityTools.Tips.UnitTest.Adapter, Version=10.0.0.0, Culture=neutral, PublicKeyToken=b03f5f7f11d50a3a" className="MonackFr.Mvc.Areas.UserManagement.Tests.UserControllerTest, UserManagement.Tests, Version=1.0.0.0, Culture=neutral, PublicKeyToken=null" name="UserCreateTest" />
    </UnitTest>
    <UnitTest name="UserEditTest" storage="d:\code\monackfr\monackfr\monackfr.mvc\monackfr.mvc\areas\usermanagement.tests\bin\debug\usermanagement.tests.dll" id="00267992-6885-a3ac-6132-31d3cbee82bf">
      <Execution id="3dc7401b-8eec-4dd5-8184-a5b9a2f672ac" />
      <TestMethod codeBase="D:/code/MonackFr/MonackFr/MonackFr.Mvc/MonackFr.Mvc/Areas/UserManagement.Tests/bin/Debug/UserManagement.Tests.DLL" adapterTypeName="Microsoft.VisualStudio.TestTools.TestTypes.Unit.UnitTestAdapter, Microsoft.VisualStudio.QualityTools.Tips.UnitTest.Adapter, Version=10.0.0.0, Culture=neutral, PublicKeyToken=b03f5f7f11d50a3a" className="MonackFr.Mvc.Areas.UserManagement.Tests.UserControllerTest, UserManagement.Tests, Version=1.0.0.0, Culture=neutral, PublicKeyToken=null" name="UserEditTest" />
    </UnitTest>
    <UnitTest name="RoleViewEditTest" storage="d:\code\monackfr\monackfr\monackfr.mvc\monackfr.mvc\areas\usermanagement.tests\bin\debug\usermanagement.tests.dll" id="17c70e26-185c-03e5-196e-c842b0338bff">
      <Execution id="cfacf594-3d11-48b1-987a-45d982551f7a" />
      <TestMethod codeBase="D:/code/MonackFr/MonackFr/MonackFr.Mvc/MonackFr.Mvc/Areas/UserManagement.Tests/bin/Debug/UserManagement.Tests.DLL" adapterTypeName="Microsoft.VisualStudio.TestTools.TestTypes.Unit.UnitTestAdapter, Microsoft.VisualStudio.QualityTools.Tips.UnitTest.Adapter, Version=10.0.0.0, Culture=neutral, PublicKeyToken=b03f5f7f11d50a3a" className="MonackFr.Mvc.Areas.UserManagement.Tests.RoleControllerTest, UserManagement.Tests, Version=1.0.0.0, Culture=neutral, PublicKeyToken=null" name="RoleViewEditTest" />
    </UnitTest>
    <UnitTest name="UserViewCreateTest" storage="d:\code\monackfr\monackfr\monackfr.mvc\monackfr.mvc\areas\usermanagement.tests\bin\debug\usermanagement.tests.dll" id="ef9fba92-e647-2b8b-0276-4069d00074e7">
      <Execution id="bebe428a-2fb8-4c40-ac48-059399244c67" />
      <TestMethod codeBase="D:/code/MonackFr/MonackFr/MonackFr.Mvc/MonackFr.Mvc/Areas/UserManagement.Tests/bin/Debug/UserManagement.Tests.DLL" adapterTypeName="Microsoft.VisualStudio.TestTools.TestTypes.Unit.UnitTestAdapter, Microsoft.VisualStudio.QualityTools.Tips.UnitTest.Adapter, Version=10.0.0.0, Culture=neutral, PublicKeyToken=b03f5f7f11d50a3a" className="MonackFr.Mvc.Areas.UserManagement.Tests.UserControllerTest, UserManagement.Tests, Version=1.0.0.0, Culture=neutral, PublicKeyToken=null" name="UserViewCreateTest" />
    </UnitTest>
    <UnitTest name="DetailsTest" storage="d:\code\monackfr\monackfr\monackfr.mvc\monackfr.mvc\areas\usermanagement.tests\bin\debug\usermanagement.tests.dll" id="e3c0688c-2f97-ed5e-7815-34b7bc68f621">
      <Execution id="e365136d-5750-40b0-814b-d6506c596ca1" />
      <TestMethod codeBase="D:/code/MonackFr/MonackFr/MonackFr.Mvc/MonackFr.Mvc/Areas/UserManagement.Tests/bin/Debug/UserManagement.Tests.DLL" adapterTypeName="Microsoft.VisualStudio.TestTools.TestTypes.Unit.UnitTestAdapter, Microsoft.VisualStudio.QualityTools.Tips.UnitTest.Adapter, Version=10.0.0.0, Culture=neutral, PublicKeyToken=b03f5f7f11d50a3a" className="MonackFr.Mvc.Areas.UserManagement.Tests.RoleControllerTest, UserManagement.Tests, Version=1.0.0.0, Culture=neutral, PublicKeyToken=null" name="DetailsTest" />
      <AspNet webSiteUrl="http://mvc/test3" />
    </UnitTest>
    <UnitTest name="RoleEditTest" storage="d:\code\monackfr\monackfr\monackfr.mvc\monackfr.mvc\areas\usermanagement.tests\bin\debug\usermanagement.tests.dll" id="7c4f1a59-92ba-9aca-9e04-ed2e606f66c7">
      <Execution id="da2e1b0f-54ad-48ba-82a1-5d5b55215119" />
      <TestMethod codeBase="D:/code/MonackFr/MonackFr/MonackFr.Mvc/MonackFr.Mvc/Areas/UserManagement.Tests/bin/Debug/UserManagement.Tests.DLL" adapterTypeName="Microsoft.VisualStudio.TestTools.TestTypes.Unit.UnitTestAdapter, Microsoft.VisualStudio.QualityTools.Tips.UnitTest.Adapter, Version=10.0.0.0, Culture=neutral, PublicKeyToken=b03f5f7f11d50a3a" className="MonackFr.Mvc.Areas.UserManagement.Tests.RoleControllerTest, UserManagement.Tests, Version=1.0.0.0, Culture=neutral, PublicKeyToken=null" name="RoleEditTest" />
    </UnitTest>
    <UnitTest name="UserViewEditTest" storage="d:\code\monackfr\monackfr\monackfr.mvc\monackfr.mvc\areas\usermanagement.tests\bin\debug\usermanagement.tests.dll" id="e256cfce-9c5e-23cc-40a6-afd755f033ce">
      <Execution id="1d3698fd-ef32-4029-a124-160c71560df6" />
      <TestMethod codeBase="D:/code/MonackFr/MonackFr/MonackFr.Mvc/MonackFr.Mvc/Areas/UserManagement.Tests/bin/Debug/UserManagement.Tests.DLL" adapterTypeName="Microsoft.VisualStudio.TestTools.TestTypes.Unit.UnitTestAdapter, Microsoft.VisualStudio.QualityTools.Tips.UnitTest.Adapter, Version=10.0.0.0, Culture=neutral, PublicKeyToken=b03f5f7f11d50a3a" className="MonackFr.Mvc.Areas.UserManagement.Tests.UserControllerTest, UserManagement.Tests, Version=1.0.0.0, Culture=neutral, PublicKeyToken=null" name="UserViewEditTest" />
    </UnitTest>
    <UnitTest name="RoleCreateTest" storage="d:\code\monackfr\monackfr\monackfr.mvc\monackfr.mvc\areas\usermanagement.tests\bin\debug\usermanagement.tests.dll" id="d6d32a9d-7bfb-4b24-077c-6462f35be74d">
      <Execution id="d4bd41ee-5fdc-4a8b-8ae2-da3e70375495" />
      <TestMethod codeBase="D:/code/MonackFr/MonackFr/MonackFr.Mvc/MonackFr.Mvc/Areas/UserManagement.Tests/bin/Debug/UserManagement.Tests.DLL" adapterTypeName="Microsoft.VisualStudio.TestTools.TestTypes.Unit.UnitTestAdapter, Microsoft.VisualStudio.QualityTools.Tips.UnitTest.Adapter, Version=10.0.0.0, Culture=neutral, PublicKeyToken=b03f5f7f11d50a3a" className="MonackFr.Mvc.Areas.UserManagement.Tests.RoleControllerTest, UserManagement.Tests, Version=1.0.0.0, Culture=neutral, PublicKeyToken=null" name="RoleCreateTest" />
    </UnitTest>
    <UnitTest name="UserIndexTest" storage="d:\code\monackfr\monackfr\monackfr.mvc\monackfr.mvc\areas\usermanagement.tests\bin\debug\usermanagement.tests.dll" id="f30632f4-ac48-c657-e69a-c38e1ba5f63d">
      <Execution id="9a2b6f98-831f-4f85-9b4f-7b227125dfae" />
      <TestMethod codeBase="D:/code/MonackFr/MonackFr/MonackFr.Mvc/MonackFr.Mvc/Areas/UserManagement.Tests/bin/Debug/UserManagement.Tests.DLL" adapterTypeName="Microsoft.VisualStudio.TestTools.TestTypes.Unit.UnitTestAdapter, Microsoft.VisualStudio.QualityTools.Tips.UnitTest.Adapter, Version=10.0.0.0, Culture=neutral, PublicKeyToken=b03f5f7f11d50a3a" className="MonackFr.Mvc.Areas.UserManagement.Tests.UserControllerTest, UserManagement.Tests, Version=1.0.0.0, Culture=neutral, PublicKeyToken=null" name="UserIndexTest" />
    </UnitTest>
    <UnitTest name="UserLoginFailedTest" storage="d:\code\monackfr\monackfr\monackfr.mvc\monackfr.mvc\areas\usermanagement.tests\bin\debug\usermanagement.tests.dll" id="1d60ebd6-5120-558e-6cf5-95bb839e21a3">
      <Execution id="21dbce57-fd01-48c2-b82f-14acee3c765b" />
      <TestMethod codeBase="D:/code/MonackFr/MonackFr/MonackFr.Mvc/MonackFr.Mvc/Areas/UserManagement.Tests/bin/Debug/UserManagement.Tests.DLL" adapterTypeName="Microsoft.VisualStudio.TestTools.TestTypes.Unit.UnitTestAdapter, Microsoft.VisualStudio.QualityTools.Tips.UnitTest.Adapter, Version=10.0.0.0, Culture=neutral, PublicKeyToken=b03f5f7f11d50a3a" className="MonackFr.Mvc.Areas.UserManagement.Tests.UserControllerTest, UserManagement.Tests, Version=1.0.0.0, Culture=neutral, PublicKeyToken=null" name="UserLoginFailedTest" />
    </UnitTest>
  </TestDefinitions>
  <TestLists>
    <TestList name="Results Not in a List" id="8c84fa94-04c1-424b-9868-57a2d4851a1d" />
    <TestList name="All Loaded Results" id="19431567-8539-422a-85d7-44ee4e166bda" />
  </TestLists>
  <TestEntries>
    <TestEntry testId="f30632f4-ac48-c657-e69a-c38e1ba5f63d" executionId="9a2b6f98-831f-4f85-9b4f-7b227125dfae" testListId="8c84fa94-04c1-424b-9868-57a2d4851a1d" />
    <TestEntry testId="12d02056-2321-0564-00d6-da78e4c7e5f3" executionId="b2e5e317-035c-40f5-b356-aed8533f003c" testListId="8c84fa94-04c1-424b-9868-57a2d4851a1d" />
    <TestEntry testId="070a1889-8ea7-06cd-2ab2-65373eb035fd" executionId="bd8dbe84-fc25-45cf-86dd-c3041c7d8738" testListId="8c84fa94-04c1-424b-9868-57a2d4851a1d" />
    <TestEntry testId="1d60ebd6-5120-558e-6cf5-95bb839e21a3" executionId="21dbce57-fd01-48c2-b82f-14acee3c765b" testListId="8c84fa94-04c1-424b-9868-57a2d4851a1d" />
    <TestEntry testId="e08ad432-739d-1b2e-f91a-caa9f450f7cb" executionId="261c1b5d-928e-409b-b327-fb8e4048d49d" testListId="8c84fa94-04c1-424b-9868-57a2d4851a1d" />
    <TestEntry testId="ef9fba92-e647-2b8b-0276-4069d00074e7" executionId="bebe428a-2fb8-4c40-ac48-059399244c67" testListId="8c84fa94-04c1-424b-9868-57a2d4851a1d" />
    <TestEntry testId="8f8eb222-85c9-f7ac-03ad-ca3aed0f0a41" executionId="d02973a4-11ed-464d-bb6f-f69583dbf1db" testListId="8c84fa94-04c1-424b-9868-57a2d4851a1d" />
    <TestEntry testId="e256cfce-9c5e-23cc-40a6-afd755f033ce" executionId="1d3698fd-ef32-4029-a124-160c71560df6" testListId="8c84fa94-04c1-424b-9868-57a2d4851a1d" />
    <TestEntry testId="00267992-6885-a3ac-6132-31d3cbee82bf" executionId="3dc7401b-8eec-4dd5-8184-a5b9a2f672ac" testListId="8c84fa94-04c1-424b-9868-57a2d4851a1d" />
    <TestEntry testId="8e11e5c2-6ee6-6c7f-ab88-445603b773f0" executionId="03b830a6-1621-4b11-a3f4-22001c5d12a5" testListId="8c84fa94-04c1-424b-9868-57a2d4851a1d" />
    <TestEntry testId="f3cb49de-26ac-f68d-93ed-fdf9c818252d" executionId="44ab694c-f2b7-4f77-b27c-d7dbf4ec3d4c" testListId="8c84fa94-04c1-424b-9868-57a2d4851a1d" />
    <TestEntry testId="e3c0688c-2f97-ed5e-7815-34b7bc68f621" executionId="e365136d-5750-40b0-814b-d6506c596ca1" testListId="8c84fa94-04c1-424b-9868-57a2d4851a1d" />
    <TestEntry testId="bf368af5-d12a-81f9-7565-bf4d441723be" executionId="f63e6b90-8e50-47ef-a782-cb32becbea2e" testListId="8c84fa94-04c1-424b-9868-57a2d4851a1d" />
    <TestEntry testId="d6d32a9d-7bfb-4b24-077c-6462f35be74d" executionId="d4bd41ee-5fdc-4a8b-8ae2-da3e70375495" testListId="8c84fa94-04c1-424b-9868-57a2d4851a1d" />
    <TestEntry testId="17c70e26-185c-03e5-196e-c842b0338bff" executionId="cfacf594-3d11-48b1-987a-45d982551f7a" testListId="8c84fa94-04c1-424b-9868-57a2d4851a1d" />
    <TestEntry testId="7c4f1a59-92ba-9aca-9e04-ed2e606f66c7" executionId="da2e1b0f-54ad-48ba-82a1-5d5b55215119" testListId="8c84fa94-04c1-424b-9868-57a2d4851a1d" />
    <TestEntry testId="59df5c91-5b96-158d-5c2f-3fae64b479ff" executionId="78661cf3-c2fd-42b8-bd82-ab18c71cda91" testListId="8c84fa94-04c1-424b-9868-57a2d4851a1d" />
  </TestEntries>
  <Results>
    <UnitTestResult executionId="9a2b6f98-831f-4f85-9b4f-7b227125dfae" testId="f30632f4-ac48-c657-e69a-c38e1ba5f63d" testName="UserIndexTest" computerName="WILLEM-PC" duration="00:00:00.1243838" startTime="2013-02-04T14:53:13.6633128+01:00" endTime="2013-02-04T14:53:14.8457147+01:00" testType="13cdc9d9-ddb5-4fa4-a97d-d965ccfc6d4b" outcome="Passed" testListId="8c84fa94-04c1-424b-9868-57a2d4851a1d" relativeResultsDirectory="9a2b6f98-831f-4f85-9b4f-7b227125dfae">
    </UnitTestResult>
    <UnitTestResult executionId="b2e5e317-035c-40f5-b356-aed8533f003c" testId="12d02056-2321-0564-00d6-da78e4c7e5f3" testName="UserViewLoginTest" computerName="WILLEM-PC" duration="00:00:00.3236685" startTime="2013-02-04T14:53:14.8613148+01:00" endTime="2013-02-04T14:53:15.1889153+01:00" testType="13cdc9d9-ddb5-4fa4-a97d-d965ccfc6d4b" outcome="Passed" testListId="8c84fa94-04c1-424b-9868-57a2d4851a1d" relativeResultsDirectory="b2e5e317-035c-40f5-b356-aed8533f003c">
    </UnitTestResult>
    <UnitTestResult executionId="bd8dbe84-fc25-45cf-86dd-c3041c7d8738" testId="070a1889-8ea7-06cd-2ab2-65373eb035fd" testName="UserLoginTest" computerName="WILLEM-PC" duration="00:19:40.4975220" startTime="2013-02-04T14:53:15.1889153+01:00" endTime="2013-02-04T15:12:55.7386241+01:00" testType="13cdc9d9-ddb5-4fa4-a97d-d965ccfc6d4b" outcome="Failed" testListId="8c84fa94-04c1-424b-9868-57a2d4851a1d" relativeResultsDirectory="bd8dbe84-fc25-45cf-86dd-c3041c7d8738">
      <Output>
        <ErrorInfo>
          <Message>Assert.Fail failed. </Message>
          <StackTrace>   at MonackFr.Mvc.Areas.UserManagement.Tests.UserControllerTest.UserLoginTest() in D:\code\MonackFr\MonackFr\MonackFr.Mvc\MonackFr.Mvc\Areas\UserManagement.Tests\UserControllerTest.cs:line 47
</StackTrace>
        </ErrorInfo>
      </Output>
    </UnitTestResult>
    <UnitTestResult executionId="21dbce57-fd01-48c2-b82f-14acee3c765b" testId="1d60ebd6-5120-558e-6cf5-95bb839e21a3" testName="UserLoginFailedTest" computerName="WILLEM-PC" duration="00:00:01.5436315" startTime="2013-02-04T15:12:55.7386241+01:00" endTime="2013-02-04T15:12:57.2886263+01:00" testType="13cdc9d9-ddb5-4fa4-a97d-d965ccfc6d4b" outcome="Failed" testListId="8c84fa94-04c1-424b-9868-57a2d4851a1d" relativeResultsDirectory="21dbce57-fd01-48c2-b82f-14acee3c765b">
      <Output>
        <ErrorInfo>
          <Message>Assert.Fail failed. </Message>
          <StackTrace>   at MonackFr.Mvc.Areas.UserManagement.Tests.UserControllerTest.UserLoginFailedTest() in D:\code\MonackFr\MonackFr\MonackFr.Mvc\MonackFr.Mvc\Areas\UserManagement.Tests\UserControllerTest.cs:line 56
</StackTrace>
        </ErrorInfo>
      </Output>
    </UnitTestResult>
    <UnitTestResult executionId="261c1b5d-928e-409b-b327-fb8e4048d49d" testId="e08ad432-739d-1b2e-f91a-caa9f450f7cb" testName="UserDetailsTest" computerName="WILLEM-PC" duration="00:00:00.0075135" startTime="2013-02-04T15:12:57.2986263+01:00" endTime="2013-02-04T15:12:57.3186263+01:00" testType="13cdc9d9-ddb5-4fa4-a97d-d965ccfc6d4b" outcome="Passed" testListId="8c84fa94-04c1-424b-9868-57a2d4851a1d" relativeResultsDirectory="261c1b5d-928e-409b-b327-fb8e4048d49d">
    </UnitTestResult>
    <UnitTestResult executionId="bebe428a-2fb8-4c40-ac48-059399244c67" testId="ef9fba92-e647-2b8b-0276-4069d00074e7" testName="UserViewCreateTest" computerName="WILLEM-PC" duration="00:00:00.0003751" startTime="2013-02-04T15:12:57.3186263+01:00" endTime="2013-02-04T15:12:57.3286264+01:00" testType="13cdc9d9-ddb5-4fa4-a97d-d965ccfc6d4b" outcome="Passed" testListId="8c84fa94-04c1-424b-9868-57a2d4851a1d" relativeResultsDirectory="bebe428a-2fb8-4c40-ac48-059399244c67">
    </UnitTestResult>
    <UnitTestResult executionId="d02973a4-11ed-464d-bb6f-f69583dbf1db" testId="8f8eb222-85c9-f7ac-03ad-ca3aed0f0a41" testName="UserCreateTest" computerName="WILLEM-PC" duration="00:00:03.1911707" startTime="2013-02-04T15:12:57.3286264+01:00" endTime="2013-02-04T15:13:00.5286308+01:00" testType="13cdc9d9-ddb5-4fa4-a97d-d965ccfc6d4b" outcome="Passed" testListId="8c84fa94-04c1-424b-9868-57a2d4851a1d" relativeResultsDirectory="d02973a4-11ed-464d-bb6f-f69583dbf1db">
    </UnitTestResult>
    <UnitTestResult executionId="1d3698fd-ef32-4029-a124-160c71560df6" testId="e256cfce-9c5e-23cc-40a6-afd755f033ce" testName="UserViewEditTest" computerName="WILLEM-PC" duration="00:00:00.0032692" startTime="2013-02-04T15:13:00.5386309+01:00" endTime="2013-02-04T15:13:00.5586309+01:00" testType="13cdc9d9-ddb5-4fa4-a97d-d965ccfc6d4b" outcome="Passed" testListId="8c84fa94-04c1-424b-9868-57a2d4851a1d" relativeResultsDirectory="1d3698fd-ef32-4029-a124-160c71560df6">
    </UnitTestResult>
    <UnitTestResult executionId="3dc7401b-8eec-4dd5-8184-a5b9a2f672ac" testId="00267992-6885-a3ac-6132-31d3cbee82bf" testName="UserEditTest" computerName="WILLEM-PC" duration="00:00:01.1647979" startTime="2013-02-04T15:13:00.5586309+01:00" endTime="2013-02-04T15:13:01.7286325+01:00" testType="13cdc9d9-ddb5-4fa4-a97d-d965ccfc6d4b" outcome="Failed" testListId="8c84fa94-04c1-424b-9868-57a2d4851a1d" relativeResultsDirectory="3dc7401b-8eec-4dd5-8184-a5b9a2f672ac">
      <Output>
        <ErrorInfo>
          <Message>Assert.Fail failed. </Message>
          <StackTrace>   at MonackFr.Mvc.Areas.UserManagement.Tests.UserControllerTest.UserEditTest() in D:\code\MonackFr\MonackFr\MonackFr.Mvc\MonackFr.Mvc\Areas\UserManagement.Tests\UserControllerTest.cs:line 132
</StackTrace>
        </ErrorInfo>
      </Output>
    </UnitTestResult>
    <UnitTestResult executionId="03b830a6-1621-4b11-a3f4-22001c5d12a5" testId="8e11e5c2-6ee6-6c7f-ab88-445603b773f0" testName="UserDeleteTest" computerName="WILLEM-PC" duration="00:00:00.7981593" startTime="2013-02-04T15:13:01.7486325+01:00" endTime="2013-02-04T15:13:02.5586337+01:00" testType="13cdc9d9-ddb5-4fa4-a97d-d965ccfc6d4b" outcome="Passed" testListId="8c84fa94-04c1-424b-9868-57a2d4851a1d" relativeResultsDirectory="03b830a6-1621-4b11-a3f4-22001c5d12a5">
    </UnitTestResult>
    <UnitTestResult executionId="44ab694c-f2b7-4f77-b27c-d7dbf4ec3d4c" testId="f3cb49de-26ac-f68d-93ed-fdf9c818252d" testName="RoleViewIndexTest" computerName="WILLEM-PC" duration="00:00:00.0027951" startTime="2013-02-04T15:13:02.5786337+01:00" endTime="2013-02-04T15:13:02.5886337+01:00" testType="13cdc9d9-ddb5-4fa4-a97d-d965ccfc6d4b" outcome="Passed" testListId="8c84fa94-04c1-424b-9868-57a2d4851a1d" relativeResultsDirectory="44ab694c-f2b7-4f77-b27c-d7dbf4ec3d4c">
    </UnitTestResult>
    <UnitTestResult executionId="e365136d-5750-40b0-814b-d6506c596ca1" testId="e3c0688c-2f97-ed5e-7815-34b7bc68f621" testName="DetailsTest" computerName="WILLEM-PC" startTime="2013-02-04T15:13:02.9886343+01:00" endTime="2013-02-04T15:13:03.1786346+01:00" testType="13cdc9d9-ddb5-4fa4-a97d-d965ccfc6d4b" outcome="Failed" testListId="8c84fa94-04c1-424b-9868-57a2d4851a1d" relativeResultsDirectory="e365136d-5750-40b0-814b-d6506c596ca1">
      <Output>
        <ErrorInfo>
          <Message>The URL specified ('http://mvc/test3') does not correspond to a valid directory. Tests configured to run in ASP.NET in IIS require a valid directory to exist for the URL. The URL may be invalid or may not point to a valid Web application.</Message>
        </ErrorInfo>
      </Output>
    </UnitTestResult>
    <UnitTestResult executionId="f63e6b90-8e50-47ef-a782-cb32becbea2e" testId="bf368af5-d12a-81f9-7565-bf4d441723be" testName="RoleViewCreateTest" computerName="WILLEM-PC" duration="00:00:00.0003643" startTime="2013-02-04T15:13:03.1886346+01:00" endTime="2013-02-04T15:13:03.1886346+01:00" testType="13cdc9d9-ddb5-4fa4-a97d-d965ccfc6d4b" outcome="Passed" testListId="8c84fa94-04c1-424b-9868-57a2d4851a1d" relativeResultsDirectory="f63e6b90-8e50-47ef-a782-cb32becbea2e">
    </UnitTestResult>
    <UnitTestResult executionId="d4bd41ee-5fdc-4a8b-8ae2-da3e70375495" testId="d6d32a9d-7bfb-4b24-077c-6462f35be74d" testName="RoleCreateTest" computerName="WILLEM-PC" duration="00:00:00.0032384" startTime="2013-02-04T15:13:03.1986346+01:00" endTime="2013-02-04T15:13:03.2086346+01:00" testType="13cdc9d9-ddb5-4fa4-a97d-d965ccfc6d4b" outcome="Passed" testListId="8c84fa94-04c1-424b-9868-57a2d4851a1d" relativeResultsDirectory="d4bd41ee-5fdc-4a8b-8ae2-da3e70375495">
    </UnitTestResult>
    <UnitTestResult executionId="cfacf594-3d11-48b1-987a-45d982551f7a" testId="17c70e26-185c-03e5-196e-c842b0338bff" testName="RoleViewEditTest" computerName="WILLEM-PC" duration="00:00:01.1067084" startTime="2013-02-04T15:13:03.2186346+01:00" endTime="2013-02-04T15:13:04.3286362+01:00" testType="13cdc9d9-ddb5-4fa4-a97d-d965ccfc6d4b" outcome="Passed" testListId="8c84fa94-04c1-424b-9868-57a2d4851a1d" relativeResultsDirectory="cfacf594-3d11-48b1-987a-45d982551f7a">
    </UnitTestResult>
    <UnitTestResult executionId="da2e1b0f-54ad-48ba-82a1-5d5b55215119" testId="7c4f1a59-92ba-9aca-9e04-ed2e606f66c7" testName="RoleEditTest" computerName="WILLEM-PC" duration="00:00:01.4100020" startTime="2013-02-04T15:13:04.3486362+01:00" endTime="2013-02-04T15:13:05.7586382+01:00" testType="13cdc9d9-ddb5-4fa4-a97d-d965ccfc6d4b" outcome="Aborted" testListId="8c84fa94-04c1-424b-9868-57a2d4851a1d" relativeResultsDirectory="da2e1b0f-54ad-48ba-82a1-5d5b55215119">
    </UnitTestResult>
    <UnitTestResult executionId="78661cf3-c2fd-42b8-bd82-ab18c71cda91" testId="59df5c91-5b96-158d-5c2f-3fae64b479ff" testName="DeleteTest" computerName="WILLEM-PC" testType="13cdc9d9-ddb5-4fa4-a97d-d965ccfc6d4b" outcome="NotExecuted" testListId="8c84fa94-04c1-424b-9868-57a2d4851a1d" relativeResultsDirectory="78661cf3-c2fd-42b8-bd82-ab18c71cda91">
    </UnitTestResult>
  </Results>
</TestRun>