<?xml version="1.0" encoding="UTF-8"?>
<TestRun id="42aa8089-296b-4c31-8af0-2515dfd0cc1c" name="willem@WILLEM-PC 2013-02-04 16:10:19" runUser="willem-PC\willem" xmlns="http://microsoft.com/schemas/VisualStudio/TeamTest/2010">
  <TestSettings name="Default Test Settings" id="000385ea-0144-46b8-abc6-5af45cea54f7">
    <Deployment runDeploymentRoot="willem_WILLEM-PC 2013-02-04 16_10_19">
      <DeploymentItem filename="D:\code\MonackFr\MonackFr\MonackFr.Mvc\MonackFr.Mvc\Areas\UserManagement.Tests\bin\Debug\System.Web.Optimization.dll" />
      <DeploymentItem filename="C:\Program Files (x86)\Microsoft ASP.NET\ASP.NET Web Pages\v2.0\Assemblies\System.Web.WebPages.Deployment.dll" />
      <DeploymentItem filename="C:\Program Files (x86)\Microsoft ASP.NET\ASP.NET MVC 4\Assemblies\System.Net.Http.dll" />
      <DeploymentItem filename="C:\Program Files (x86)\Microsoft ASP.NET\ASP.NET MVC 4\Assemblies\System.Web.Http.dll" />
      <DeploymentItem filename="C:\Program Files (x86)\Microsoft ASP.NET\ASP.NET Web Pages\v2.0\Assemblies\System.Web.Helpers.dll" />
      <DeploymentItem filename="D:\code\MonackFr\MonackFr\MonackFr.Mvc\MonackFr.Mvc\Areas\UserManagement.Tests\bin\Debug\WebGrease.dll" />
      <DeploymentItem filename="C:\Program Files (x86)\Microsoft ASP.NET\ASP.NET Web Pages\v2.0\Assemblies\Microsoft.Web.Infrastructure.dll" />
      <DeploymentItem filename="C:\Program Files (x86)\Microsoft ASP.NET\ASP.NET MVC 4\Assemblies\System.Net.Http.Formatting.dll" />
      <DeploymentItem filename="D:\code\MonackFr\MonackFr\MonackFr.Mvc\MonackFr.Mvc\Areas\UserManagement.Tests\bin\Debug\Antlr3.Runtime.dll" />
      <DeploymentItem filename="C:\Program Files (x86)\Microsoft ASP.NET\ASP.NET Web Pages\v2.0\Assemblies\System.Web.Razor.dll" />
      <DeploymentItem filename="D:\code\MonackFr\MonackFr\MonackFr.Library\bin\Debug\MonackFr.dll" />
      <DeploymentItem filename="D:\code\MonackFr\MonackFr\MonackFr.Mvc\MonackFr.Mvc\bin\UserManagement.dll" />
      <DeploymentItem filename="C:\Program Files (x86)\Microsoft ASP.NET\ASP.NET Web Pages\v2.0\Assemblies\System.Web.WebPages.dll" />
      <DeploymentItem filename="D:\code\MonackFr\MonackFr\MonackFr.Mvc\MonackFr.Mvc\Areas\UserManagement.Tests\bin\Debug\EntityFramework.dll" />
      <DeploymentItem filename="C:\Program Files (x86)\Microsoft ASP.NET\ASP.NET Web Pages\v2.0\Assemblies\System.Web.WebPages.Razor.dll" />
      <DeploymentItem filename="C:\Program Files (x86)\Microsoft ASP.NET\ASP.NET MVC 4\Assemblies\System.Web.Mvc.dll" />
      <DeploymentItem filename="D:\code\MonackFr\MonackFr\MonackFr.Mvc\MonackFr.Mvc\bin\System.Web.Providers.dll" />
      <DeploymentItem filename="D:\code\MonackFr\MonackFr\MonackFr.Mvc\MonackFr.Mvc\Areas\UserManagement.Tests\bin\Debug\Newtonsoft.Json.dll" />
      <DeploymentItem filename="C:\Program Files (x86)\Microsoft ASP.NET\ASP.NET MVC 4\Assemblies\System.Web.Http.WebHost.dll" />
      <DeploymentItem filename="D:\code\MonackFr\MonackFr\MonackFr.Mvc\MonackFr.Mvc\bin\MonackFr.Mvc.dll" />
      <DeploymentItem filename="C:\Program Files (x86)\Microsoft ASP.NET\ASP.NET MVC 4\Assemblies\System.Net.Http.WebRequest.dll" />
    </Deployment>
    <Execution>
      <TestTypeSpecific />
      <AgentRule name="Execution Agents">
      </AgentRule>
    </Execution>
  </TestSettings>
  <Times creation="2013-02-04T16:10:19.4284948+01:00" queuing="2013-02-04T16:10:20.6284965+01:00" start="2013-02-04T16:10:20.7684967+01:00" finish="2013-02-04T16:11:04.8085584+01:00" />
  <ResultSummary outcome="Error">
    <Counters total="17" executed="3" passed="2" error="0" failed="0" timeout="0" aborted="1" inconclusive="0" passedButRunAborted="0" notRunnable="0" notExecuted="14" disconnected="0" warning="0" completed="0" inProgress="0" pending="0" />
    <RunInfos>
      <RunInfo computerName="WILLEM-PC" outcome="Error" timestamp="2013-02-04T16:11:04.8085584+01:00">
        <Text>Test host process exited unexpectedly.</Text>
      </RunInfo>
    </RunInfos>
  </ResultSummary>
  <TestDefinitions>
    <UnitTest name="UserDeleteTest" storage="d:\code\monackfr\monackfr\monackfr.mvc\monackfr.mvc\areas\usermanagement.tests\bin\debug\usermanagement.tests.dll" id="8e11e5c2-6ee6-6c7f-ab88-445603b773f0">
      <Execution id="11134b02-9c64-45a4-859d-fdd7f6709b33" />
      <TestMethod codeBase="D:/code/MonackFr/MonackFr/MonackFr.Mvc/MonackFr.Mvc/Areas/UserManagement.Tests/bin/Debug/UserManagement.Tests.DLL" adapterTypeName="Microsoft.VisualStudio.TestTools.TestTypes.Unit.UnitTestAdapter, Microsoft.VisualStudio.QualityTools.Tips.UnitTest.Adapter, Version=10.0.0.0, Culture=neutral, PublicKeyToken=b03f5f7f11d50a3a" className="MonackFr.Mvc.Areas.UserManagement.Tests.UserControllerTest, UserManagement.Tests, Version=1.0.0.0, Culture=neutral, PublicKeyToken=null" name="UserDeleteTest" />
    </UnitTest>
    <UnitTest name="UserLoginTest" storage="d:\code\monackfr\monackfr\monackfr.mvc\monackfr.mvc\areas\usermanagement.tests\bin\debug\usermanagement.tests.dll" id="070a1889-8ea7-06cd-2ab2-65373eb035fd">
      <Execution id="66a16f97-bee0-48c6-9a88-b222b684360e" />
      <TestMethod codeBase="D:/code/MonackFr/MonackFr/MonackFr.Mvc/MonackFr.Mvc/Areas/UserManagement.Tests/bin/Debug/UserManagement.Tests.DLL" adapterTypeName="Microsoft.VisualStudio.TestTools.TestTypes.Unit.UnitTestAdapter, Microsoft.VisualStudio.QualityTools.Tips.UnitTest.Adapter, Version=10.0.0.0, Culture=neutral, PublicKeyToken=b03f5f7f11d50a3a" className="MonackFr.Mvc.Areas.UserManagement.Tests.UserControllerTest, UserManagement.Tests, Version=1.0.0.0, Culture=neutral, PublicKeyToken=null" name="UserLoginTest" />
    </UnitTest>
    <UnitTest name="RoleViewIndexTest" storage="d:\code\monackfr\monackfr\monackfr.mvc\monackfr.mvc\areas\usermanagement.tests\bin\debug\usermanagement.tests.dll" id="f3cb49de-26ac-f68d-93ed-fdf9c818252d">
      <Execution id="dfd74920-c96f-4622-b875-5054c11200db" />
      <TestMethod codeBase="D:/code/MonackFr/MonackFr/MonackFr.Mvc/MonackFr.Mvc/Areas/UserManagement.Tests/bin/Debug/UserManagement.Tests.DLL" adapterTypeName="Microsoft.VisualStudio.TestTools.TestTypes.Unit.UnitTestAdapter, Microsoft.VisualStudio.QualityTools.Tips.UnitTest.Adapter, Version=10.0.0.0, Culture=neutral, PublicKeyToken=b03f5f7f11d50a3a" className="MonackFr.Mvc.Areas.UserManagement.Tests.RoleControllerTest, UserManagement.Tests, Version=1.0.0.0, Culture=neutral, PublicKeyToken=null" name="RoleViewIndexTest" />
    </UnitTest>
    <UnitTest name="UserViewLoginTest" storage="d:\code\monackfr\monackfr\monackfr.mvc\monackfr.mvc\areas\usermanagement.tests\bin\debug\usermanagement.tests.dll" id="12d02056-2321-0564-00d6-da78e4c7e5f3">
      <Execution id="afe556d4-7d6d-43d0-a665-ed1cef0303f7" />
      <TestMethod codeBase="D:/code/MonackFr/MonackFr/MonackFr.Mvc/MonackFr.Mvc/Areas/UserManagement.Tests/bin/Debug/UserManagement.Tests.DLL" adapterTypeName="Microsoft.VisualStudio.TestTools.TestTypes.Unit.UnitTestAdapter, Microsoft.VisualStudio.QualityTools.Tips.UnitTest.Adapter, Version=10.0.0.0, Culture=neutral, PublicKeyToken=b03f5f7f11d50a3a" className="MonackFr.Mvc.Areas.UserManagement.Tests.UserControllerTest, UserManagement.Tests, Version=1.0.0.0, Culture=neutral, PublicKeyToken=null" name="UserViewLoginTest" />
    </UnitTest>
    <UnitTest name="DeleteTest" storage="d:\code\monackfr\monackfr\monackfr.mvc\monackfr.mvc\areas\usermanagement.tests\bin\debug\usermanagement.tests.dll" id="59df5c91-5b96-158d-5c2f-3fae64b479ff">
      <Execution id="0f75bbb1-32fd-4c3f-927e-4f44bedae25e" />
      <TestMethod codeBase="D:/code/MonackFr/MonackFr/MonackFr.Mvc/MonackFr.Mvc/Areas/UserManagement.Tests/bin/Debug/UserManagement.Tests.DLL" adapterTypeName="Microsoft.VisualStudio.TestTools.TestTypes.Unit.UnitTestAdapter, Microsoft.VisualStudio.QualityTools.Tips.UnitTest.Adapter, Version=10.0.0.0, Culture=neutral, PublicKeyToken=b03f5f7f11d50a3a" className="MonackFr.Mvc.Areas.UserManagement.Tests.RoleControllerTest, UserManagement.Tests, Version=1.0.0.0, Culture=neutral, PublicKeyToken=null" name="DeleteTest" />
      <AspNet webSiteUrl="http://mvc/test3" />
    </UnitTest>
    <UnitTest name="UserDetailsTest" storage="d:\code\monackfr\monackfr\monackfr.mvc\monackfr.mvc\areas\usermanagement.tests\bin\debug\usermanagement.tests.dll" id="e08ad432-739d-1b2e-f91a-caa9f450f7cb">
      <Execution id="0a66f8c4-0ccb-47bf-9ee7-50c83181a82a" />
      <TestMethod codeBase="D:/code/MonackFr/MonackFr/MonackFr.Mvc/MonackFr.Mvc/Areas/UserManagement.Tests/bin/Debug/UserManagement.Tests.DLL" adapterTypeName="Microsoft.VisualStudio.TestTools.TestTypes.Unit.UnitTestAdapter, Microsoft.VisualStudio.QualityTools.Tips.UnitTest.Adapter, Version=10.0.0.0, Culture=neutral, PublicKeyToken=b03f5f7f11d50a3a" className="MonackFr.Mvc.Areas.UserManagement.Tests.UserControllerTest, UserManagement.Tests, Version=1.0.0.0, Culture=neutral, PublicKeyToken=null" name="UserDetailsTest" />
    </UnitTest>
    <UnitTest name="RoleViewCreateTest" storage="d:\code\monackfr\monackfr\monackfr.mvc\monackfr.mvc\areas\usermanagement.tests\bin\debug\usermanagement.tests.dll" id="bf368af5-d12a-81f9-7565-bf4d441723be">
      <Execution id="c1638114-c86b-49fa-9690-bd92123acef4" />
      <TestMethod codeBase="D:/code/MonackFr/MonackFr/MonackFr.Mvc/MonackFr.Mvc/Areas/UserManagement.Tests/bin/Debug/UserManagement.Tests.DLL" adapterTypeName="Microsoft.VisualStudio.TestTools.TestTypes.Unit.UnitTestAdapter, Microsoft.VisualStudio.QualityTools.Tips.UnitTest.Adapter, Version=10.0.0.0, Culture=neutral, PublicKeyToken=b03f5f7f11d50a3a" className="MonackFr.Mvc.Areas.UserManagement.Tests.RoleControllerTest, UserManagement.Tests, Version=1.0.0.0, Culture=neutral, PublicKeyToken=null" name="RoleViewCreateTest" />
    </UnitTest>
    <UnitTest name="UserCreateTest" storage="d:\code\monackfr\monackfr\monackfr.mvc\monackfr.mvc\areas\usermanagement.tests\bin\debug\usermanagement.tests.dll" id="8f8eb222-85c9-f7ac-03ad-ca3aed0f0a41">
      <Execution id="152737d5-ab78-4510-88dd-59c32b4d5f64" />
      <TestMethod codeBase="D:/code/MonackFr/MonackFr/MonackFr.Mvc/MonackFr.Mvc/Areas/UserManagement.Tests/bin/Debug/UserManagement.Tests.DLL" adapterTypeName="Microsoft.VisualStudio.TestTools.TestTypes.Unit.UnitTestAdapter, Microsoft.VisualStudio.QualityTools.Tips.UnitTest.Adapter, Version=10.0.0.0, Culture=neutral, PublicKeyToken=b03f5f7f11d50a3a" className="MonackFr.Mvc.Areas.UserManagement.Tests.UserControllerTest, UserManagement.Tests, Version=1.0.0.0, Culture=neutral, PublicKeyToken=null" name="UserCreateTest" />
    </UnitTest>
    <UnitTest name="UserEditTest" storage="d:\code\monackfr\monackfr\monackfr.mvc\monackfr.mvc\areas\usermanagement.tests\bin\debug\usermanagement.tests.dll" id="00267992-6885-a3ac-6132-31d3cbee82bf">
      <Execution id="813e7ecd-426d-4076-a694-e6eda0f9701e" />
      <TestMethod codeBase="D:/code/MonackFr/MonackFr/MonackFr.Mvc/MonackFr.Mvc/Areas/UserManagement.Tests/bin/Debug/UserManagement.Tests.DLL" adapterTypeName="Microsoft.VisualStudio.TestTools.TestTypes.Unit.UnitTestAdapter, Microsoft.VisualStudio.QualityTools.Tips.UnitTest.Adapter, Version=10.0.0.0, Culture=neutral, PublicKeyToken=b03f5f7f11d50a3a" className="MonackFr.Mvc.Areas.UserManagement.Tests.UserControllerTest, UserManagement.Tests, Version=1.0.0.0, Culture=neutral, PublicKeyToken=null" name="UserEditTest" />
    </UnitTest>
    <UnitTest name="RoleViewEditTest" storage="d:\code\monackfr\monackfr\monackfr.mvc\monackfr.mvc\areas\usermanagement.tests\bin\debug\usermanagement.tests.dll" id="17c70e26-185c-03e5-196e-c842b0338bff">
      <Execution id="9938f49a-0cde-4760-86ec-0b55d9df17ac" />
      <TestMethod codeBase="D:/code/MonackFr/MonackFr/MonackFr.Mvc/MonackFr.Mvc/Areas/UserManagement.Tests/bin/Debug/UserManagement.Tests.DLL" adapterTypeName="Microsoft.VisualStudio.TestTools.TestTypes.Unit.UnitTestAdapter, Microsoft.VisualStudio.QualityTools.Tips.UnitTest.Adapter, Version=10.0.0.0, Culture=neutral, PublicKeyToken=b03f5f7f11d50a3a" className="MonackFr.Mvc.Areas.UserManagement.Tests.RoleControllerTest, UserManagement.Tests, Version=1.0.0.0, Culture=neutral, PublicKeyToken=null" name="RoleViewEditTest" />
    </UnitTest>
    <UnitTest name="UserViewCreateTest" storage="d:\code\monackfr\monackfr\monackfr.mvc\monackfr.mvc\areas\usermanagement.tests\bin\debug\usermanagement.tests.dll" id="ef9fba92-e647-2b8b-0276-4069d00074e7">
      <Execution id="7f9b529f-674c-4adc-898f-dd6700aab4d1" />
      <TestMethod codeBase="D:/code/MonackFr/MonackFr/MonackFr.Mvc/MonackFr.Mvc/Areas/UserManagement.Tests/bin/Debug/UserManagement.Tests.DLL" adapterTypeName="Microsoft.VisualStudio.TestTools.TestTypes.Unit.UnitTestAdapter, Microsoft.VisualStudio.QualityTools.Tips.UnitTest.Adapter, Version=10.0.0.0, Culture=neutral, PublicKeyToken=b03f5f7f11d50a3a" className="MonackFr.Mvc.Areas.UserManagement.Tests.UserControllerTest, UserManagement.Tests, Version=1.0.0.0, Culture=neutral, PublicKeyToken=null" name="UserViewCreateTest" />
    </UnitTest>
    <UnitTest name="DetailsTest" storage="d:\code\monackfr\monackfr\monackfr.mvc\monackfr.mvc\areas\usermanagement.tests\bin\debug\usermanagement.tests.dll" id="e3c0688c-2f97-ed5e-7815-34b7bc68f621">
      <Execution id="bf24af11-611f-41e9-84bf-1582b0e261d8" />
      <TestMethod codeBase="D:/code/MonackFr/MonackFr/MonackFr.Mvc/MonackFr.Mvc/Areas/UserManagement.Tests/bin/Debug/UserManagement.Tests.DLL" adapterTypeName="Microsoft.VisualStudio.TestTools.TestTypes.Unit.UnitTestAdapter, Microsoft.VisualStudio.QualityTools.Tips.UnitTest.Adapter, Version=10.0.0.0, Culture=neutral, PublicKeyToken=b03f5f7f11d50a3a" className="MonackFr.Mvc.Areas.UserManagement.Tests.RoleControllerTest, UserManagement.Tests, Version=1.0.0.0, Culture=neutral, PublicKeyToken=null" name="DetailsTest" />
      <AspNet webSiteUrl="http://mvc/test3" />
    </UnitTest>
    <UnitTest name="RoleEditTest" storage="d:\code\monackfr\monackfr\monackfr.mvc\monackfr.mvc\areas\usermanagement.tests\bin\debug\usermanagement.tests.dll" id="7c4f1a59-92ba-9aca-9e04-ed2e606f66c7">
      <Execution id="0492c2a4-f404-4b54-a543-7ae935a93eef" />
      <TestMethod codeBase="D:/code/MonackFr/MonackFr/MonackFr.Mvc/MonackFr.Mvc/Areas/UserManagement.Tests/bin/Debug/UserManagement.Tests.DLL" adapterTypeName="Microsoft.VisualStudio.TestTools.TestTypes.Unit.UnitTestAdapter, Microsoft.VisualStudio.QualityTools.Tips.UnitTest.Adapter, Version=10.0.0.0, Culture=neutral, PublicKeyToken=b03f5f7f11d50a3a" className="MonackFr.Mvc.Areas.UserManagement.Tests.RoleControllerTest, UserManagement.Tests, Version=1.0.0.0, Culture=neutral, PublicKeyToken=null" name="RoleEditTest" />
    </UnitTest>
    <UnitTest name="UserViewEditTest" storage="d:\code\monackfr\monackfr\monackfr.mvc\monackfr.mvc\areas\usermanagement.tests\bin\debug\usermanagement.tests.dll" id="e256cfce-9c5e-23cc-40a6-afd755f033ce">
      <Execution id="414fe019-64b2-4826-afca-efc0b8734550" />
      <TestMethod codeBase="D:/code/MonackFr/MonackFr/MonackFr.Mvc/MonackFr.Mvc/Areas/UserManagement.Tests/bin/Debug/UserManagement.Tests.DLL" adapterTypeName="Microsoft.VisualStudio.TestTools.TestTypes.Unit.UnitTestAdapter, Microsoft.VisualStudio.QualityTools.Tips.UnitTest.Adapter, Version=10.0.0.0, Culture=neutral, PublicKeyToken=b03f5f7f11d50a3a" className="MonackFr.Mvc.Areas.UserManagement.Tests.UserControllerTest, UserManagement.Tests, Version=1.0.0.0, Culture=neutral, PublicKeyToken=null" name="UserViewEditTest" />
    </UnitTest>
    <UnitTest name="RoleCreateTest" storage="d:\code\monackfr\monackfr\monackfr.mvc\monackfr.mvc\areas\usermanagement.tests\bin\debug\usermanagement.tests.dll" id="d6d32a9d-7bfb-4b24-077c-6462f35be74d">
      <Execution id="f65c7da2-2d22-4087-88b9-6f3d518570bf" />
      <TestMethod codeBase="D:/code/MonackFr/MonackFr/MonackFr.Mvc/MonackFr.Mvc/Areas/UserManagement.Tests/bin/Debug/UserManagement.Tests.DLL" adapterTypeName="Microsoft.VisualStudio.TestTools.TestTypes.Unit.UnitTestAdapter, Microsoft.VisualStudio.QualityTools.Tips.UnitTest.Adapter, Version=10.0.0.0, Culture=neutral, PublicKeyToken=b03f5f7f11d50a3a" className="MonackFr.Mvc.Areas.UserManagement.Tests.RoleControllerTest, UserManagement.Tests, Version=1.0.0.0, Culture=neutral, PublicKeyToken=null" name="RoleCreateTest" />
    </UnitTest>
    <UnitTest name="UserIndexTest" storage="d:\code\monackfr\monackfr\monackfr.mvc\monackfr.mvc\areas\usermanagement.tests\bin\debug\usermanagement.tests.dll" id="f30632f4-ac48-c657-e69a-c38e1ba5f63d">
      <Execution id="247967d3-d5fb-42e0-bf83-a58eab2cf1e3" />
      <TestMethod codeBase="D:/code/MonackFr/MonackFr/MonackFr.Mvc/MonackFr.Mvc/Areas/UserManagement.Tests/bin/Debug/UserManagement.Tests.DLL" adapterTypeName="Microsoft.VisualStudio.TestTools.TestTypes.Unit.UnitTestAdapter, Microsoft.VisualStudio.QualityTools.Tips.UnitTest.Adapter, Version=10.0.0.0, Culture=neutral, PublicKeyToken=b03f5f7f11d50a3a" className="MonackFr.Mvc.Areas.UserManagement.Tests.UserControllerTest, UserManagement.Tests, Version=1.0.0.0, Culture=neutral, PublicKeyToken=null" name="UserIndexTest" />
    </UnitTest>
    <UnitTest name="UserLoginFailedTest" storage="d:\code\monackfr\monackfr\monackfr.mvc\monackfr.mvc\areas\usermanagement.tests\bin\debug\usermanagement.tests.dll" id="1d60ebd6-5120-558e-6cf5-95bb839e21a3">
      <Execution id="a02491b4-a3e3-4a83-a4d7-d359ba2ee838" />
      <TestMethod codeBase="D:/code/MonackFr/MonackFr/MonackFr.Mvc/MonackFr.Mvc/Areas/UserManagement.Tests/bin/Debug/UserManagement.Tests.DLL" adapterTypeName="Microsoft.VisualStudio.TestTools.TestTypes.Unit.UnitTestAdapter, Microsoft.VisualStudio.QualityTools.Tips.UnitTest.Adapter, Version=10.0.0.0, Culture=neutral, PublicKeyToken=b03f5f7f11d50a3a" className="MonackFr.Mvc.Areas.UserManagement.Tests.UserControllerTest, UserManagement.Tests, Version=1.0.0.0, Culture=neutral, PublicKeyToken=null" name="UserLoginFailedTest" />
    </UnitTest>
  </TestDefinitions>
  <TestLists>
    <TestList name="Results Not in a List" id="8c84fa94-04c1-424b-9868-57a2d4851a1d" />
    <TestList name="All Loaded Results" id="19431567-8539-422a-85d7-44ee4e166bda" />
  </TestLists>
  <TestEntries>
    <TestEntry testId="f30632f4-ac48-c657-e69a-c38e1ba5f63d" executionId="247967d3-d5fb-42e0-bf83-a58eab2cf1e3" testListId="8c84fa94-04c1-424b-9868-57a2d4851a1d" />
    <TestEntry testId="12d02056-2321-0564-00d6-da78e4c7e5f3" executionId="afe556d4-7d6d-43d0-a665-ed1cef0303f7" testListId="8c84fa94-04c1-424b-9868-57a2d4851a1d" />
    <TestEntry testId="070a1889-8ea7-06cd-2ab2-65373eb035fd" executionId="66a16f97-bee0-48c6-9a88-b222b684360e" testListId="8c84fa94-04c1-424b-9868-57a2d4851a1d" />
    <TestEntry testId="1d60ebd6-5120-558e-6cf5-95bb839e21a3" executionId="a02491b4-a3e3-4a83-a4d7-d359ba2ee838" testListId="8c84fa94-04c1-424b-9868-57a2d4851a1d" />
    <TestEntry testId="e08ad432-739d-1b2e-f91a-caa9f450f7cb" executionId="0a66f8c4-0ccb-47bf-9ee7-50c83181a82a" testListId="8c84fa94-04c1-424b-9868-57a2d4851a1d" />
    <TestEntry testId="ef9fba92-e647-2b8b-0276-4069d00074e7" executionId="7f9b529f-674c-4adc-898f-dd6700aab4d1" testListId="8c84fa94-04c1-424b-9868-57a2d4851a1d" />
    <TestEntry testId="8f8eb222-85c9-f7ac-03ad-ca3aed0f0a41" executionId="152737d5-ab78-4510-88dd-59c32b4d5f64" testListId="8c84fa94-04c1-424b-9868-57a2d4851a1d" />
    <TestEntry testId="e256cfce-9c5e-23cc-40a6-afd755f033ce" executionId="414fe019-64b2-4826-afca-efc0b8734550" testListId="8c84fa94-04c1-424b-9868-57a2d4851a1d" />
    <TestEntry testId="00267992-6885-a3ac-6132-31d3cbee82bf" executionId="813e7ecd-426d-4076-a694-e6eda0f9701e" testListId="8c84fa94-04c1-424b-9868-57a2d4851a1d" />
    <TestEntry testId="8e11e5c2-6ee6-6c7f-ab88-445603b773f0" executionId="11134b02-9c64-45a4-859d-fdd7f6709b33" testListId="8c84fa94-04c1-424b-9868-57a2d4851a1d" />
    <TestEntry testId="f3cb49de-26ac-f68d-93ed-fdf9c818252d" executionId="dfd74920-c96f-4622-b875-5054c11200db" testListId="8c84fa94-04c1-424b-9868-57a2d4851a1d" />
    <TestEntry testId="e3c0688c-2f97-ed5e-7815-34b7bc68f621" executionId="bf24af11-611f-41e9-84bf-1582b0e261d8" testListId="8c84fa94-04c1-424b-9868-57a2d4851a1d" />
    <TestEntry testId="bf368af5-d12a-81f9-7565-bf4d441723be" executionId="c1638114-c86b-49fa-9690-bd92123acef4" testListId="8c84fa94-04c1-424b-9868-57a2d4851a1d" />
    <TestEntry testId="d6d32a9d-7bfb-4b24-077c-6462f35be74d" executionId="f65c7da2-2d22-4087-88b9-6f3d518570bf" testListId="8c84fa94-04c1-424b-9868-57a2d4851a1d" />
    <TestEntry testId="17c70e26-185c-03e5-196e-c842b0338bff" executionId="9938f49a-0cde-4760-86ec-0b55d9df17ac" testListId="8c84fa94-04c1-424b-9868-57a2d4851a1d" />
    <TestEntry testId="7c4f1a59-92ba-9aca-9e04-ed2e606f66c7" executionId="0492c2a4-f404-4b54-a543-7ae935a93eef" testListId="8c84fa94-04c1-424b-9868-57a2d4851a1d" />
    <TestEntry testId="59df5c91-5b96-158d-5c2f-3fae64b479ff" executionId="0f75bbb1-32fd-4c3f-927e-4f44bedae25e" testListId="8c84fa94-04c1-424b-9868-57a2d4851a1d" />
  </TestEntries>
  <Results>
    <UnitTestResult executionId="247967d3-d5fb-42e0-bf83-a58eab2cf1e3" testId="f30632f4-ac48-c657-e69a-c38e1ba5f63d" testName="UserIndexTest" computerName="WILLEM-PC" duration="00:00:00.1694347" startTime="2013-02-04T16:10:20.9284969+01:00" endTime="2013-02-04T16:10:22.0684985+01:00" testType="13cdc9d9-ddb5-4fa4-a97d-d965ccfc6d4b" outcome="Passed" testListId="8c84fa94-04c1-424b-9868-57a2d4851a1d" relativeResultsDirectory="247967d3-d5fb-42e0-bf83-a58eab2cf1e3">
    </UnitTestResult>
    <UnitTestResult executionId="afe556d4-7d6d-43d0-a665-ed1cef0303f7" testId="12d02056-2321-0564-00d6-da78e4c7e5f3" testName="UserViewLoginTest" computerName="WILLEM-PC" duration="00:00:00.3386026" startTime="2013-02-04T16:10:22.0784985+01:00" endTime="2013-02-04T16:10:22.4184990+01:00" testType="13cdc9d9-ddb5-4fa4-a97d-d965ccfc6d4b" outcome="Passed" testListId="8c84fa94-04c1-424b-9868-57a2d4851a1d" relativeResultsDirectory="afe556d4-7d6d-43d0-a665-ed1cef0303f7">
    </UnitTestResult>
    <UnitTestResult executionId="66a16f97-bee0-48c6-9a88-b222b684360e" testId="070a1889-8ea7-06cd-2ab2-65373eb035fd" testName="UserLoginTest" computerName="WILLEM-PC" duration="00:00:42.3800594" startTime="2013-02-04T16:10:22.4284990+01:00" endTime="2013-02-04T16:11:04.8085584+01:00" testType="13cdc9d9-ddb5-4fa4-a97d-d965ccfc6d4b" outcome="Aborted" testListId="8c84fa94-04c1-424b-9868-57a2d4851a1d" relativeResultsDirectory="66a16f97-bee0-48c6-9a88-b222b684360e">
    </UnitTestResult>
    <UnitTestResult executionId="a02491b4-a3e3-4a83-a4d7-d359ba2ee838" testId="1d60ebd6-5120-558e-6cf5-95bb839e21a3" testName="UserLoginFailedTest" computerName="WILLEM-PC" testType="13cdc9d9-ddb5-4fa4-a97d-d965ccfc6d4b" outcome="NotExecuted" testListId="8c84fa94-04c1-424b-9868-57a2d4851a1d" relativeResultsDirectory="a02491b4-a3e3-4a83-a4d7-d359ba2ee838">
    </UnitTestResult>
    <UnitTestResult executionId="0a66f8c4-0ccb-47bf-9ee7-50c83181a82a" testId="e08ad432-739d-1b2e-f91a-caa9f450f7cb" testName="UserDetailsTest" computerName="WILLEM-PC" testType="13cdc9d9-ddb5-4fa4-a97d-d965ccfc6d4b" outcome="NotExecuted" testListId="8c84fa94-04c1-424b-9868-57a2d4851a1d" relativeResultsDirectory="0a66f8c4-0ccb-47bf-9ee7-50c83181a82a">
    </UnitTestResult>
    <UnitTestResult executionId="7f9b529f-674c-4adc-898f-dd6700aab4d1" testId="ef9fba92-e647-2b8b-0276-4069d00074e7" testName="UserViewCreateTest" computerName="WILLEM-PC" testType="13cdc9d9-ddb5-4fa4-a97d-d965ccfc6d4b" outcome="NotExecuted" testListId="8c84fa94-04c1-424b-9868-57a2d4851a1d" relativeResultsDirectory="7f9b529f-674c-4adc-898f-dd6700aab4d1">
    </UnitTestResult>
    <UnitTestResult executionId="152737d5-ab78-4510-88dd-59c32b4d5f64" testId="8f8eb222-85c9-f7ac-03ad-ca3aed0f0a41" testName="UserCreateTest" computerName="WILLEM-PC" testType="13cdc9d9-ddb5-4fa4-a97d-d965ccfc6d4b" outcome="NotExecuted" testListId="8c84fa94-04c1-424b-9868-57a2d4851a1d" relativeResultsDirectory="152737d5-ab78-4510-88dd-59c32b4d5f64">
    </UnitTestResult>
    <UnitTestResult executionId="414fe019-64b2-4826-afca-efc0b8734550" testId="e256cfce-9c5e-23cc-40a6-afd755f033ce" testName="UserViewEditTest" computerName="WILLEM-PC" testType="13cdc9d9-ddb5-4fa4-a97d-d965ccfc6d4b" outcome="NotExecuted" testListId="8c84fa94-04c1-424b-9868-57a2d4851a1d" relativeResultsDirectory="414fe019-64b2-4826-afca-efc0b8734550">
    </UnitTestResult>
    <UnitTestResult executionId="813e7ecd-426d-4076-a694-e6eda0f9701e" testId="00267992-6885-a3ac-6132-31d3cbee82bf" testName="UserEditTest" computerName="WILLEM-PC" testType="13cdc9d9-ddb5-4fa4-a97d-d965ccfc6d4b" outcome="NotExecuted" testListId="8c84fa94-04c1-424b-9868-57a2d4851a1d" relativeResultsDirectory="813e7ecd-426d-4076-a694-e6eda0f9701e">
    </UnitTestResult>
    <UnitTestResult executionId="11134b02-9c64-45a4-859d-fdd7f6709b33" testId="8e11e5c2-6ee6-6c7f-ab88-445603b773f0" testName="UserDeleteTest" computerName="WILLEM-PC" testType="13cdc9d9-ddb5-4fa4-a97d-d965ccfc6d4b" outcome="NotExecuted" testListId="8c84fa94-04c1-424b-9868-57a2d4851a1d" relativeResultsDirectory="11134b02-9c64-45a4-859d-fdd7f6709b33">
    </UnitTestResult>
    <UnitTestResult executionId="dfd74920-c96f-4622-b875-5054c11200db" testId="f3cb49de-26ac-f68d-93ed-fdf9c818252d" testName="RoleViewIndexTest" computerName="WILLEM-PC" testType="13cdc9d9-ddb5-4fa4-a97d-d965ccfc6d4b" outcome="NotExecuted" testListId="8c84fa94-04c1-424b-9868-57a2d4851a1d" relativeResultsDirectory="dfd74920-c96f-4622-b875-5054c11200db">
    </UnitTestResult>
    <UnitTestResult executionId="bf24af11-611f-41e9-84bf-1582b0e261d8" testId="e3c0688c-2f97-ed5e-7815-34b7bc68f621" testName="DetailsTest" computerName="WILLEM-PC" testType="13cdc9d9-ddb5-4fa4-a97d-d965ccfc6d4b" outcome="NotExecuted" testListId="8c84fa94-04c1-424b-9868-57a2d4851a1d" relativeResultsDirectory="bf24af11-611f-41e9-84bf-1582b0e261d8">
    </UnitTestResult>
    <UnitTestResult executionId="c1638114-c86b-49fa-9690-bd92123acef4" testId="bf368af5-d12a-81f9-7565-bf4d441723be" testName="RoleViewCreateTest" computerName="WILLEM-PC" testType="13cdc9d9-ddb5-4fa4-a97d-d965ccfc6d4b" outcome="NotExecuted" testListId="8c84fa94-04c1-424b-9868-57a2d4851a1d" relativeResultsDirectory="c1638114-c86b-49fa-9690-bd92123acef4">
    </UnitTestResult>
    <UnitTestResult executionId="f65c7da2-2d22-4087-88b9-6f3d518570bf" testId="d6d32a9d-7bfb-4b24-077c-6462f35be74d" testName="RoleCreateTest" computerName="WILLEM-PC" testType="13cdc9d9-ddb5-4fa4-a97d-d965ccfc6d4b" outcome="NotExecuted" testListId="8c84fa94-04c1-424b-9868-57a2d4851a1d" relativeResultsDirectory="f65c7da2-2d22-4087-88b9-6f3d518570bf">
    </UnitTestResult>
    <UnitTestResult executionId="9938f49a-0cde-4760-86ec-0b55d9df17ac" testId="17c70e26-185c-03e5-196e-c842b0338bff" testName="RoleViewEditTest" computerName="WILLEM-PC" testType="13cdc9d9-ddb5-4fa4-a97d-d965ccfc6d4b" outcome="NotExecuted" testListId="8c84fa94-04c1-424b-9868-57a2d4851a1d" relativeResultsDirectory="9938f49a-0cde-4760-86ec-0b55d9df17ac">
    </UnitTestResult>
    <UnitTestResult executionId="0492c2a4-f404-4b54-a543-7ae935a93eef" testId="7c4f1a59-92ba-9aca-9e04-ed2e606f66c7" testName="RoleEditTest" computerName="WILLEM-PC" testType="13cdc9d9-ddb5-4fa4-a97d-d965ccfc6d4b" outcome="NotExecuted" testListId="8c84fa94-04c1-424b-9868-57a2d4851a1d" relativeResultsDirectory="0492c2a4-f404-4b54-a543-7ae935a93eef">
    </UnitTestResult>
    <UnitTestResult executionId="0f75bbb1-32fd-4c3f-927e-4f44bedae25e" testId="59df5c91-5b96-158d-5c2f-3fae64b479ff" testName="DeleteTest" computerName="WILLEM-PC" testType="13cdc9d9-ddb5-4fa4-a97d-d965ccfc6d4b" outcome="NotExecuted" testListId="8c84fa94-04c1-424b-9868-57a2d4851a1d" relativeResultsDirectory="0f75bbb1-32fd-4c3f-927e-4f44bedae25e">
    </UnitTestResult>
  </Results>
</TestRun>